 Looking for Control file : ctr1.gcmc
Welcome to MuSiC (GCMC implementation)
Reading from control file ctr1.gcmc
 Initializing General Parameters
------------------------------------------------------------
The ATOMS structure:
  No. of atom types:     4
    Atom Name           : Methane
    Atom Symbol         : CH
    Atom File           : Methane.atm
    Atom Mass           :    16.00
    sscharge, szcharge  :   0.0000  0.0000
    Required # of bonds :   0
    Ion Type            : NONE 
 
    Atom Name           : Nitrogen
    Atom Symbol         : N2
    Atom File           : Nitrogen.atm
    Atom Mass           :    14.00
    sscharge, szcharge  :   0.0000  0.0000
    Required # of bonds :   0
    Ion Type            : NONE 
 
    Atom Name           : Oxygen
    Atom Symbol         : O
    Atom File           : Oxygen.atm
    Atom Mass           :    16.00
    sscharge, szcharge  :  -1.0000 -1.0000
    Required # of bonds :   2
    Ion Type            : NONE 
 
    Atom Name           : Silicon
    Atom Symbol         : S
    Atom File           : Silicon.atm
    Atom Mass           :    28.09
    sscharge, szcharge  :   0.0000  0.0000
    Required # of bonds :   0
    Ion Type            : NONE 
------------------------------------------------------------
    Reading molecule information for Methane from: /home/hermes/music4/sim7/molecules/Methane.mol
 molecule.F90 : 1097
  Molecule will be rotated so that the principle axes 
   will coincide with coordinate system axes
    Reading molecule information for N2 from: /home/hermes/music4/sim7/molecules/N2.mol
 molecule.F90 : 1097
  Molecule will be rotated so that the principle axes 
   will coincide with coordinate system axes
 Generating Connections for N2                                              
    Reading molecule information for sili from: /home/hermes/music4/sim7/molecules/sili.mol
 molecule.F90 : 1097
  Molecule will be rotated so that the principle axes 
   will coincide with coordinate system axes
------------------------------------------------------------
The MOLECULES structure:
  No. of molecule types:     3
------------------------------------------------------------
  Molecule Name       : Methane
  Molecule Mass       : 16.00
  Molecule File       : Methane.mol
  Degrees of freedom  : 3
  DOF origin          : 3N_Calculation
  body axes atom nos  :    0   0   0
  Number of atoms     : 1
  Net Charge          : 0.0
  Dipole Moment(debye): 0.000000000
  Translation xform   : 0.00000   0.00000   0.00000
  Rotational xform    : 
    1.00000   0.00000   0.00000
    0.00000   1.00000   0.00000
    0.00000   0.00000   1.00000
      Atom Name           : Methane
      Atom Type           :    1
      Atom Position       :   0.0000  0.0000  0.0000
      Equilibrium charge  :   0.0000
      MD Set, type        :    0   0
  Connection Information : 
    No connectivity information for Methane
------------------------------------------------------------
  Molecule Name       : N2
  Molecule Mass       : 28.00
  Molecule File       : N2.mol
  Degrees of freedom  : 5
  DOF origin          : Molecule_File
  body axes atom nos  :    0   0   0
  Number of atoms     : 2
  Net Charge          : 0.0
  Dipole Moment(debye): 0.000000000
  Translation xform   : 0.00000   0.00000   0.00000
  Rotational xform    : 
    1.00000   0.00000   0.00000
    0.00000   1.00000   0.00000
    0.00000   0.00000   1.00000
      Atom Name           : Nitrogen
      Atom Type           :    2
      Atom Position       :   0.0000  0.0000  0.0000
      Equilibrium charge  :   0.0000
      MD Set, type        :    0   0
      Atom Name           : Nitrogen
      Atom Type           :    2
      Atom Position       :   1.0980  0.0000  0.0000
      Equilibrium charge  :   0.0000
      MD Set, type        :    0   0
  Connection Information : 
    Connection Information for N2                                              
    Atom     1: No connections
    Atom     2: No connections
------------------------------------------------------------
  Molecule Name       : sili
  Molecule Mass       : 5768.2
  Molecule File       : sili.mol
  Degrees of freedom  : 864
  DOF origin          : 3N_Calculation
  Number of atoms     : 288
  Net Charge          : 0.0
  Dipole Moment(debye): 0.9E-11
  Translation xform   : 0.00000   0.00000   0.00000
  Rotational xform    : 
    1.00000   0.00000   0.00000
    0.00000   1.00000   0.00000
    0.00000   0.00000   1.00000
  Atom list omitted (natoms > 10)
  Connection Information : 
    No connectivity information for sili
------------------------------------------------------------
      The SIMCELL structure:
      nx, ny, nz            :    2   2   3
      ncells                :   12
      ORTHORHOMBIC
      edge lengths (Ang)    :    40.1400   39.8400   40.2600
      cell angles (degrees) :    90.0000   90.0000   90.0000
      origin shift (Ang)    : 0.0000   0.0000   0.0000
      cell vector a         : 40.1400   0.0000   0.0000
      cell vector b         : -0.0000  39.8400   0.0000
      cell vector c         : -0.0000  -0.0000  40.2600
      box width in (a,b,c)  :    40.1400   39.8400   40.2600
      minimum width (Ang)   :    39.8400
      volume (Angstroms^3)  : 64382.89
------------------------------------------------------------
Configuration Section 
No. of species :      3
  ----------------------------------------------------------
  Species name : Methane                                         
    No. of molecules :      0
    No. of atoms     :    1
    Initial Config. Source : GCMC
    Source Filename: NULL
    ----------------------------------------------------------
  Species name : N2                                              
    No. of molecules :      0
    No. of atoms     :    2
    Initial Config. Source : GCMC
    Source Filename: NULL
    ----------------------------------------------------------
  Species name : sili                                            
    No. of molecules :      1
    No. of atoms     : 3456
    Initial Config. Source : FIXED
    Source Filename: NULL
    ----------------------------------------------------------
Initializing intra molecular info from molecule file: /home/hermes/music4/sim7/molecules/Methane.mol
 intramolecular.F90 :  197
 intra filename passed isintramolecular_file                             xx
 intramolecular.F90 :  203
Initialized all intramolecular stuff for Methane
Initializing intra molecular info from molecule file: /home/hermes/music4/sim7/molecules/N2.mol
 intramolecular.F90 :  197
 intra filename passed isintramolecular_file                             xx
 intramolecular.F90 :  203
Initialized all intramolecular stuff for N2
Initializing intra molecular info from molecule file: /home/hermes/music4/sim7/molecules/sili.mol
 intramolecular.F90 :  197
 intra filename passed isintramolecular_file                             xx
 intramolecular.F90 :  203
Initialized all intramolecular stuff for sili
 Finished Initializing Intramolecular interactions
 Initializing Species-Species interactions....
 Finished Initializing Species-Species interactions.
 Finished Initializing Ff interactions.
 Calling ff_initCal
 Call to ff_initCalc successful 
  ------------------------------------------------------------
  The "BASIC" FF information:
  ------------------------------------------------------------
  NON-COULOMBIC SPECIES-SPECIES pair parameters:
  Information taken from: sorb_sorb_file
    ------------------------------------------------------------
    (1,1)  Methane, Methane:          BASIC
      Input Line: NCOUL  BASIC  LJ  FAST  
      Fast interaction?    T
      COM-based cut-off?   F
      COM-COM smoothing?   F
      Atom-Atom PAIR PARAMETERS:
        Information taken from: atom_atom_file
      Overview by atomic pairs:
      (1,1)  Methane, Methane:          LJ
          Methane-Methane LJ parameters from SIGEPS
            Sigma: 3.7300 Ang   Epsilon/k_Boltz: 148.00 K
            A: 0.85E+07 kcal A^12/mol   B: 3168.057 kcal A^6/mol
            high cutoff: 12.00 Ang   low cutoff: 0.001 Ang
    ------------------------------------------------------------
    (1,2)  Methane, N2:               BASIC
      Input Line: NCOUL  BASIC  LJ  FAST  
      Fast interaction?    T
      COM-based cut-off?   F
      COM-COM smoothing?   F
      Atom-Atom PAIR PARAMETERS:
        Information taken from: atom_atom_file
      Overview by atomic pairs:
      (1,1)  Methane, Methane:        OFF
      (1,2)  Methane, Nitrogen:         LJ
          Methane-Nitrogen LJ parameters from SIGEPS
            Sigma: 3.5200 Ang   Epsilon/k_Boltz: 75.960 K
            A: 0.22E+07 kcal A^12/mol   B: 1148.469 kcal A^6/mol
            high cutoff: 12.00 Ang   low cutoff: 0.001 Ang
      (2,2)  Nitrogen, Nitrogen:      OFF
    ------------------------------------------------------------
    (1,3)  Methane, sili:             BASIC
      Input Line: NCOUL  BASIC  LJ  FAST  
      Fast interaction?    T
      COM-based cut-off?   F
      COM-COM smoothing?   F
      Atom-Atom PAIR PARAMETERS:
        Information taken from: atom_atom_file
      Overview by atomic pairs:
      (1,1)  Methane, Methane:        OFF
      (1,3)  Methane, Oxygen:           LJ
          Methane-Oxygen LJ parameters from SIGEPS
            Sigma: 3.6000 Ang   Epsilon/k_Boltz: 96.500 K
            A: 0.36E+07 kcal A^12/mol   B: 1669.632 kcal A^6/mol
            high cutoff: 12.00 Ang   low cutoff: 0.001 Ang
      (1,4)  Methane, Silicon:          LJ
          Methane-Silicon LJ parameters from SIGEPS
            Sigma: 1.0000 Ang   Epsilon/k_Boltz: 0.000 K
            A: 0.00000 kcal A^12/mol   B: 0.00000 kcal A^6/mol
            high cutoff: 12.00 Ang   low cutoff: 0.001 Ang
      (3,3)  Oxygen, Oxygen:          OFF
      (3,4)  Oxygen, Silicon:         OFF
      (4,4)  Silicon, Silicon:        OFF
    ------------------------------------------------------------
    (2,2)  N2, N2:                    BASIC
      Input Line: NCOUL  BASIC  LJ  FAST  
      Fast interaction?    T
      COM-based cut-off?   F
      COM-COM smoothing?   F
      Atom-Atom PAIR PARAMETERS:
        Information taken from: atom_atom_file
      Overview by atomic pairs:
      (2,2)  Nitrogen, Nitrogen:        LJ
          Nitrogen-Nitrogen LJ parameters from SIGEPS
            Sigma: 3.3200 Ang   Epsilon/k_Boltz: 36.400 K
            A: 518843.9 kcal A^12/mol   B: 387.4434 kcal A^6/mol
            high cutoff: 12.00 Ang   low cutoff: 0.001 Ang
    ------------------------------------------------------------
    (2,3)  N2, sili:                  BASIC
      Input Line: NCOUL  BASIC  LJ  FAST  
      Fast interaction?    T
      COM-based cut-off?   F
      COM-COM smoothing?   F
      Atom-Atom PAIR PARAMETERS:
        Information taken from: atom_atom_file
      Overview by atomic pairs:
      (2,2)  Nitrogen, Nitrogen:      OFF
      (2,3)  Nitrogen, Oxygen:          LJ
          Nitrogen-Oxygen LJ parameters from SIGEPS
            Sigma: 3.0620 Ang   Epsilon/k_Boltz: 58.250 K
            A: 314511.5 kcal A^12/mol   B: 381.5974 kcal A^6/mol
            high cutoff: 12.00 Ang   low cutoff: 0.001 Ang
      (2,4)  Nitrogen, Silicon:         LJ
          Nitrogen-Silicon LJ parameters from SIGEPS
            Sigma: 1.0000 Ang   Epsilon/k_Boltz: 0.000 K
            A: 0.00000 kcal A^12/mol   B: 0.00000 kcal A^6/mol
            high cutoff: 12.00 Ang   low cutoff: 0.001 Ang
      (3,3)  Oxygen, Oxygen:          OFF
      (3,4)  Oxygen, Silicon:         OFF
      (4,4)  Silicon, Silicon:        OFF
    ------------------------------------------------------------
    (3,3)  sili, sili:                OFF
  ------------------------------------------------------------
  COULOMBIC SPECIES-SPECIES pair parameters:
  Information taken from: sorb_sorb_file
    ------------------------------------------------------------
    (1,1)  Methane, Methane:          OFF
    ------------------------------------------------------------
    (1,2)  Methane, N2:               OFF
    ------------------------------------------------------------
    (1,3)  Methane, sili:             OFF
    ------------------------------------------------------------
    (2,2)  N2, N2:                    OFF
    ------------------------------------------------------------
    (2,3)  N2, sili:                  OFF
    ------------------------------------------------------------
    (3,3)  sili, sili:                OFF
  ------------------------------------------------------------
  INTRAMOLECULAR information for each species 
    ------------------------------------------------------------
    Intramolecular information for Methane:
      Bond Stretching   :  OFF
      Bond Bending      :  OFF
      Torsion Angles    :  OFF
      Intra Pairwise Pot:  OFF
      Intra Coulombic Pot:  OFF
      Constraints       :  OFF
    ------------------------------------------------------------
    Intramolecular information for N2:
      Bond Stretching   :  OFF
      Bond Bending      :  OFF
      Torsion Angles    :  OFF
      Intra Pairwise Pot:  OFF
      Intra Coulombic Pot:  OFF
      Constraints       :  OFF
    ------------------------------------------------------------
    Intramolecular information for sili:
      Bond Stretching   :  OFF
      Bond Bending      :  OFF
      Torsion Angles    :  OFF
      Intra Pairwise Pot:  OFF
      Intra Coulombic Pot:  OFF
      Constraints       :  OFF
------------------------------------------------------------
Initializing GCMC moves for: Methane                                         
 Initializing biasing details : cavity, bmap etc 
 --------------- WARNING during bmap_cubeinit ---------------
 bmap.F90 :  322
 Automatically adjusting bmap energies here
 maxnrgval :  -2.04557298343594     
 For biasing purposes all energies above this  will be converted to this value
 --------------- END WARNING --------------------------------
Initializing GCMC moves for: N2                                              
 Initializing biasing details : cavity, bmap etc 
 --------------- WARNING during bmap_cubeinit ---------------
 bmap.F90 :  322
 Automatically adjusting bmap energies here
 maxnrgval :  0.396724495155476     
 For biasing purposes all energies above this  will be converted to this value
 --------------- END WARNING --------------------------------
 Energies at the beginning of GCMC simulation: 
   Species Name : Methane                                         
   Species Type : 1
   Pairwise Energies(noncoul, coul) in kJ/mol
              Methane   :   0.00000  0.00000
                   N2   :   0.00000  0.00000
                 sili   :   0.00000  0.00000
   Intramolecular Energies (bs,bb,tor,ip,con,total) in kJ/mol
      0.00000  0.00000  0.00000  0.00000  0.00000  0.00000  0.00000
 
   Species Name : N2                                              
   Species Type : 2
   Pairwise Energies(noncoul, coul) in kJ/mol
              Methane   :   0.00000  0.00000
                   N2   :   0.00000  0.00000
                 sili   :   0.00000  0.00000
   Intramolecular Energies (bs,bb,tor,ip,con,total) in kJ/mol
      0.00000  0.00000  0.00000  0.00000  0.00000  0.00000  0.00000
 
   Species Name : sili                                            
   Species Type : 3
   Pairwise Energies(noncoul, coul) in kJ/mol
              Methane   :   0.00000  0.00000
                   N2   :   0.00000  0.00000
                 sili   :   0.00000  0.00000
   Intramolecular Energies (bs,bb,tor,ip,con,total) in kJ/mol
      0.00000  0.00000  0.00000  0.00000  0.00000  0.00000  0.00000
 
------------------------------------------------------------
The GCMC Parameters Section:
  No. of iterations  :      1
  No. of simulations :      1
  Temperature(K)     :  308.000
  No. of species     :      2
  ------------------------------------------------------------
  GCMC Moves Parameters:
  ------------------------------------------------------------
  Species Name: Methane
    Thermophysical simulation points:
    Pressure  Fugacity     murti  B(Adams)
   0.999E+01 0.999E+01   -17.136    -1.889
    Allowed Move Types and Parameters:
      Basic Move type:    INSERT
      Specific Move type: BINSERT
        Rigid Molecule Biased-Insertion Parameters :
          Type of bias: MAP_BIAS
          Details of Bias for insertion: 
          Bias map file: sili.CH4.pmap
          Bias Temperature, K:  308.000
          Bias map details: 
              Bias map filename: sili.CH4.pmap
              Cumulative Wt:  29636078.    
              No. of tabulated cubelets:    90859
              Cutoff Potential(kcal):     30.00000
          Maximum allowed energy: 0.10E+11 kcal/mol
      ------------------------------------------------------------
      Basic Move type:    DELETE
      Specific Move type: BDELETE
        Rigid Molecule Deletion Parameters :
          Type of bias: MAP_BIAS
          Details of Bias for insertion: 
          Bias map file: sili.CH4.pmap
          Bias Temperature, K:  308.000
          Bias map details: 
              Bias map filename: sili.CH4.pmap
              Cumulative Wt:  29636078.    
              No. of tabulated cubelets:    90859
              Cutoff Potential(kcal):     30.00000
          Maximum allowed energy: 0.10E+11 kcal/mol
      ------------------------------------------------------------
      Basic Move type:    TRANSLATE
      Specific Move type: RTRANSLATE
        Rigid Molecule Random-Translation Parameters :
        Scaling of Translation length allowed.
        Initial translation length:      0.20000
        Maximum allowed energy: 0.10E+11 kcal/mol
      ------------------------------------------------------------
  ------------------------------------------------------------
  ------------------------------------------------------------
  Species Name: N2
    Thermophysical simulation points:
    Pressure  Fugacity     murti  B(Adams)
   0.400E+02 0.400E+02   -16.588    -0.502
    Allowed Move Types and Parameters:
      Basic Move type:    INSERT
      Specific Move type: BINSERT
        Rigid Molecule Biased-Insertion Parameters :
          Type of bias: MAP_BIAS
          Details of Bias for insertion: 
          Bias map file: sili.N2.pmap
          Bias Temperature, K:  308.000
          Bias map details: 
              Bias map filename: sili.N2.pmap
              Cumulative Wt:  555291.88    
              No. of tabulated cubelets:   149590
              Cutoff Potential(kcal):     30.00000
          Maximum allowed energy: 0.10E+11 kcal/mol
      ------------------------------------------------------------
      Basic Move type:    DELETE
      Specific Move type: BDELETE
        Rigid Molecule Deletion Parameters :
          Type of bias: MAP_BIAS
          Details of Bias for insertion: 
          Bias map file: sili.N2.pmap
          Bias Temperature, K:  308.000
          Bias map details: 
              Bias map filename: sili.N2.pmap
              Cumulative Wt:  555291.88    
              No. of tabulated cubelets:   149590
              Cutoff Potential(kcal):     30.00000
          Maximum allowed energy: 0.10E+11 kcal/mol
      ------------------------------------------------------------
      Basic Move type:    ROTATE
      Specific Move type: RROTATE
        Rigid Molecule Random-Rotation Parameters :
        Scaling of Rotation increment not allowed.
        Initial rotation-delta:      0.20000
        Maximum allowed energy: 0.10E+11 kcal/mol
      ------------------------------------------------------------
      Basic Move type:    TRANSLATE
      Specific Move type: RTRANSLATE
        Rigid Molecule Random-Translation Parameters :
        Scaling of Translation length allowed.
        Initial translation length:      0.20000
        Maximum allowed energy: 0.10E+11 kcal/mol
      ------------------------------------------------------------
 
 
------------------------------------------------------------
Beginning GCMC simulation number 1 of 1   (1000000 steps)
------------------------------------------------------------
The GCMC Simulation Parameters:
  Simulation Number :    1
  Configuration file: sili.MIX.con.1
  Restart file      : sili.MIX.res.1
  ------------------------------------------------------------
  GCMC Species Parameters:
    ----------------------------------------------------------
    Species Name: Methane
      Press.(kPa)   Fugacity      murti   B(Adams)
            9.992      9.992    -17.136     -1.889
    ----------------------------------------------------------
    Species Name: N2
      Press.(kPa)   Fugacity      murti   B(Adams)
           39.990     39.990    -16.588     -0.502
    ----------------------------------------------------------


  Macro-iteration number 100000 (100000 micro) of simulation 1
  ------------------------------------------------------------
  The GCMC Stats:
    Species Name: Methane    Pressure: 9.9920 kPa
      INSERT (BINSERT)          Acc. Ratio: 0.667   (11208 of 16811)  
      DELETE (BDELETE)          Acc. Ratio: 0.704   (11203 of 15923)  
      TRANSLATE (RTRANSLATE)    Acc. Ratio: 0.499   (8126 of 16279)  Max disp:  1.069
      Number of Molecules (ins, blk, cum, stdd)   5.00   3.55   3.58   1.83
    Species Name: N2    Pressure: 39.990 kPa
      INSERT (BINSERT)          Acc. Ratio: 0.521   (6525 of 12515)  
      DELETE (BDELETE)          Acc. Ratio: 0.575   (6524 of 11349)  
      ROTATE (RROTATE)          Acc. Ratio: 0.934   (10540 of 11289)  Max disp:  0.200
      TRANSLATE (RTRANSLATE)    Acc. Ratio: 0.494   (5595 of 11316)  Max disp:  1.643
      Number of Molecules (ins, blk, cum, stdd)   1.00   2.61   2.33   1.56
 
  Macro-iteration number 200000 (200000 micro) of simulation 1
  ------------------------------------------------------------
  The GCMC Stats:
    Species Name: Methane    Pressure: 9.9920 kPa
      INSERT (BINSERT)          Acc. Ratio: 0.669   (22458 of 33566)  
      DELETE (BDELETE)          Acc. Ratio: 0.700   (22454 of 32093)  
      TRANSLATE (RTRANSLATE)    Acc. Ratio: 0.503   (16288 of 32395)  Max disp:  0.456
      Number of Molecules (ins, blk, cum, stdd)   4.00   3.25   3.58   1.87
    Species Name: N2    Pressure: 39.990 kPa
      INSERT (BINSERT)          Acc. Ratio: 0.525   (13101 of 24966)  
      DELETE (BDELETE)          Acc. Ratio: 0.577   (13101 of 22718)  
      ROTATE (RROTATE)          Acc. Ratio: 0.930   (21214 of 22799)  Max disp:  0.200
      TRANSLATE (RTRANSLATE)    Acc. Ratio: 0.492   (11110 of 22565)  Max disp:  0.794
      Number of Molecules (ins, blk, cum, stdd)   0.00   2.59   2.35   1.56
 
  Macro-iteration number 300000 (300000 micro) of simulation 1
  ------------------------------------------------------------
  The GCMC Stats:
    Species Name: Methane    Pressure: 9.9920 kPa
      INSERT (BINSERT)          Acc. Ratio: 0.668   (33522 of 50220)  
      DELETE (BDELETE)          Acc. Ratio: 0.695   (33518 of 48222)  
      TRANSLATE (RTRANSLATE)    Acc. Ratio: 0.507   (24703 of 48726)  Max disp:  0.398
      Number of Molecules (ins, blk, cum, stdd)   4.00   3.69   3.56   1.87
    Species Name: N2    Pressure: 39.990 kPa
      INSERT (BINSERT)          Acc. Ratio: 0.525   (19670 of 37451)  
      DELETE (BDELETE)          Acc. Ratio: 0.579   (19668 of 33991)  
      ROTATE (RROTATE)          Acc. Ratio: 0.932   (31747 of 34056)  Max disp:  0.200
      TRANSLATE (RTRANSLATE)    Acc. Ratio: 0.503   (17084 of 33993)  Max disp:  2.000
      Number of Molecules (ins, blk, cum, stdd)   2.00   2.51   2.35   1.54
 
  Macro-iteration number 400000 (400000 micro) of simulation 1
  ------------------------------------------------------------
  The GCMC Stats:
    Species Name: Methane    Pressure: 9.9920 kPa
      INSERT (BINSERT)          Acc. Ratio: 0.666   (44700 of 67079)  
      DELETE (BDELETE)          Acc. Ratio: 0.695   (44697 of 64278)  
      TRANSLATE (RTRANSLATE)    Acc. Ratio: 0.491   (31885 of 64878)  Max disp:  0.641
      Number of Molecules (ins, blk, cum, stdd)   3.00   3.23   3.56   1.86
    Species Name: N2    Pressure: 39.990 kPa
      INSERT (BINSERT)          Acc. Ratio: 0.528   (26416 of 50006)  
      DELETE (BDELETE)          Acc. Ratio: 0.582   (26416 of 45402)  
      ROTATE (RROTATE)          Acc. Ratio: 0.932   (42203 of 45258)  Max disp:  0.200
      TRANSLATE (RTRANSLATE)    Acc. Ratio: 0.501   (22634 of 45198)  Max disp:  2.000
      Number of Molecules (ins, blk, cum, stdd)   0.00   2.49   2.35   1.54
 
  Macro-iteration number 500000 (500000 micro) of simulation 1
  ------------------------------------------------------------
  The GCMC Stats:
    Species Name: Methane    Pressure: 9.9920 kPa
      INSERT (BINSERT)          Acc. Ratio: 0.666   (55786 of 83751)  
      DELETE (BDELETE)          Acc. Ratio: 0.694   (55783 of 80335)  
      TRANSLATE (RTRANSLATE)    Acc. Ratio: 0.503   (40934 of 81311)  Max disp:  0.641
      Number of Molecules (ins, blk, cum, stdd)   3.00   3.54   3.56   1.87
    Species Name: N2    Pressure: 39.990 kPa
      INSERT (BINSERT)          Acc. Ratio: 0.528   (32943 of 62416)  
      DELETE (BDELETE)          Acc. Ratio: 0.582   (32943 of 56606)  
      ROTATE (RROTATE)          Acc. Ratio: 0.932   (52792 of 56619)  Max disp:  0.200
      TRANSLATE (RTRANSLATE)    Acc. Ratio: 0.495   (28029 of 56638)  Max disp:  0.647
      Number of Molecules (ins, blk, cum, stdd)   0.00   2.40   2.35   1.53
 
  Macro-iteration number 600000 (600000 micro) of simulation 1
  ------------------------------------------------------------
  The GCMC Stats:
    Species Name: Methane    Pressure: 9.9920 kPa
      INSERT (BINSERT)          Acc. Ratio: 0.666   (66893 of 100370)  
      DELETE (BDELETE)          Acc. Ratio: 0.693   (66889 of 96588)  
      TRANSLATE (RTRANSLATE)    Acc. Ratio: 0.510   (49732 of 97583)  Max disp:  0.641
      Number of Molecules (ins, blk, cum, stdd)   4.00   4.03   3.54   1.87
    Species Name: N2    Pressure: 39.990 kPa
      INSERT (BINSERT)          Acc. Ratio: 0.528   (39528 of 74889)  
      DELETE (BDELETE)          Acc. Ratio: 0.582   (39524 of 67882)  
      ROTATE (RROTATE)          Acc. Ratio: 0.932   (63291 of 67903)  Max disp:  0.200
      TRANSLATE (RTRANSLATE)    Acc. Ratio: 0.497   (33617 of 67660)  Max disp:  1.557
      Number of Molecules (ins, blk, cum, stdd)   4.00   2.50   2.35   1.53
 
  Macro-iteration number 700000 (700000 micro) of simulation 1
  ------------------------------------------------------------
  The GCMC Stats:
    Species Name: Methane    Pressure: 9.9920 kPa
      INSERT (BINSERT)          Acc. Ratio: 0.668   (78007 of 116859)  
      DELETE (BDELETE)          Acc. Ratio: 0.691   (78004 of 112886)  
      TRANSLATE (RTRANSLATE)    Acc. Ratio: 0.506   (57575 of 113712)  Max disp:  0.351
      Number of Molecules (ins, blk, cum, stdd)   3.00   3.28   3.52   1.86
    Species Name: N2    Pressure: 39.990 kPa
      INSERT (BINSERT)          Acc. Ratio: 0.527   (46083 of 87446)  
      DELETE (BDELETE)          Acc. Ratio: 0.581   (46077 of 79240)  
      ROTATE (RROTATE)          Acc. Ratio: 0.931   (73909 of 79388)  Max disp:  0.200
      TRANSLATE (RTRANSLATE)    Acc. Ratio: 0.506   (39992 of 79085)  Max disp:  0.721
      Number of Molecules (ins, blk, cum, stdd)   6.00   2.53   2.36   1.53
 
  Macro-iteration number 800000 (800000 micro) of simulation 1
  ------------------------------------------------------------
  The GCMC Stats:
    Species Name: Methane    Pressure: 9.9920 kPa
      INSERT (BINSERT)          Acc. Ratio: 0.667   (89024 of 133476)  
      DELETE (BDELETE)          Acc. Ratio: 0.691   (89022 of 128914)  
      TRANSLATE (RTRANSLATE)    Acc. Ratio: 0.507   (65854 of 129938)  Max disp:  0.291
      Number of Molecules (ins, blk, cum, stdd)   2.00   3.64   3.52   1.86
    Species Name: N2    Pressure: 39.990 kPa
      INSERT (BINSERT)          Acc. Ratio: 0.528   (52730 of 99890)  
      DELETE (BDELETE)          Acc. Ratio: 0.581   (52726 of 90720)  
      ROTATE (RROTATE)          Acc. Ratio: 0.931   (84351 of 90624)  Max disp:  0.200
      TRANSLATE (RTRANSLATE)    Acc. Ratio: 0.495   (44884 of 90610)  Max disp:  0.555
      Number of Molecules (ins, blk, cum, stdd)   4.00   2.43   2.35   1.53
 
  Macro-iteration number 900000 (900000 micro) of simulation 1
  ------------------------------------------------------------
  The GCMC Stats:
    Species Name: Methane    Pressure: 9.9920 kPa
      INSERT (BINSERT)          Acc. Ratio: 0.667   (100119 of 150006)  
      DELETE (BDELETE)          Acc. Ratio: 0.690   (100111 of 144987)  
      TRANSLATE (RTRANSLATE)    Acc. Ratio: 0.507   (74015 of 146023)  Max disp:  0.209
      Number of Molecules (ins, blk, cum, stdd)   8.00   3.83   3.51   1.85
    Species Name: N2    Pressure: 39.990 kPa
      INSERT (BINSERT)          Acc. Ratio: 0.529   (59353 of 112304)  
      DELETE (BDELETE)          Acc. Ratio: 0.582   (59348 of 102046)  
      ROTATE (RROTATE)          Acc. Ratio: 0.931   (94865 of 101947)  Max disp:  0.200
      TRANSLATE (RTRANSLATE)    Acc. Ratio: 0.498   (50730 of 101907)  Max disp:  2.000
      Number of Molecules (ins, blk, cum, stdd)   5.00   2.38   2.35   1.53
 
  Macro-iteration number 1000000 (1000000 micro) of simulation 1
  ------------------------------------------------------------
  The GCMC Stats:
    Species Name: Methane    Pressure: 9.9920 kPa
      INSERT (BINSERT)          Acc. Ratio: 0.668   (111383 of 166737)  
      DELETE (BDELETE)          Acc. Ratio: 0.691   (111381 of 161175)  
      TRANSLATE (RTRANSLATE)    Acc. Ratio: 0.498   (80837 of 162248)  Max disp:  0.408
      Number of Molecules (ins, blk, cum, stdd)   2.00   3.68   3.52   1.86
    Species Name: N2    Pressure: 39.990 kPa
      INSERT (BINSERT)          Acc. Ratio: 0.528   (66010 of 124906)  
      DELETE (BDELETE)          Acc. Ratio: 0.582   (66004 of 113480)  
      ROTATE (RROTATE)          Acc. Ratio: 0.931   (105258 of 113108)  Max disp:  0.200
      TRANSLATE (RTRANSLATE)    Acc. Ratio: 0.500   (56462 of 112865)  Max disp:  0.717
      Number of Molecules (ins, blk, cum, stdd)   6.00   2.37   2.34   1.53
 
 ________ ACTUAL ENERGIES    _____________
    Energy:          -30.650
     Coul:  0.000E+00 0.000E+00 0.000E+00
    NCoul:  0.000E+00-0.162E-02-0.306E+02
    Intramolecular:    bs       bb      tor       ip      con    total
                      0.00000  0.00000  0.00000  0.00000  0.00000  0.00000  0.00000  0.00000
 
 ________ STORED ENERGIES    _____________
    Energy:          -30.650
     Coul:  0.000E+00 0.000E+00 0.000E+00
    NCoul:  0.102E-13-0.162E-02-0.306E+02
    Intramolecular:    bs       bb      tor       ip      con    total
                      0.00000  0.00000  0.00000  0.00000  0.00000  0.00000  0.00000  0.00000
 ________ ACTUAL ENERGIES    _____________
    Energy:          -65.956
     Coul:  0.000E+00 0.000E+00 0.000E+00
    NCoul: -0.162E-02-0.115E-01-0.659E+02
    Intramolecular:    bs       bb      tor       ip      con    total
                      0.00000  0.00000  0.00000  0.00000  0.00000  0.00000  0.00000  0.00000
 
 ________ STORED ENERGIES    _____________
    Energy:          -65.956
     Coul:  0.000E+00 0.000E+00 0.000E+00
    NCoul: -0.162E-02-0.115E-01-0.659E+02
    Intramolecular:    bs       bb      tor       ip      con    total
                      0.00000  0.00000  0.00000  0.00000  0.00000  0.00000  0.00000  0.00000
 ________ ACTUAL ENERGIES    _____________
    Energy:          -96.592
     Coul:  0.000E+00 0.000E+00 0.000E+00
    NCoul: -0.306E+02-0.659E+02 0.000E+00
    Intramolecular:    bs       bb      tor       ip      con    total
                      0.00000  0.00000  0.00000  0.00000  0.00000  0.00000  0.00000  0.00000
 
 ________ STORED ENERGIES    _____________
    Energy:          -96.592
     Coul:  0.000E+00 0.000E+00 0.000E+00
    NCoul: -0.306E+02-0.659E+02 0.000E+00
    Intramolecular:    bs       bb      tor       ip      con    total
                      0.00000  0.00000  0.00000  0.00000  0.00000  0.00000  0.00000  0.00000
------------------------------------------------------------
Ending GCMC simulation number 1    Nrg dev check: 0.423E-11
  Methane:  P (kPa): 9.992    loading (molec/uc): 0.293
  N2:  P (kPa): 39.99    loading (molec/uc): 0.195
------------------------------------------------------------
 music.F90 :  297
Main Program   Time: 1.3653 hrs   Number of calls: 1   Time per call: 1.3653 hrs
