 Looking for Control file : ctr6.gcmc
Welcome to MuSiC (GCMC implementation)
Reading from control file ctr6.gcmc
 Initializing General Parameters
------------------------------------------------------------
The ATOMS structure:
  No. of atom types:     4
    Atom Name           : Methane
    Atom Symbol         : CH
    Atom File           : Methane.atm
    Atom Mass           :    16.00
    sscharge, szcharge  :   0.0000  0.0000
    Required # of bonds :   0
    Ion Type            : NONE 
 
    Atom Name           : Nitrogen
    Atom Symbol         : N2
    Atom File           : Nitrogen.atm
    Atom Mass           :    14.00
    sscharge, szcharge  :   0.0000  0.0000
    Required # of bonds :   0
    Ion Type            : NONE 
 
    Atom Name           : Oxygen
    Atom Symbol         : O
    Atom File           : Oxygen.atm
    Atom Mass           :    16.00
    sscharge, szcharge  :  -1.0000 -1.0000
    Required # of bonds :   2
    Ion Type            : NONE 
 
    Atom Name           : Silicon
    Atom Symbol         : S
    Atom File           : Silicon.atm
    Atom Mass           :    28.09
    sscharge, szcharge  :   0.0000  0.0000
    Required # of bonds :   0
    Ion Type            : NONE 
------------------------------------------------------------
    Reading molecule information for Methane from: /home/hermes/music4/sim7/molecules/Methane.mol
 molecule.F90 : 1097
  Molecule will be rotated so that the principle axes 
   will coincide with coordinate system axes
    Reading molecule information for N2 from: /home/hermes/music4/sim7/molecules/N2.mol
 molecule.F90 : 1097
  Molecule will be rotated so that the principle axes 
   will coincide with coordinate system axes
 Generating Connections for N2                                              
    Reading molecule information for sili from: /home/hermes/music4/sim7/molecules/sili.mol
 molecule.F90 : 1097
  Molecule will be rotated so that the principle axes 
   will coincide with coordinate system axes
------------------------------------------------------------
The MOLECULES structure:
  No. of molecule types:     3
------------------------------------------------------------
  Molecule Name       : Methane
  Molecule Mass       : 16.00
  Molecule File       : Methane.mol
  Degrees of freedom  : 3
  DOF origin          : 3N_Calculation
  body axes atom nos  :    0   0   0
  Number of atoms     : 1
  Net Charge          : 0.0
  Dipole Moment(debye): 0.000000000
  Translation xform   : 0.00000   0.00000   0.00000
  Rotational xform    : 
    1.00000   0.00000   0.00000
    0.00000   1.00000   0.00000
    0.00000   0.00000   1.00000
      Atom Name           : Methane
      Atom Type           :    1
      Atom Position       :   0.0000  0.0000  0.0000
      Equilibrium charge  :   0.0000
      MD Set, type        :    0   0
  Connection Information : 
    No connectivity information for Methane
------------------------------------------------------------
  Molecule Name       : N2
  Molecule Mass       : 28.00
  Molecule File       : N2.mol
  Degrees of freedom  : 5
  DOF origin          : Molecule_File
  body axes atom nos  :    0   0   0
  Number of atoms     : 2
  Net Charge          : 0.0
  Dipole Moment(debye): 0.000000000
  Translation xform   : 0.00000   0.00000   0.00000
  Rotational xform    : 
    1.00000   0.00000   0.00000
    0.00000   1.00000   0.00000
    0.00000   0.00000   1.00000
      Atom Name           : Nitrogen
      Atom Type           :    2
      Atom Position       :   0.0000  0.0000  0.0000
      Equilibrium charge  :   0.0000
      MD Set, type        :    0   0
      Atom Name           : Nitrogen
      Atom Type           :    2
      Atom Position       :   1.0980  0.0000  0.0000
      Equilibrium charge  :   0.0000
      MD Set, type        :    0   0
  Connection Information : 
    Connection Information for N2                                              
    Atom     1: No connections
    Atom     2: No connections
------------------------------------------------------------
  Molecule Name       : sili
  Molecule Mass       : 5768.2
  Molecule File       : sili.mol
  Degrees of freedom  : 864
  DOF origin          : 3N_Calculation
  Number of atoms     : 288
  Net Charge          : 0.0
  Dipole Moment(debye): 0.9E-11
  Translation xform   : 0.00000   0.00000   0.00000
  Rotational xform    : 
    1.00000   0.00000   0.00000
    0.00000   1.00000   0.00000
    0.00000   0.00000   1.00000
  Atom list omitted (natoms > 10)
  Connection Information : 
    No connectivity information for sili
------------------------------------------------------------
      The SIMCELL structure:
      nx, ny, nz            :    2   2   3
      ncells                :   12
      ORTHORHOMBIC
      edge lengths (Ang)    :    40.1400   39.8400   40.2600
      cell angles (degrees) :    90.0000   90.0000   90.0000
      origin shift (Ang)    : 0.0000   0.0000   0.0000
      cell vector a         : 40.1400   0.0000   0.0000
      cell vector b         : -0.0000  39.8400   0.0000
      cell vector c         : -0.0000  -0.0000  40.2600
      box width in (a,b,c)  :    40.1400   39.8400   40.2600
      minimum width (Ang)   :    39.8400
      volume (Angstroms^3)  : 64382.89
------------------------------------------------------------
Configuration Section 
No. of species :      3
  ----------------------------------------------------------
  Species name : Methane                                         
    No. of molecules :      0
    No. of atoms     :    1
    Initial Config. Source : GCMC
    Source Filename: NULL
    ----------------------------------------------------------
  Species name : N2                                              
    No. of molecules :      0
    No. of atoms     :    2
    Initial Config. Source : GCMC
    Source Filename: NULL
    ----------------------------------------------------------
  Species name : sili                                            
    No. of molecules :      1
    No. of atoms     : 3456
    Initial Config. Source : FIXED
    Source Filename: NULL
    ----------------------------------------------------------
Initializing intra molecular info from molecule file: /home/hermes/music4/sim7/molecules/Methane.mol
 intramolecular.F90 :  197
 intra filename passed isintramolecular_file                             xx
 intramolecular.F90 :  203
Initialized all intramolecular stuff for Methane
Initializing intra molecular info from molecule file: /home/hermes/music4/sim7/molecules/N2.mol
 intramolecular.F90 :  197
 intra filename passed isintramolecular_file                             xx
 intramolecular.F90 :  203
Initialized all intramolecular stuff for N2
Initializing intra molecular info from molecule file: /home/hermes/music4/sim7/molecules/sili.mol
 intramolecular.F90 :  197
 intra filename passed isintramolecular_file                             xx
 intramolecular.F90 :  203
Initialized all intramolecular stuff for sili
 Finished Initializing Intramolecular interactions
 Initializing Species-Species interactions....
 Finished Initializing Species-Species interactions.
 Finished Initializing Ff interactions.
 Calling ff_initCal
 Call to ff_initCalc successful 
  ------------------------------------------------------------
  The "BASIC" FF information:
  ------------------------------------------------------------
  NON-COULOMBIC SPECIES-SPECIES pair parameters:
  Information taken from: sorb_sorb_file
    ------------------------------------------------------------
    (1,1)  Methane, Methane:          BASIC
      Input Line: NCOUL  BASIC  LJ  FAST  
      Fast interaction?    T
      COM-based cut-off?   F
      COM-COM smoothing?   F
      Atom-Atom PAIR PARAMETERS:
        Information taken from: atom_atom_file
      Overview by atomic pairs:
      (1,1)  Methane, Methane:          LJ
          Methane-Methane LJ parameters from SIGEPS
            Sigma: 3.7300 Ang   Epsilon/k_Boltz: 148.00 K
            A: 0.85E+07 kcal A^12/mol   B: 3168.057 kcal A^6/mol
            high cutoff: 12.00 Ang   low cutoff: 0.001 Ang
    ------------------------------------------------------------
    (1,2)  Methane, N2:               BASIC
      Input Line: NCOUL  BASIC  LJ  FAST  
      Fast interaction?    T
      COM-based cut-off?   F
      COM-COM smoothing?   F
      Atom-Atom PAIR PARAMETERS:
        Information taken from: atom_atom_file
      Overview by atomic pairs:
      (1,1)  Methane, Methane:        OFF
      (1,2)  Methane, Nitrogen:         LJ
          Methane-Nitrogen LJ parameters from SIGEPS
            Sigma: 3.5200 Ang   Epsilon/k_Boltz: 75.960 K
            A: 0.22E+07 kcal A^12/mol   B: 1148.469 kcal A^6/mol
            high cutoff: 12.00 Ang   low cutoff: 0.001 Ang
      (2,2)  Nitrogen, Nitrogen:      OFF
    ------------------------------------------------------------
    (1,3)  Methane, sili:             BASIC
      Input Line: NCOUL  BASIC  LJ  FAST  
      Fast interaction?    T
      COM-based cut-off?   F
      COM-COM smoothing?   F
      Atom-Atom PAIR PARAMETERS:
        Information taken from: atom_atom_file
      Overview by atomic pairs:
      (1,1)  Methane, Methane:        OFF
      (1,3)  Methane, Oxygen:           LJ
          Methane-Oxygen LJ parameters from SIGEPS
            Sigma: 3.6000 Ang   Epsilon/k_Boltz: 96.500 K
            A: 0.36E+07 kcal A^12/mol   B: 1669.632 kcal A^6/mol
            high cutoff: 12.00 Ang   low cutoff: 0.001 Ang
      (1,4)  Methane, Silicon:          LJ
          Methane-Silicon LJ parameters from SIGEPS
            Sigma: 1.0000 Ang   Epsilon/k_Boltz: 0.000 K
            A: 0.00000 kcal A^12/mol   B: 0.00000 kcal A^6/mol
            high cutoff: 12.00 Ang   low cutoff: 0.001 Ang
      (3,3)  Oxygen, Oxygen:          OFF
      (3,4)  Oxygen, Silicon:         OFF
      (4,4)  Silicon, Silicon:        OFF
    ------------------------------------------------------------
    (2,2)  N2, N2:                    BASIC
      Input Line: NCOUL  BASIC  LJ  FAST  
      Fast interaction?    T
      COM-based cut-off?   F
      COM-COM smoothing?   F
      Atom-Atom PAIR PARAMETERS:
        Information taken from: atom_atom_file
      Overview by atomic pairs:
      (2,2)  Nitrogen, Nitrogen:        LJ
          Nitrogen-Nitrogen LJ parameters from SIGEPS
            Sigma: 3.3200 Ang   Epsilon/k_Boltz: 36.400 K
            A: 518843.9 kcal A^12/mol   B: 387.4434 kcal A^6/mol
            high cutoff: 12.00 Ang   low cutoff: 0.001 Ang
    ------------------------------------------------------------
    (2,3)  N2, sili:                  BASIC
      Input Line: NCOUL  BASIC  LJ  FAST  
      Fast interaction?    T
      COM-based cut-off?   F
      COM-COM smoothing?   F
      Atom-Atom PAIR PARAMETERS:
        Information taken from: atom_atom_file
      Overview by atomic pairs:
      (2,2)  Nitrogen, Nitrogen:      OFF
      (2,3)  Nitrogen, Oxygen:          LJ
          Nitrogen-Oxygen LJ parameters from SIGEPS
            Sigma: 3.0620 Ang   Epsilon/k_Boltz: 58.250 K
            A: 314511.5 kcal A^12/mol   B: 381.5974 kcal A^6/mol
            high cutoff: 12.00 Ang   low cutoff: 0.001 Ang
      (2,4)  Nitrogen, Silicon:         LJ
          Nitrogen-Silicon LJ parameters from SIGEPS
            Sigma: 1.0000 Ang   Epsilon/k_Boltz: 0.000 K
            A: 0.00000 kcal A^12/mol   B: 0.00000 kcal A^6/mol
            high cutoff: 12.00 Ang   low cutoff: 0.001 Ang
      (3,3)  Oxygen, Oxygen:          OFF
      (3,4)  Oxygen, Silicon:         OFF
      (4,4)  Silicon, Silicon:        OFF
    ------------------------------------------------------------
    (3,3)  sili, sili:                OFF
  ------------------------------------------------------------
  COULOMBIC SPECIES-SPECIES pair parameters:
  Information taken from: sorb_sorb_file
    ------------------------------------------------------------
    (1,1)  Methane, Methane:          OFF
    ------------------------------------------------------------
    (1,2)  Methane, N2:               OFF
    ------------------------------------------------------------
    (1,3)  Methane, sili:             OFF
    ------------------------------------------------------------
    (2,2)  N2, N2:                    OFF
    ------------------------------------------------------------
    (2,3)  N2, sili:                  OFF
    ------------------------------------------------------------
    (3,3)  sili, sili:                OFF
  ------------------------------------------------------------
  INTRAMOLECULAR information for each species 
    ------------------------------------------------------------
    Intramolecular information for Methane:
      Bond Stretching   :  OFF
      Bond Bending      :  OFF
      Torsion Angles    :  OFF
      Intra Pairwise Pot:  OFF
      Intra Coulombic Pot:  OFF
      Constraints       :  OFF
    ------------------------------------------------------------
    Intramolecular information for N2:
      Bond Stretching   :  OFF
      Bond Bending      :  OFF
      Torsion Angles    :  OFF
      Intra Pairwise Pot:  OFF
      Intra Coulombic Pot:  OFF
      Constraints       :  OFF
    ------------------------------------------------------------
    Intramolecular information for sili:
      Bond Stretching   :  OFF
      Bond Bending      :  OFF
      Torsion Angles    :  OFF
      Intra Pairwise Pot:  OFF
      Intra Coulombic Pot:  OFF
      Constraints       :  OFF
------------------------------------------------------------
Initializing GCMC moves for: Methane                                         
 Initializing biasing details : cavity, bmap etc 
 --------------- WARNING during bmap_cubeinit ---------------
 bmap.F90 :  322
 Automatically adjusting bmap energies here
 maxnrgval :  -2.04557298343594     
 For biasing purposes all energies above this  will be converted to this value
 --------------- END WARNING --------------------------------
Initializing GCMC moves for: N2                                              
 Initializing biasing details : cavity, bmap etc 
 --------------- WARNING during bmap_cubeinit ---------------
 bmap.F90 :  322
 Automatically adjusting bmap energies here
 maxnrgval :  0.396724495155476     
 For biasing purposes all energies above this  will be converted to this value
 --------------- END WARNING --------------------------------
 Energies at the beginning of GCMC simulation: 
   Species Name : Methane                                         
   Species Type : 1
   Pairwise Energies(noncoul, coul) in kJ/mol
              Methane   :   0.00000  0.00000
                   N2   :   0.00000  0.00000
                 sili   :   0.00000  0.00000
   Intramolecular Energies (bs,bb,tor,ip,con,total) in kJ/mol
      0.00000  0.00000  0.00000  0.00000  0.00000  0.00000  0.00000
 
   Species Name : N2                                              
   Species Type : 2
   Pairwise Energies(noncoul, coul) in kJ/mol
              Methane   :   0.00000  0.00000
                   N2   :   0.00000  0.00000
                 sili   :   0.00000  0.00000
   Intramolecular Energies (bs,bb,tor,ip,con,total) in kJ/mol
      0.00000  0.00000  0.00000  0.00000  0.00000  0.00000  0.00000
 
   Species Name : sili                                            
   Species Type : 3
   Pairwise Energies(noncoul, coul) in kJ/mol
              Methane   :   0.00000  0.00000
                   N2   :   0.00000  0.00000
                 sili   :   0.00000  0.00000
   Intramolecular Energies (bs,bb,tor,ip,con,total) in kJ/mol
      0.00000  0.00000  0.00000  0.00000  0.00000  0.00000  0.00000
 
------------------------------------------------------------
The GCMC Parameters Section:
  No. of iterations  :      1
  No. of simulations :      1
  Temperature(K)     :  308.000
  No. of species     :      2
  ------------------------------------------------------------
  GCMC Moves Parameters:
  ------------------------------------------------------------
  Species Name: Methane
    Thermophysical simulation points:
    Pressure  Fugacity     murti  B(Adams)
   0.197E+03 0.197E+03   -14.155     1.092
    Allowed Move Types and Parameters:
      Basic Move type:    INSERT
      Specific Move type: BINSERT
        Rigid Molecule Biased-Insertion Parameters :
          Type of bias: MAP_BIAS
          Details of Bias for insertion: 
          Bias map file: sili.CH4.pmap
          Bias Temperature, K:  308.000
          Bias map details: 
              Bias map filename: sili.CH4.pmap
              Cumulative Wt:  29636078.    
              No. of tabulated cubelets:    90859
              Cutoff Potential(kcal):     30.00000
          Maximum allowed energy: 0.10E+11 kcal/mol
      ------------------------------------------------------------
      Basic Move type:    DELETE
      Specific Move type: BDELETE
        Rigid Molecule Deletion Parameters :
          Type of bias: MAP_BIAS
          Details of Bias for insertion: 
          Bias map file: sili.CH4.pmap
          Bias Temperature, K:  308.000
          Bias map details: 
              Bias map filename: sili.CH4.pmap
              Cumulative Wt:  29636078.    
              No. of tabulated cubelets:    90859
              Cutoff Potential(kcal):     30.00000
          Maximum allowed energy: 0.10E+11 kcal/mol
      ------------------------------------------------------------
      Basic Move type:    TRANSLATE
      Specific Move type: RTRANSLATE
        Rigid Molecule Random-Translation Parameters :
        Scaling of Translation length allowed.
        Initial translation length:      0.20000
        Maximum allowed energy: 0.10E+11 kcal/mol
      ------------------------------------------------------------
  ------------------------------------------------------------
  ------------------------------------------------------------
  Species Name: N2
    Thermophysical simulation points:
    Pressure  Fugacity     murti  B(Adams)
   0.798E+03 0.798E+03   -13.595     2.491
    Allowed Move Types and Parameters:
      Basic Move type:    INSERT
      Specific Move type: BINSERT
        Rigid Molecule Biased-Insertion Parameters :
          Type of bias: MAP_BIAS
          Details of Bias for insertion: 
          Bias map file: sili.N2.pmap
          Bias Temperature, K:  308.000
          Bias map details: 
              Bias map filename: sili.N2.pmap
              Cumulative Wt:  555291.88    
              No. of tabulated cubelets:   149590
              Cutoff Potential(kcal):     30.00000
          Maximum allowed energy: 0.10E+11 kcal/mol
      ------------------------------------------------------------
      Basic Move type:    DELETE
      Specific Move type: BDELETE
        Rigid Molecule Deletion Parameters :
          Type of bias: MAP_BIAS
          Details of Bias for insertion: 
          Bias map file: sili.N2.pmap
          Bias Temperature, K:  308.000
          Bias map details: 
              Bias map filename: sili.N2.pmap
              Cumulative Wt:  555291.88    
              No. of tabulated cubelets:   149590
              Cutoff Potential(kcal):     30.00000
          Maximum allowed energy: 0.10E+11 kcal/mol
      ------------------------------------------------------------
      Basic Move type:    ROTATE
      Specific Move type: RROTATE
        Rigid Molecule Random-Rotation Parameters :
        Scaling of Rotation increment not allowed.
        Initial rotation-delta:      0.20000
        Maximum allowed energy: 0.10E+11 kcal/mol
      ------------------------------------------------------------
      Basic Move type:    TRANSLATE
      Specific Move type: RTRANSLATE
        Rigid Molecule Random-Translation Parameters :
        Scaling of Translation length allowed.
        Initial translation length:      0.20000
        Maximum allowed energy: 0.10E+11 kcal/mol
      ------------------------------------------------------------
 
 
------------------------------------------------------------
Beginning GCMC simulation number 1 of 1   (1000000 steps)
------------------------------------------------------------
The GCMC Simulation Parameters:
  Simulation Number :    1
  Configuration file: sili.MIX.con.6
  Restart file      : sili.MIX.res.6
  ------------------------------------------------------------
  GCMC Species Parameters:
    ----------------------------------------------------------
    Species Name: Methane
      Press.(kPa)   Fugacity      murti   B(Adams)
          196.800    196.800    -14.155      1.092
    ----------------------------------------------------------
    Species Name: N2
      Press.(kPa)   Fugacity      murti   B(Adams)
          797.500    797.500    -13.595      2.491
    ----------------------------------------------------------


  Macro-iteration number 100000 (100000 micro) of simulation 1
  ------------------------------------------------------------
  The GCMC Stats:
    Species Name: Methane    Pressure: 196.80 kPa
      INSERT (BINSERT)          Acc. Ratio: 0.417   (6976 of 16712)  
      DELETE (BDELETE)          Acc. Ratio: 0.424   (6929 of 16330)  
      TRANSLATE (RTRANSLATE)    Acc. Ratio: 0.490   (8231 of 16788)  Max disp:  0.514
      Number of Molecules (ins, blk, cum, stdd)  47.00  46.49  44.51   5.87
    Species Name: N2    Pressure: 797.50 kPa
      INSERT (BINSERT)          Acc. Ratio: 0.332   (4166 of 12539)  
      DELETE (BDELETE)          Acc. Ratio: 0.328   (4133 of 12601)  
      ROTATE (RROTATE)          Acc. Ratio: 0.919   (11500 of 12510)  Max disp:  0.200
      TRANSLATE (RTRANSLATE)    Acc. Ratio: 0.509   (6369 of 12514)  Max disp:  1.205
      Number of Molecules (ins, blk, cum, stdd)  33.00  28.74  28.32   5.05
 
  Macro-iteration number 200000 (200000 micro) of simulation 1
  ------------------------------------------------------------
  The GCMC Stats:
    Species Name: Methane    Pressure: 196.80 kPa
      INSERT (BINSERT)          Acc. Ratio: 0.415   (13856 of 33412)  
      DELETE (BDELETE)          Acc. Ratio: 0.420   (13814 of 32891)  
      TRANSLATE (RTRANSLATE)    Acc. Ratio: 0.496   (16556 of 33390)  Max disp:  0.918
      Number of Molecules (ins, blk, cum, stdd)  42.00  42.71  44.43   5.92
    Species Name: N2    Pressure: 797.50 kPa
      INSERT (BINSERT)          Acc. Ratio: 0.328   (8236 of 25072)  
      DELETE (BDELETE)          Acc. Ratio: 0.327   (8216 of 25117)  
      ROTATE (RROTATE)          Acc. Ratio: 0.920   (23200 of 25214)  Max disp:  0.200
      TRANSLATE (RTRANSLATE)    Acc. Ratio: 0.498   (12391 of 24898)  Max disp:  0.248
      Number of Molecules (ins, blk, cum, stdd)  20.00  32.48  29.11   5.01
 
  Macro-iteration number 300000 (300000 micro) of simulation 1
  ------------------------------------------------------------
  The GCMC Stats:
    Species Name: Methane    Pressure: 196.80 kPa
      INSERT (BINSERT)          Acc. Ratio: 0.415   (20771 of 50049)  
      DELETE (BDELETE)          Acc. Ratio: 0.419   (20720 of 49403)  
      TRANSLATE (RTRANSLATE)    Acc. Ratio: 0.492   (24721 of 50224)  Max disp:  1.583
      Number of Molecules (ins, blk, cum, stdd)  51.00  47.36  44.44   5.77
    Species Name: N2    Pressure: 797.50 kPa
      INSERT (BINSERT)          Acc. Ratio: 0.329   (12339 of 37508)  
      DELETE (BDELETE)          Acc. Ratio: 0.327   (12307 of 37653)  
      ROTATE (RROTATE)          Acc. Ratio: 0.920   (34757 of 37767)  Max disp:  0.200
      TRANSLATE (RTRANSLATE)    Acc. Ratio: 0.491   (18346 of 37390)  Max disp:  1.278
      Number of Molecules (ins, blk, cum, stdd)  32.00  31.50  29.32   5.02
 
  Macro-iteration number 400000 (400000 micro) of simulation 1
  ------------------------------------------------------------
  The GCMC Stats:
    Species Name: Methane    Pressure: 196.80 kPa
      INSERT (BINSERT)          Acc. Ratio: 0.415   (27681 of 66644)  
      DELETE (BDELETE)          Acc. Ratio: 0.419   (27636 of 66014)  
      TRANSLATE (RTRANSLATE)    Acc. Ratio: 0.496   (33271 of 67025)  Max disp:  0.118
      Number of Molecules (ins, blk, cum, stdd)  45.00  45.19  44.36   5.70
    Species Name: N2    Pressure: 797.50 kPa
      INSERT (BINSERT)          Acc. Ratio: 0.328   (16446 of 50065)  
      DELETE (BDELETE)          Acc. Ratio: 0.327   (16416 of 50270)  
      ROTATE (RROTATE)          Acc. Ratio: 0.920   (46107 of 50124)  Max disp:  0.200
      TRANSLATE (RTRANSLATE)    Acc. Ratio: 0.500   (24939 of 49852)  Max disp:  2.000
      Number of Molecules (ins, blk, cum, stdd)  30.00  31.02  29.30   4.94
 
  Macro-iteration number 500000 (500000 micro) of simulation 1
  ------------------------------------------------------------
  The GCMC Stats:
    Species Name: Methane    Pressure: 196.80 kPa
      INSERT (BINSERT)          Acc. Ratio: 0.415   (34584 of 83335)  
      DELETE (BDELETE)          Acc. Ratio: 0.418   (34535 of 82617)  
      TRANSLATE (RTRANSLATE)    Acc. Ratio: 0.497   (41614 of 83769)  Max disp:  0.316
      Number of Molecules (ins, blk, cum, stdd)  49.00  45.47  44.53   5.80
    Species Name: N2    Pressure: 797.50 kPa
      INSERT (BINSERT)          Acc. Ratio: 0.327   (20444 of 62578)  
      DELETE (BDELETE)          Acc. Ratio: 0.326   (20420 of 62712)  
      ROTATE (RROTATE)          Acc. Ratio: 0.919   (57551 of 62602)  Max disp:  0.200
      TRANSLATE (RTRANSLATE)    Acc. Ratio: 0.502   (31342 of 62381)  Max disp:  0.429
      Number of Molecules (ins, blk, cum, stdd)  24.00  28.28  29.32   4.90
 
  Macro-iteration number 600000 (600000 micro) of simulation 1
  ------------------------------------------------------------
  The GCMC Stats:
    Species Name: Methane    Pressure: 196.80 kPa
      INSERT (BINSERT)          Acc. Ratio: 0.415   (41444 of 99959)  
      DELETE (BDELETE)          Acc. Ratio: 0.417   (41397 of 99214)  
      TRANSLATE (RTRANSLATE)    Acc. Ratio: 0.504   (50765 of 100683)  Max disp:  0.308
      Number of Molecules (ins, blk, cum, stdd)  47.00  43.21  44.65   5.74
    Species Name: N2    Pressure: 797.50 kPa
      INSERT (BINSERT)          Acc. Ratio: 0.326   (24490 of 75041)  
      DELETE (BDELETE)          Acc. Ratio: 0.325   (24457 of 75240)  
      ROTATE (RROTATE)          Acc. Ratio: 0.919   (69119 of 75182)  Max disp:  0.200
      TRANSLATE (RTRANSLATE)    Acc. Ratio: 0.510   (38082 of 74675)  Max disp:  0.387
      Number of Molecules (ins, blk, cum, stdd)  33.00  31.69  29.33   4.91
 
  Macro-iteration number 700000 (700000 micro) of simulation 1
  ------------------------------------------------------------
  The GCMC Stats:
    Species Name: Methane    Pressure: 196.80 kPa
      INSERT (BINSERT)          Acc. Ratio: 0.415   (48302 of 116485)  
      DELETE (BDELETE)          Acc. Ratio: 0.416   (48263 of 116057)  
      TRANSLATE (RTRANSLATE)    Acc. Ratio: 0.498   (58377 of 117160)  Max disp:  0.858
      Number of Molecules (ins, blk, cum, stdd)  39.00  46.19  44.52   5.77
    Species Name: N2    Pressure: 797.50 kPa
      INSERT (BINSERT)          Acc. Ratio: 0.326   (28574 of 87676)  
      DELETE (BDELETE)          Acc. Ratio: 0.325   (28539 of 87704)  
      ROTATE (RROTATE)          Acc. Ratio: 0.920   (80703 of 87693)  Max disp:  0.200
      TRANSLATE (RTRANSLATE)    Acc. Ratio: 0.510   (44463 of 87219)  Max disp:  2.000
      Number of Molecules (ins, blk, cum, stdd)  35.00  29.81  29.51   4.93
 
  Macro-iteration number 800000 (800000 micro) of simulation 1
  ------------------------------------------------------------
  The GCMC Stats:
    Species Name: Methane    Pressure: 196.80 kPa
      INSERT (BINSERT)          Acc. Ratio: 0.415   (55229 of 133089)  
      DELETE (BDELETE)          Acc. Ratio: 0.416   (55181 of 132717)  
      TRANSLATE (RTRANSLATE)    Acc. Ratio: 0.497   (66439 of 133807)  Max disp:  0.488
      Number of Molecules (ins, blk, cum, stdd)  48.00  39.50  44.39   5.77
    Species Name: N2    Pressure: 797.50 kPa
      INSERT (BINSERT)          Acc. Ratio: 0.327   (32726 of 100039)  
      DELETE (BDELETE)          Acc. Ratio: 0.326   (32699 of 100382)  
      ROTATE (RROTATE)          Acc. Ratio: 0.921   (92047 of 99968)  Max disp:  0.200
      TRANSLATE (RTRANSLATE)    Acc. Ratio: 0.497   (49706 of 99992)  Max disp:  0.717
      Number of Molecules (ins, blk, cum, stdd)  27.00  29.76  29.55   4.97
 
  Macro-iteration number 900000 (900000 micro) of simulation 1
  ------------------------------------------------------------
  The GCMC Stats:
    Species Name: Methane    Pressure: 196.80 kPa
      INSERT (BINSERT)          Acc. Ratio: 0.415   (62214 of 149743)  
      DELETE (BDELETE)          Acc. Ratio: 0.416   (62174 of 149326)  
      TRANSLATE (RTRANSLATE)    Acc. Ratio: 0.508   (76467 of 150438)  Max disp:  1.015
      Number of Molecules (ins, blk, cum, stdd)  40.00  48.73  44.39   5.78
    Species Name: N2    Pressure: 797.50 kPa
      INSERT (BINSERT)          Acc. Ratio: 0.327   (36881 of 112660)  
      DELETE (BDELETE)          Acc. Ratio: 0.326   (36857 of 113020)  
      ROTATE (RROTATE)          Acc. Ratio: 0.921   (103536 of 112471)  Max disp:  0.200
      TRANSLATE (RTRANSLATE)    Acc. Ratio: 0.509   (57191 of 112336)  Max disp:  0.717
      Number of Molecules (ins, blk, cum, stdd)  24.00  23.98  29.50   4.93
 
  Macro-iteration number 1000000 (1000000 micro) of simulation 1
  ------------------------------------------------------------
  The GCMC Stats:
    Species Name: Methane    Pressure: 196.80 kPa
      INSERT (BINSERT)          Acc. Ratio: 0.415   (69071 of 166352)  
      DELETE (BDELETE)          Acc. Ratio: 0.416   (69025 of 165986)  
      TRANSLATE (RTRANSLATE)    Acc. Ratio: 0.490   (82013 of 167234)  Max disp:  1.015
      Number of Molecules (ins, blk, cum, stdd)  46.00  41.83  44.37   5.76
    Species Name: N2    Pressure: 797.50 kPa
      INSERT (BINSERT)          Acc. Ratio: 0.327   (40985 of 125149)  
      DELETE (BDELETE)          Acc. Ratio: 0.326   (40961 of 125628)  
      ROTATE (RROTATE)          Acc. Ratio: 0.921   (115034 of 124954)  Max disp:  0.200
      TRANSLATE (RTRANSLATE)    Acc. Ratio: 0.491   (61215 of 124691)  Max disp:  1.643
      Number of Molecules (ins, blk, cum, stdd)  24.00  28.97  29.52   4.94
 
 ________ ACTUAL ENERGIES    _____________
    Energy:         -804.772
     Coul:  0.000E+00 0.000E+00 0.000E+00
    NCoul: -0.112E+02-0.928E+01-0.784E+03
    Intramolecular:    bs       bb      tor       ip      con    total
                      0.00000  0.00000  0.00000  0.00000  0.00000  0.00000  0.00000  0.00000
 
 ________ STORED ENERGIES    _____________
    Energy:         -804.772
     Coul:  0.000E+00 0.000E+00 0.000E+00
    NCoul: -0.112E+02-0.928E+01-0.784E+03
    Intramolecular:    bs       bb      tor       ip      con    total
                      0.00000  0.00000  0.00000  0.00000  0.00000  0.00000  0.00000  0.00000
 ________ ACTUAL ENERGIES    _____________
    Energy:         -263.789
     Coul:  0.000E+00 0.000E+00 0.000E+00
    NCoul: -0.928E+01-0.180E+01-0.253E+03
    Intramolecular:    bs       bb      tor       ip      con    total
                      0.00000  0.00000  0.00000  0.00000  0.00000  0.00000  0.00000  0.00000
 
 ________ STORED ENERGIES    _____________
    Energy:         -263.789
     Coul:  0.000E+00 0.000E+00 0.000E+00
    NCoul: -0.928E+01-0.180E+01-0.253E+03
    Intramolecular:    bs       bb      tor       ip      con    total
                      0.00000  0.00000  0.00000  0.00000  0.00000  0.00000  0.00000  0.00000
 ________ ACTUAL ENERGIES    _____________
    Energy:        -1036.982
     Coul:  0.000E+00 0.000E+00 0.000E+00
    NCoul: -0.784E+03-0.253E+03 0.000E+00
    Intramolecular:    bs       bb      tor       ip      con    total
                      0.00000  0.00000  0.00000  0.00000  0.00000  0.00000  0.00000  0.00000
 
 ________ STORED ENERGIES    _____________
    Energy:        -1036.982
     Coul:  0.000E+00 0.000E+00 0.000E+00
    NCoul: -0.784E+03-0.253E+03 0.000E+00
    Intramolecular:    bs       bb      tor       ip      con    total
                      0.00000  0.00000  0.00000  0.00000  0.00000  0.00000  0.00000  0.00000
------------------------------------------------------------
Ending GCMC simulation number 1    Nrg dev check: 0.200E-10
  Methane:  P (kPa): 196.8    loading (molec/uc): 3.697
  N2:  P (kPa): 797.5    loading (molec/uc): 2.460
------------------------------------------------------------
 music.F90 :  297
Main Program   Time: 1.4278 hrs   Number of calls: 1   Time per call: 1.4278 hrs
