 Looking for Control file : ctr2.gcmc
Welcome to MuSiC (GCMC implementation)
Reading from control file ctr2.gcmc
 Initializing General Parameters
------------------------------------------------------------
The ATOMS structure:
  No. of atom types:     4
    Atom Name           : Methane
    Atom Symbol         : CH
    Atom File           : Methane.atm
    Atom Mass           :    16.00
    sscharge, szcharge  :   0.0000  0.0000
    Required # of bonds :   0
    Ion Type            : NONE 
 
    Atom Name           : Nitrogen
    Atom Symbol         : N2
    Atom File           : Nitrogen.atm
    Atom Mass           :    14.00
    sscharge, szcharge  :   0.0000  0.0000
    Required # of bonds :   0
    Ion Type            : NONE 
 
    Atom Name           : Oxygen
    Atom Symbol         : O
    Atom File           : Oxygen.atm
    Atom Mass           :    16.00
    sscharge, szcharge  :  -1.0000 -1.0000
    Required # of bonds :   2
    Ion Type            : NONE 
 
    Atom Name           : Silicon
    Atom Symbol         : S
    Atom File           : Silicon.atm
    Atom Mass           :    28.09
    sscharge, szcharge  :   0.0000  0.0000
    Required # of bonds :   0
    Ion Type            : NONE 
------------------------------------------------------------
    Reading molecule information for Methane from: /home/hermes/music4/sim7/molecules/Methane.mol
 molecule.F90 : 1097
  Molecule will be rotated so that the principle axes 
   will coincide with coordinate system axes
    Reading molecule information for N2 from: /home/hermes/music4/sim7/molecules/N2.mol
 molecule.F90 : 1097
  Molecule will be rotated so that the principle axes 
   will coincide with coordinate system axes
 Generating Connections for N2                                              
    Reading molecule information for sili from: /home/hermes/music4/sim7/molecules/sili.mol
 molecule.F90 : 1097
  Molecule will be rotated so that the principle axes 
   will coincide with coordinate system axes
------------------------------------------------------------
The MOLECULES structure:
  No. of molecule types:     3
------------------------------------------------------------
  Molecule Name       : Methane
  Molecule Mass       : 16.00
  Molecule File       : Methane.mol
  Degrees of freedom  : 3
  DOF origin          : 3N_Calculation
  body axes atom nos  :    0   0   0
  Number of atoms     : 1
  Net Charge          : 0.0
  Dipole Moment(debye): 0.000000000
  Translation xform   : 0.00000   0.00000   0.00000
  Rotational xform    : 
    1.00000   0.00000   0.00000
    0.00000   1.00000   0.00000
    0.00000   0.00000   1.00000
      Atom Name           : Methane
      Atom Type           :    1
      Atom Position       :   0.0000  0.0000  0.0000
      Equilibrium charge  :   0.0000
      MD Set, type        :    0   0
  Connection Information : 
    No connectivity information for Methane
------------------------------------------------------------
  Molecule Name       : N2
  Molecule Mass       : 28.00
  Molecule File       : N2.mol
  Degrees of freedom  : 5
  DOF origin          : Molecule_File
  body axes atom nos  :    0   0   0
  Number of atoms     : 2
  Net Charge          : 0.0
  Dipole Moment(debye): 0.000000000
  Translation xform   : 0.00000   0.00000   0.00000
  Rotational xform    : 
    1.00000   0.00000   0.00000
    0.00000   1.00000   0.00000
    0.00000   0.00000   1.00000
      Atom Name           : Nitrogen
      Atom Type           :    2
      Atom Position       :   0.0000  0.0000  0.0000
      Equilibrium charge  :   0.0000
      MD Set, type        :    0   0
      Atom Name           : Nitrogen
      Atom Type           :    2
      Atom Position       :   1.0980  0.0000  0.0000
      Equilibrium charge  :   0.0000
      MD Set, type        :    0   0
  Connection Information : 
    Connection Information for N2                                              
    Atom     1: No connections
    Atom     2: No connections
------------------------------------------------------------
  Molecule Name       : sili
  Molecule Mass       : 5768.2
  Molecule File       : sili.mol
  Degrees of freedom  : 864
  DOF origin          : 3N_Calculation
  Number of atoms     : 288
  Net Charge          : 0.0
  Dipole Moment(debye): 0.9E-11
  Translation xform   : 0.00000   0.00000   0.00000
  Rotational xform    : 
    1.00000   0.00000   0.00000
    0.00000   1.00000   0.00000
    0.00000   0.00000   1.00000
  Atom list omitted (natoms > 10)
  Connection Information : 
    No connectivity information for sili
------------------------------------------------------------
      The SIMCELL structure:
      nx, ny, nz            :    2   2   3
      ncells                :   12
      ORTHORHOMBIC
      edge lengths (Ang)    :    40.1400   39.8400   40.2600
      cell angles (degrees) :    90.0000   90.0000   90.0000
      origin shift (Ang)    : 0.0000   0.0000   0.0000
      cell vector a         : 40.1400   0.0000   0.0000
      cell vector b         : -0.0000  39.8400   0.0000
      cell vector c         : -0.0000  -0.0000  40.2600
      box width in (a,b,c)  :    40.1400   39.8400   40.2600
      minimum width (Ang)   :    39.8400
      volume (Angstroms^3)  : 64382.89
------------------------------------------------------------
Configuration Section 
No. of species :      3
  ----------------------------------------------------------
  Species name : Methane                                         
    No. of molecules :      0
    No. of atoms     :    1
    Initial Config. Source : GCMC
    Source Filename: NULL
    ----------------------------------------------------------
  Species name : N2                                              
    No. of molecules :      0
    No. of atoms     :    2
    Initial Config. Source : GCMC
    Source Filename: NULL
    ----------------------------------------------------------
  Species name : sili                                            
    No. of molecules :      1
    No. of atoms     : 3456
    Initial Config. Source : FIXED
    Source Filename: NULL
    ----------------------------------------------------------
Initializing intra molecular info from molecule file: /home/hermes/music4/sim7/molecules/Methane.mol
 intramolecular.F90 :  197
 intra filename passed isintramolecular_file                             xx
 intramolecular.F90 :  203
Initialized all intramolecular stuff for Methane
Initializing intra molecular info from molecule file: /home/hermes/music4/sim7/molecules/N2.mol
 intramolecular.F90 :  197
 intra filename passed isintramolecular_file                             xx
 intramolecular.F90 :  203
Initialized all intramolecular stuff for N2
Initializing intra molecular info from molecule file: /home/hermes/music4/sim7/molecules/sili.mol
 intramolecular.F90 :  197
 intra filename passed isintramolecular_file                             xx
 intramolecular.F90 :  203
Initialized all intramolecular stuff for sili
 Finished Initializing Intramolecular interactions
 Initializing Species-Species interactions....
 Finished Initializing Species-Species interactions.
 Finished Initializing Ff interactions.
 Calling ff_initCal
 Call to ff_initCalc successful 
  ------------------------------------------------------------
  The "BASIC" FF information:
  ------------------------------------------------------------
  NON-COULOMBIC SPECIES-SPECIES pair parameters:
  Information taken from: sorb_sorb_file
    ------------------------------------------------------------
    (1,1)  Methane, Methane:          BASIC
      Input Line: NCOUL  BASIC  LJ  FAST  
      Fast interaction?    T
      COM-based cut-off?   F
      COM-COM smoothing?   F
      Atom-Atom PAIR PARAMETERS:
        Information taken from: atom_atom_file
      Overview by atomic pairs:
      (1,1)  Methane, Methane:          LJ
          Methane-Methane LJ parameters from SIGEPS
            Sigma: 3.7300 Ang   Epsilon/k_Boltz: 148.00 K
            A: 0.85E+07 kcal A^12/mol   B: 3168.057 kcal A^6/mol
            high cutoff: 12.00 Ang   low cutoff: 0.001 Ang
    ------------------------------------------------------------
    (1,2)  Methane, N2:               BASIC
      Input Line: NCOUL  BASIC  LJ  FAST  
      Fast interaction?    T
      COM-based cut-off?   F
      COM-COM smoothing?   F
      Atom-Atom PAIR PARAMETERS:
        Information taken from: atom_atom_file
      Overview by atomic pairs:
      (1,1)  Methane, Methane:        OFF
      (1,2)  Methane, Nitrogen:         LJ
          Methane-Nitrogen LJ parameters from SIGEPS
            Sigma: 3.5200 Ang   Epsilon/k_Boltz: 75.960 K
            A: 0.22E+07 kcal A^12/mol   B: 1148.469 kcal A^6/mol
            high cutoff: 12.00 Ang   low cutoff: 0.001 Ang
      (2,2)  Nitrogen, Nitrogen:      OFF
    ------------------------------------------------------------
    (1,3)  Methane, sili:             BASIC
      Input Line: NCOUL  BASIC  LJ  FAST  
      Fast interaction?    T
      COM-based cut-off?   F
      COM-COM smoothing?   F
      Atom-Atom PAIR PARAMETERS:
        Information taken from: atom_atom_file
      Overview by atomic pairs:
      (1,1)  Methane, Methane:        OFF
      (1,3)  Methane, Oxygen:           LJ
          Methane-Oxygen LJ parameters from SIGEPS
            Sigma: 3.6000 Ang   Epsilon/k_Boltz: 96.500 K
            A: 0.36E+07 kcal A^12/mol   B: 1669.632 kcal A^6/mol
            high cutoff: 12.00 Ang   low cutoff: 0.001 Ang
      (1,4)  Methane, Silicon:          LJ
          Methane-Silicon LJ parameters from SIGEPS
            Sigma: 1.0000 Ang   Epsilon/k_Boltz: 0.000 K
            A: 0.00000 kcal A^12/mol   B: 0.00000 kcal A^6/mol
            high cutoff: 12.00 Ang   low cutoff: 0.001 Ang
      (3,3)  Oxygen, Oxygen:          OFF
      (3,4)  Oxygen, Silicon:         OFF
      (4,4)  Silicon, Silicon:        OFF
    ------------------------------------------------------------
    (2,2)  N2, N2:                    BASIC
      Input Line: NCOUL  BASIC  LJ  FAST  
      Fast interaction?    T
      COM-based cut-off?   F
      COM-COM smoothing?   F
      Atom-Atom PAIR PARAMETERS:
        Information taken from: atom_atom_file
      Overview by atomic pairs:
      (2,2)  Nitrogen, Nitrogen:        LJ
          Nitrogen-Nitrogen LJ parameters from SIGEPS
            Sigma: 3.3200 Ang   Epsilon/k_Boltz: 36.400 K
            A: 518843.9 kcal A^12/mol   B: 387.4434 kcal A^6/mol
            high cutoff: 12.00 Ang   low cutoff: 0.001 Ang
    ------------------------------------------------------------
    (2,3)  N2, sili:                  BASIC
      Input Line: NCOUL  BASIC  LJ  FAST  
      Fast interaction?    T
      COM-based cut-off?   F
      COM-COM smoothing?   F
      Atom-Atom PAIR PARAMETERS:
        Information taken from: atom_atom_file
      Overview by atomic pairs:
      (2,2)  Nitrogen, Nitrogen:      OFF
      (2,3)  Nitrogen, Oxygen:          LJ
          Nitrogen-Oxygen LJ parameters from SIGEPS
            Sigma: 3.0620 Ang   Epsilon/k_Boltz: 58.250 K
            A: 314511.5 kcal A^12/mol   B: 381.5974 kcal A^6/mol
            high cutoff: 12.00 Ang   low cutoff: 0.001 Ang
      (2,4)  Nitrogen, Silicon:         LJ
          Nitrogen-Silicon LJ parameters from SIGEPS
            Sigma: 1.0000 Ang   Epsilon/k_Boltz: 0.000 K
            A: 0.00000 kcal A^12/mol   B: 0.00000 kcal A^6/mol
            high cutoff: 12.00 Ang   low cutoff: 0.001 Ang
      (3,3)  Oxygen, Oxygen:          OFF
      (3,4)  Oxygen, Silicon:         OFF
      (4,4)  Silicon, Silicon:        OFF
    ------------------------------------------------------------
    (3,3)  sili, sili:                OFF
  ------------------------------------------------------------
  COULOMBIC SPECIES-SPECIES pair parameters:
  Information taken from: sorb_sorb_file
    ------------------------------------------------------------
    (1,1)  Methane, Methane:          OFF
    ------------------------------------------------------------
    (1,2)  Methane, N2:               OFF
    ------------------------------------------------------------
    (1,3)  Methane, sili:             OFF
    ------------------------------------------------------------
    (2,2)  N2, N2:                    OFF
    ------------------------------------------------------------
    (2,3)  N2, sili:                  OFF
    ------------------------------------------------------------
    (3,3)  sili, sili:                OFF
  ------------------------------------------------------------
  INTRAMOLECULAR information for each species 
    ------------------------------------------------------------
    Intramolecular information for Methane:
      Bond Stretching   :  OFF
      Bond Bending      :  OFF
      Torsion Angles    :  OFF
      Intra Pairwise Pot:  OFF
      Intra Coulombic Pot:  OFF
      Constraints       :  OFF
    ------------------------------------------------------------
    Intramolecular information for N2:
      Bond Stretching   :  OFF
      Bond Bending      :  OFF
      Torsion Angles    :  OFF
      Intra Pairwise Pot:  OFF
      Intra Coulombic Pot:  OFF
      Constraints       :  OFF
    ------------------------------------------------------------
    Intramolecular information for sili:
      Bond Stretching   :  OFF
      Bond Bending      :  OFF
      Torsion Angles    :  OFF
      Intra Pairwise Pot:  OFF
      Intra Coulombic Pot:  OFF
      Constraints       :  OFF
------------------------------------------------------------
Initializing GCMC moves for: Methane                                         
 Initializing biasing details : cavity, bmap etc 
 --------------- WARNING during bmap_cubeinit ---------------
 bmap.F90 :  322
 Automatically adjusting bmap energies here
 maxnrgval :  -2.04557298343594     
 For biasing purposes all energies above this  will be converted to this value
 --------------- END WARNING --------------------------------
Initializing GCMC moves for: N2                                              
 Initializing biasing details : cavity, bmap etc 
 --------------- WARNING during bmap_cubeinit ---------------
 bmap.F90 :  322
 Automatically adjusting bmap energies here
 maxnrgval :  0.396724495155476     
 For biasing purposes all energies above this  will be converted to this value
 --------------- END WARNING --------------------------------
 Energies at the beginning of GCMC simulation: 
   Species Name : Methane                                         
   Species Type : 1
   Pairwise Energies(noncoul, coul) in kJ/mol
              Methane   :   0.00000  0.00000
                   N2   :   0.00000  0.00000
                 sili   :   0.00000  0.00000
   Intramolecular Energies (bs,bb,tor,ip,con,total) in kJ/mol
      0.00000  0.00000  0.00000  0.00000  0.00000  0.00000  0.00000
 
   Species Name : N2                                              
   Species Type : 2
   Pairwise Energies(noncoul, coul) in kJ/mol
              Methane   :   0.00000  0.00000
                   N2   :   0.00000  0.00000
                 sili   :   0.00000  0.00000
   Intramolecular Energies (bs,bb,tor,ip,con,total) in kJ/mol
      0.00000  0.00000  0.00000  0.00000  0.00000  0.00000  0.00000
 
   Species Name : sili                                            
   Species Type : 3
   Pairwise Energies(noncoul, coul) in kJ/mol
              Methane   :   0.00000  0.00000
                   N2   :   0.00000  0.00000
                 sili   :   0.00000  0.00000
   Intramolecular Energies (bs,bb,tor,ip,con,total) in kJ/mol
      0.00000  0.00000  0.00000  0.00000  0.00000  0.00000  0.00000
 
------------------------------------------------------------
The GCMC Parameters Section:
  No. of iterations  :      1
  No. of simulations :      1
  Temperature(K)     :  308.000
  No. of species     :      2
  ------------------------------------------------------------
  GCMC Moves Parameters:
  ------------------------------------------------------------
  Species Name: Methane
    Thermophysical simulation points:
    Pressure  Fugacity     murti  B(Adams)
   0.478E+02 0.478E+02   -15.570    -0.323
    Allowed Move Types and Parameters:
      Basic Move type:    INSERT
      Specific Move type: BINSERT
        Rigid Molecule Biased-Insertion Parameters :
          Type of bias: MAP_BIAS
          Details of Bias for insertion: 
          Bias map file: sili.CH4.pmap
          Bias Temperature, K:  308.000
          Bias map details: 
              Bias map filename: sili.CH4.pmap
              Cumulative Wt:  29636078.    
              No. of tabulated cubelets:    90859
              Cutoff Potential(kcal):     30.00000
          Maximum allowed energy: 0.10E+11 kcal/mol
      ------------------------------------------------------------
      Basic Move type:    DELETE
      Specific Move type: BDELETE
        Rigid Molecule Deletion Parameters :
          Type of bias: MAP_BIAS
          Details of Bias for insertion: 
          Bias map file: sili.CH4.pmap
          Bias Temperature, K:  308.000
          Bias map details: 
              Bias map filename: sili.CH4.pmap
              Cumulative Wt:  29636078.    
              No. of tabulated cubelets:    90859
              Cutoff Potential(kcal):     30.00000
          Maximum allowed energy: 0.10E+11 kcal/mol
      ------------------------------------------------------------
      Basic Move type:    TRANSLATE
      Specific Move type: RTRANSLATE
        Rigid Molecule Random-Translation Parameters :
        Scaling of Translation length allowed.
        Initial translation length:      0.20000
        Maximum allowed energy: 0.10E+11 kcal/mol
      ------------------------------------------------------------
  ------------------------------------------------------------
  ------------------------------------------------------------
  Species Name: N2
    Thermophysical simulation points:
    Pressure  Fugacity     murti  B(Adams)
   0.192E+03 0.192E+03   -15.020     1.067
    Allowed Move Types and Parameters:
      Basic Move type:    INSERT
      Specific Move type: BINSERT
        Rigid Molecule Biased-Insertion Parameters :
          Type of bias: MAP_BIAS
          Details of Bias for insertion: 
          Bias map file: sili.N2.pmap
          Bias Temperature, K:  308.000
          Bias map details: 
              Bias map filename: sili.N2.pmap
              Cumulative Wt:  555291.88    
              No. of tabulated cubelets:   149590
              Cutoff Potential(kcal):     30.00000
          Maximum allowed energy: 0.10E+11 kcal/mol
      ------------------------------------------------------------
      Basic Move type:    DELETE
      Specific Move type: BDELETE
        Rigid Molecule Deletion Parameters :
          Type of bias: MAP_BIAS
          Details of Bias for insertion: 
          Bias map file: sili.N2.pmap
          Bias Temperature, K:  308.000
          Bias map details: 
              Bias map filename: sili.N2.pmap
              Cumulative Wt:  555291.88    
              No. of tabulated cubelets:   149590
              Cutoff Potential(kcal):     30.00000
          Maximum allowed energy: 0.10E+11 kcal/mol
      ------------------------------------------------------------
      Basic Move type:    ROTATE
      Specific Move type: RROTATE
        Rigid Molecule Random-Rotation Parameters :
        Scaling of Rotation increment not allowed.
        Initial rotation-delta:      0.20000
        Maximum allowed energy: 0.10E+11 kcal/mol
      ------------------------------------------------------------
      Basic Move type:    TRANSLATE
      Specific Move type: RTRANSLATE
        Rigid Molecule Random-Translation Parameters :
        Scaling of Translation length allowed.
        Initial translation length:      0.20000
        Maximum allowed energy: 0.10E+11 kcal/mol
      ------------------------------------------------------------
 
 
------------------------------------------------------------
Beginning GCMC simulation number 1 of 1   (1000000 steps)
------------------------------------------------------------
The GCMC Simulation Parameters:
  Simulation Number :    1
  Configuration file: sili.MIX.con.2
  Restart file      : sili.MIX.res.2
  ------------------------------------------------------------
  GCMC Species Parameters:
    ----------------------------------------------------------
    Species Name: Methane
      Press.(kPa)   Fugacity      murti   B(Adams)
           47.810     47.810    -15.570     -0.323
    ----------------------------------------------------------
    Species Name: N2
      Press.(kPa)   Fugacity      murti   B(Adams)
          191.900    191.900    -15.020      1.067
    ----------------------------------------------------------


  Macro-iteration number 100000 (100000 micro) of simulation 1
  ------------------------------------------------------------
  The GCMC Stats:
    Species Name: Methane    Pressure: 47.810 kPa
      INSERT (BINSERT)          Acc. Ratio: 0.636   (10712 of 16834)  
      DELETE (BDELETE)          Acc. Ratio: 0.655   (10689 of 16320)  
      TRANSLATE (RTRANSLATE)    Acc. Ratio: 0.495   (8291 of 16766)  Max disp:  2.000
      Number of Molecules (ins, blk, cum, stdd)  23.00  16.19  15.28   3.54
    Species Name: N2    Pressure: 191.90 kPa
      INSERT (BINSERT)          Acc. Ratio: 0.503   (6287 of 12507)  
      DELETE (BDELETE)          Acc. Ratio: 0.498   (6276 of 12590)  
      ROTATE (RROTATE)          Acc. Ratio: 0.934   (11650 of 12468)  Max disp:  0.200
      TRANSLATE (RTRANSLATE)    Acc. Ratio: 0.510   (6380 of 12509)  Max disp:  0.811
      Number of Molecules (ins, blk, cum, stdd)  11.00  10.68   9.86   3.07
 
  Macro-iteration number 200000 (200000 micro) of simulation 1
  ------------------------------------------------------------
  The GCMC Stats:
    Species Name: Methane    Pressure: 47.810 kPa
      INSERT (BINSERT)          Acc. Ratio: 0.638   (21366 of 33491)  
      DELETE (BDELETE)          Acc. Ratio: 0.649   (21346 of 32882)  
      TRANSLATE (RTRANSLATE)    Acc. Ratio: 0.505   (16853 of 33390)  Max disp:  0.350
      Number of Molecules (ins, blk, cum, stdd)  20.00  14.95  15.39   3.76
    Species Name: N2    Pressure: 191.90 kPa
      INSERT (BINSERT)          Acc. Ratio: 0.500   (12551 of 25086)  
      DELETE (BDELETE)          Acc. Ratio: 0.499   (12538 of 25114)  
      ROTATE (RROTATE)          Acc. Ratio: 0.933   (23423 of 25116)  Max disp:  0.200
      TRANSLATE (RTRANSLATE)    Acc. Ratio: 0.491   (12228 of 24915)  Max disp:  1.345
      Number of Molecules (ins, blk, cum, stdd)  13.00  12.08  10.06   3.13
 
  Macro-iteration number 300000 (300000 micro) of simulation 1
  ------------------------------------------------------------
  The GCMC Stats:
    Species Name: Methane    Pressure: 47.810 kPa
      INSERT (BINSERT)          Acc. Ratio: 0.638   (31946 of 50102)  
      DELETE (BDELETE)          Acc. Ratio: 0.646   (31935 of 49431)  
      TRANSLATE (RTRANSLATE)    Acc. Ratio: 0.506   (25444 of 50240)  Max disp:  0.232
      Number of Molecules (ins, blk, cum, stdd)  11.00  16.38  15.36   3.79
    Species Name: N2    Pressure: 191.90 kPa
      INSERT (BINSERT)          Acc. Ratio: 0.500   (18800 of 37577)  
      DELETE (BDELETE)          Acc. Ratio: 0.499   (18790 of 37637)  
      ROTATE (RROTATE)          Acc. Ratio: 0.931   (34957 of 37558)  Max disp:  0.200
      TRANSLATE (RTRANSLATE)    Acc. Ratio: 0.507   (18986 of 37439)  Max disp:  0.387
      Number of Molecules (ins, blk, cum, stdd)  10.00  10.20  10.08   3.14
 
  Macro-iteration number 400000 (400000 micro) of simulation 1
  ------------------------------------------------------------
  The GCMC Stats:
    Species Name: Methane    Pressure: 47.810 kPa
      INSERT (BINSERT)          Acc. Ratio: 0.636   (42443 of 66777)  
      DELETE (BDELETE)          Acc. Ratio: 0.643   (42419 of 66006)  
      TRANSLATE (RTRANSLATE)    Acc. Ratio: 0.501   (33620 of 67049)  Max disp:  1.289
      Number of Molecules (ins, blk, cum, stdd)  24.00  14.42  15.34   3.77
    Species Name: N2    Pressure: 191.90 kPa
      INSERT (BINSERT)          Acc. Ratio: 0.501   (25113 of 50155)  
      DELETE (BDELETE)          Acc. Ratio: 0.500   (25104 of 50165)  
      ROTATE (RROTATE)          Acc. Ratio: 0.931   (46506 of 49966)  Max disp:  0.200
      TRANSLATE (RTRANSLATE)    Acc. Ratio: 0.494   (24648 of 49866)  Max disp:  1.381
      Number of Molecules (ins, blk, cum, stdd)   9.00  11.00  10.15   3.12
 
  Macro-iteration number 500000 (500000 micro) of simulation 1
  ------------------------------------------------------------
  The GCMC Stats:
    Species Name: Methane    Pressure: 47.810 kPa
      INSERT (BINSERT)          Acc. Ratio: 0.635   (52998 of 83521)  
      DELETE (BDELETE)          Acc. Ratio: 0.641   (52980 of 82610)  
      TRANSLATE (RTRANSLATE)    Acc. Ratio: 0.494   (41439 of 83814)  Max disp:  0.232
      Number of Molecules (ins, blk, cum, stdd)  18.00  15.83  15.39   3.80
    Species Name: N2    Pressure: 191.90 kPa
      INSERT (BINSERT)          Acc. Ratio: 0.500   (31330 of 62614)  
      DELETE (BDELETE)          Acc. Ratio: 0.500   (31322 of 62593)  
      ROTATE (RROTATE)          Acc. Ratio: 0.931   (58153 of 62448)  Max disp:  0.200
      TRANSLATE (RTRANSLATE)    Acc. Ratio: 0.495   (30897 of 62384)  Max disp:  1.867
      Number of Molecules (ins, blk, cum, stdd)   8.00  10.43  10.18   3.11
 
  Macro-iteration number 600000 (600000 micro) of simulation 1
  ------------------------------------------------------------
  The GCMC Stats:
    Species Name: Methane    Pressure: 47.810 kPa
      INSERT (BINSERT)          Acc. Ratio: 0.634   (63493 of 100101)  
      DELETE (BDELETE)          Acc. Ratio: 0.640   (63479 of 99261)  
      TRANSLATE (RTRANSLATE)    Acc. Ratio: 0.505   (50862 of 100769)  Max disp:  0.289
      Number of Molecules (ins, blk, cum, stdd)  14.00  15.01  15.37   3.78
    Species Name: N2    Pressure: 191.90 kPa
      INSERT (BINSERT)          Acc. Ratio: 0.501   (37605 of 75022)  
      DELETE (BDELETE)          Acc. Ratio: 0.500   (37591 of 75141)  
      ROTATE (RROTATE)          Acc. Ratio: 0.931   (69786 of 74991)  Max disp:  0.200
      TRANSLATE (RTRANSLATE)    Acc. Ratio: 0.501   (37390 of 74697)  Max disp:  1.443
      Number of Molecules (ins, blk, cum, stdd)  14.00  10.13  10.17   3.11
 
  Macro-iteration number 700000 (700000 micro) of simulation 1
  ------------------------------------------------------------
  The GCMC Stats:
    Species Name: Methane    Pressure: 47.810 kPa
      INSERT (BINSERT)          Acc. Ratio: 0.635   (74061 of 116641)  
      DELETE (BDELETE)          Acc. Ratio: 0.638   (74045 of 116040)  
      TRANSLATE (RTRANSLATE)    Acc. Ratio: 0.502   (58901 of 117251)  Max disp:  0.198
      Number of Molecules (ins, blk, cum, stdd)  16.00  16.04  15.37   3.78
    Species Name: N2    Pressure: 191.90 kPa
      INSERT (BINSERT)          Acc. Ratio: 0.500   (43848 of 87644)  
      DELETE (BDELETE)          Acc. Ratio: 0.500   (43838 of 87641)  
      ROTATE (RROTATE)          Acc. Ratio: 0.930   (81414 of 87511)  Max disp:  0.200
      TRANSLATE (RTRANSLATE)    Acc. Ratio: 0.508   (44348 of 87254)  Max disp:  0.380
      Number of Molecules (ins, blk, cum, stdd)  10.00  10.36  10.19   3.10
 
  Macro-iteration number 800000 (800000 micro) of simulation 1
  ------------------------------------------------------------
  The GCMC Stats:
    Species Name: Methane    Pressure: 47.810 kPa
      INSERT (BINSERT)          Acc. Ratio: 0.634   (84519 of 133225)  
      DELETE (BDELETE)          Acc. Ratio: 0.637   (84503 of 132655)  
      TRANSLATE (RTRANSLATE)    Acc. Ratio: 0.502   (67298 of 133951)  Max disp:  0.313
      Number of Molecules (ins, blk, cum, stdd)  16.00  14.93  15.34   3.80
    Species Name: N2    Pressure: 191.90 kPa
      INSERT (BINSERT)          Acc. Ratio: 0.501   (50149 of 100052)  
      DELETE (BDELETE)          Acc. Ratio: 0.500   (50141 of 100259)  
      ROTATE (RROTATE)          Acc. Ratio: 0.929   (92748 of 99783)  Max disp:  0.200
      TRANSLATE (RTRANSLATE)    Acc. Ratio: 0.508   (50861 of 100057)  Max disp:  0.232
      Number of Molecules (ins, blk, cum, stdd)   8.00   9.48  10.18   3.08
 
  Macro-iteration number 900000 (900000 micro) of simulation 1
  ------------------------------------------------------------
  The GCMC Stats:
    Species Name: Methane    Pressure: 47.810 kPa
      INSERT (BINSERT)          Acc. Ratio: 0.635   (95143 of 149878)  
      DELETE (BDELETE)          Acc. Ratio: 0.638   (95126 of 149203)  
      TRANSLATE (RTRANSLATE)    Acc. Ratio: 0.498   (75013 of 150588)  Max disp:  0.961
      Number of Molecules (ins, blk, cum, stdd)  17.00  15.78  15.32   3.79
    Species Name: N2    Pressure: 191.90 kPa
      INSERT (BINSERT)          Acc. Ratio: 0.501   (56503 of 112689)  
      DELETE (BDELETE)          Acc. Ratio: 0.501   (56490 of 112864)  
      ROTATE (RROTATE)          Acc. Ratio: 0.930   (104486 of 112380)  Max disp:  0.200
      TRANSLATE (RTRANSLATE)    Acc. Ratio: 0.502   (56372 of 112380)  Max disp:  0.316
      Number of Molecules (ins, blk, cum, stdd)  13.00   9.24  10.17   3.08
 
  Macro-iteration number 1000000 (1000000 micro) of simulation 1
  ------------------------------------------------------------
  The GCMC Stats:
    Species Name: Methane    Pressure: 47.810 kPa
      INSERT (BINSERT)          Acc. Ratio: 0.635   (105770 of 166546)  
      DELETE (BDELETE)          Acc. Ratio: 0.638   (105760 of 165886)  
      TRANSLATE (RTRANSLATE)    Acc. Ratio: 0.498   (83299 of 167330)  Max disp:  0.402
      Number of Molecules (ins, blk, cum, stdd)  10.00  14.46  15.32   3.80
    Species Name: N2    Pressure: 191.90 kPa
      INSERT (BINSERT)          Acc. Ratio: 0.501   (62731 of 125159)  
      DELETE (BDELETE)          Acc. Ratio: 0.500   (62720 of 125446)  
      ROTATE (RROTATE)          Acc. Ratio: 0.929   (116026 of 124872)  Max disp:  0.200
      TRANSLATE (RTRANSLATE)    Acc. Ratio: 0.490   (61180 of 124743)  Max disp:  0.647
      Number of Molecules (ins, blk, cum, stdd)  11.00   9.29  10.16   3.07
 
 ________ ACTUAL ENERGIES    _____________
    Energy:         -166.867
     Coul:  0.000E+00 0.000E+00 0.000E+00
    NCoul: -0.113E+01-0.111E+01-0.165E+03
    Intramolecular:    bs       bb      tor       ip      con    total
                      0.00000  0.00000  0.00000  0.00000  0.00000  0.00000  0.00000  0.00000
 
 ________ STORED ENERGIES    _____________
    Energy:         -166.867
     Coul:  0.000E+00 0.000E+00 0.000E+00
    NCoul: -0.113E+01-0.111E+01-0.165E+03
    Intramolecular:    bs       bb      tor       ip      con    total
                      0.00000  0.00000  0.00000  0.00000  0.00000  0.00000  0.00000  0.00000
 ________ ACTUAL ENERGIES    _____________
    Energy:         -110.683
     Coul:  0.000E+00 0.000E+00 0.000E+00
    NCoul: -0.111E+01-0.369E+00-0.109E+03
    Intramolecular:    bs       bb      tor       ip      con    total
                      0.00000  0.00000  0.00000  0.00000  0.00000  0.00000  0.00000  0.00000
 
 ________ STORED ENERGIES    _____________
    Energy:         -110.683
     Coul:  0.000E+00 0.000E+00 0.000E+00
    NCoul: -0.111E+01-0.369E+00-0.109E+03
    Intramolecular:    bs       bb      tor       ip      con    total
                      0.00000  0.00000  0.00000  0.00000  0.00000  0.00000  0.00000  0.00000
 ________ ACTUAL ENERGIES    _____________
    Energy:         -273.825
     Coul:  0.000E+00 0.000E+00 0.000E+00
    NCoul: -0.165E+03-0.109E+03 0.000E+00
    Intramolecular:    bs       bb      tor       ip      con    total
                      0.00000  0.00000  0.00000  0.00000  0.00000  0.00000  0.00000  0.00000
 
 ________ STORED ENERGIES    _____________
    Energy:         -273.825
     Coul:  0.000E+00 0.000E+00 0.000E+00
    NCoul: -0.165E+03-0.109E+03 0.000E+00
    Intramolecular:    bs       bb      tor       ip      con    total
                      0.00000  0.00000  0.00000  0.00000  0.00000  0.00000  0.00000  0.00000
------------------------------------------------------------
Ending GCMC simulation number 1    Nrg dev check: 0.515E-11
  Methane:  P (kPa): 47.81    loading (molec/uc): 1.277
  N2:  P (kPa): 191.9    loading (molec/uc): 0.847
------------------------------------------------------------
 music.F90 :  297
Main Program   Time: 1.4254 hrs   Number of calls: 1   Time per call: 1.4254 hrs
