 Looking for Control file : ctr5.gcmc
Welcome to MuSiC (GCMC implementation)
Reading from control file ctr5.gcmc
 Initializing General Parameters
------------------------------------------------------------
The ATOMS structure:
  No. of atom types:     4
    Atom Name           : Methane
    Atom Symbol         : CH
    Atom File           : Methane.atm
    Atom Mass           :    16.00
    sscharge, szcharge  :   0.0000  0.0000
    Required # of bonds :   0
    Ion Type            : NONE 
 
    Atom Name           : Nitrogen
    Atom Symbol         : N2
    Atom File           : Nitrogen.atm
    Atom Mass           :    14.00
    sscharge, szcharge  :   0.0000  0.0000
    Required # of bonds :   0
    Ion Type            : NONE 
 
    Atom Name           : Oxygen
    Atom Symbol         : O
    Atom File           : Oxygen.atm
    Atom Mass           :    16.00
    sscharge, szcharge  :  -1.0000 -1.0000
    Required # of bonds :   2
    Ion Type            : NONE 
 
    Atom Name           : Silicon
    Atom Symbol         : S
    Atom File           : Silicon.atm
    Atom Mass           :    28.09
    sscharge, szcharge  :   0.0000  0.0000
    Required # of bonds :   0
    Ion Type            : NONE 
------------------------------------------------------------
    Reading molecule information for Methane from: /home/hermes/music4/sim7/molecules/Methane.mol
 molecule.F90 : 1097
  Molecule will be rotated so that the principle axes 
   will coincide with coordinate system axes
    Reading molecule information for N2 from: /home/hermes/music4/sim7/molecules/N2.mol
 molecule.F90 : 1097
  Molecule will be rotated so that the principle axes 
   will coincide with coordinate system axes
 Generating Connections for N2                                              
    Reading molecule information for sili from: /home/hermes/music4/sim7/molecules/sili.mol
 molecule.F90 : 1097
  Molecule will be rotated so that the principle axes 
   will coincide with coordinate system axes
------------------------------------------------------------
The MOLECULES structure:
  No. of molecule types:     3
------------------------------------------------------------
  Molecule Name       : Methane
  Molecule Mass       : 16.00
  Molecule File       : Methane.mol
  Degrees of freedom  : 3
  DOF origin          : 3N_Calculation
  body axes atom nos  :    0   0   0
  Number of atoms     : 1
  Net Charge          : 0.0
  Dipole Moment(debye): 0.000000000
  Translation xform   : 0.00000   0.00000   0.00000
  Rotational xform    : 
    1.00000   0.00000   0.00000
    0.00000   1.00000   0.00000
    0.00000   0.00000   1.00000
      Atom Name           : Methane
      Atom Type           :    1
      Atom Position       :   0.0000  0.0000  0.0000
      Equilibrium charge  :   0.0000
      MD Set, type        :    0   0
  Connection Information : 
    No connectivity information for Methane
------------------------------------------------------------
  Molecule Name       : N2
  Molecule Mass       : 28.00
  Molecule File       : N2.mol
  Degrees of freedom  : 5
  DOF origin          : Molecule_File
  body axes atom nos  :    0   0   0
  Number of atoms     : 2
  Net Charge          : 0.0
  Dipole Moment(debye): 0.000000000
  Translation xform   : 0.00000   0.00000   0.00000
  Rotational xform    : 
    1.00000   0.00000   0.00000
    0.00000   1.00000   0.00000
    0.00000   0.00000   1.00000
      Atom Name           : Nitrogen
      Atom Type           :    2
      Atom Position       :   0.0000  0.0000  0.0000
      Equilibrium charge  :   0.0000
      MD Set, type        :    0   0
      Atom Name           : Nitrogen
      Atom Type           :    2
      Atom Position       :   1.0980  0.0000  0.0000
      Equilibrium charge  :   0.0000
      MD Set, type        :    0   0
  Connection Information : 
    Connection Information for N2                                              
    Atom     1: No connections
    Atom     2: No connections
------------------------------------------------------------
  Molecule Name       : sili
  Molecule Mass       : 5768.2
  Molecule File       : sili.mol
  Degrees of freedom  : 864
  DOF origin          : 3N_Calculation
  Number of atoms     : 288
  Net Charge          : 0.0
  Dipole Moment(debye): 0.9E-11
  Translation xform   : 0.00000   0.00000   0.00000
  Rotational xform    : 
    1.00000   0.00000   0.00000
    0.00000   1.00000   0.00000
    0.00000   0.00000   1.00000
  Atom list omitted (natoms > 10)
  Connection Information : 
    No connectivity information for sili
------------------------------------------------------------
      The SIMCELL structure:
      nx, ny, nz            :    2   2   3
      ncells                :   12
      ORTHORHOMBIC
      edge lengths (Ang)    :    40.1400   39.8400   40.2600
      cell angles (degrees) :    90.0000   90.0000   90.0000
      origin shift (Ang)    : 0.0000   0.0000   0.0000
      cell vector a         : 40.1400   0.0000   0.0000
      cell vector b         : -0.0000  39.8400   0.0000
      cell vector c         : -0.0000  -0.0000  40.2600
      box width in (a,b,c)  :    40.1400   39.8400   40.2600
      minimum width (Ang)   :    39.8400
      volume (Angstroms^3)  : 64382.89
------------------------------------------------------------
Configuration Section 
No. of species :      3
  ----------------------------------------------------------
  Species name : Methane                                         
    No. of molecules :      0
    No. of atoms     :    1
    Initial Config. Source : GCMC
    Source Filename: NULL
    ----------------------------------------------------------
  Species name : N2                                              
    No. of molecules :      0
    No. of atoms     :    2
    Initial Config. Source : GCMC
    Source Filename: NULL
    ----------------------------------------------------------
  Species name : sili                                            
    No. of molecules :      1
    No. of atoms     : 3456
    Initial Config. Source : FIXED
    Source Filename: NULL
    ----------------------------------------------------------
Initializing intra molecular info from molecule file: /home/hermes/music4/sim7/molecules/Methane.mol
 intramolecular.F90 :  197
 intra filename passed isintramolecular_file                             xx
 intramolecular.F90 :  203
Initialized all intramolecular stuff for Methane
Initializing intra molecular info from molecule file: /home/hermes/music4/sim7/molecules/N2.mol
 intramolecular.F90 :  197
 intra filename passed isintramolecular_file                             xx
 intramolecular.F90 :  203
Initialized all intramolecular stuff for N2
Initializing intra molecular info from molecule file: /home/hermes/music4/sim7/molecules/sili.mol
 intramolecular.F90 :  197
 intra filename passed isintramolecular_file                             xx
 intramolecular.F90 :  203
Initialized all intramolecular stuff for sili
 Finished Initializing Intramolecular interactions
 Initializing Species-Species interactions....
 Finished Initializing Species-Species interactions.
 Finished Initializing Ff interactions.
 Calling ff_initCal
 Call to ff_initCalc successful 
  ------------------------------------------------------------
  The "BASIC" FF information:
  ------------------------------------------------------------
  NON-COULOMBIC SPECIES-SPECIES pair parameters:
  Information taken from: sorb_sorb_file
    ------------------------------------------------------------
    (1,1)  Methane, Methane:          BASIC
      Input Line: NCOUL  BASIC  LJ  FAST  
      Fast interaction?    T
      COM-based cut-off?   F
      COM-COM smoothing?   F
      Atom-Atom PAIR PARAMETERS:
        Information taken from: atom_atom_file
      Overview by atomic pairs:
      (1,1)  Methane, Methane:          LJ
          Methane-Methane LJ parameters from SIGEPS
            Sigma: 3.7300 Ang   Epsilon/k_Boltz: 148.00 K
            A: 0.85E+07 kcal A^12/mol   B: 3168.057 kcal A^6/mol
            high cutoff: 12.00 Ang   low cutoff: 0.001 Ang
    ------------------------------------------------------------
    (1,2)  Methane, N2:               BASIC
      Input Line: NCOUL  BASIC  LJ  FAST  
      Fast interaction?    T
      COM-based cut-off?   F
      COM-COM smoothing?   F
      Atom-Atom PAIR PARAMETERS:
        Information taken from: atom_atom_file
      Overview by atomic pairs:
      (1,1)  Methane, Methane:        OFF
      (1,2)  Methane, Nitrogen:         LJ
          Methane-Nitrogen LJ parameters from SIGEPS
            Sigma: 3.5200 Ang   Epsilon/k_Boltz: 75.960 K
            A: 0.22E+07 kcal A^12/mol   B: 1148.469 kcal A^6/mol
            high cutoff: 12.00 Ang   low cutoff: 0.001 Ang
      (2,2)  Nitrogen, Nitrogen:      OFF
    ------------------------------------------------------------
    (1,3)  Methane, sili:             BASIC
      Input Line: NCOUL  BASIC  LJ  FAST  
      Fast interaction?    T
      COM-based cut-off?   F
      COM-COM smoothing?   F
      Atom-Atom PAIR PARAMETERS:
        Information taken from: atom_atom_file
      Overview by atomic pairs:
      (1,1)  Methane, Methane:        OFF
      (1,3)  Methane, Oxygen:           LJ
          Methane-Oxygen LJ parameters from SIGEPS
            Sigma: 3.6000 Ang   Epsilon/k_Boltz: 96.500 K
            A: 0.36E+07 kcal A^12/mol   B: 1669.632 kcal A^6/mol
            high cutoff: 12.00 Ang   low cutoff: 0.001 Ang
      (1,4)  Methane, Silicon:          LJ
          Methane-Silicon LJ parameters from SIGEPS
            Sigma: 1.0000 Ang   Epsilon/k_Boltz: 0.000 K
            A: 0.00000 kcal A^12/mol   B: 0.00000 kcal A^6/mol
            high cutoff: 12.00 Ang   low cutoff: 0.001 Ang
      (3,3)  Oxygen, Oxygen:          OFF
      (3,4)  Oxygen, Silicon:         OFF
      (4,4)  Silicon, Silicon:        OFF
    ------------------------------------------------------------
    (2,2)  N2, N2:                    BASIC
      Input Line: NCOUL  BASIC  LJ  FAST  
      Fast interaction?    T
      COM-based cut-off?   F
      COM-COM smoothing?   F
      Atom-Atom PAIR PARAMETERS:
        Information taken from: atom_atom_file
      Overview by atomic pairs:
      (2,2)  Nitrogen, Nitrogen:        LJ
          Nitrogen-Nitrogen LJ parameters from SIGEPS
            Sigma: 3.3200 Ang   Epsilon/k_Boltz: 36.400 K
            A: 518843.9 kcal A^12/mol   B: 387.4434 kcal A^6/mol
            high cutoff: 12.00 Ang   low cutoff: 0.001 Ang
    ------------------------------------------------------------
    (2,3)  N2, sili:                  BASIC
      Input Line: NCOUL  BASIC  LJ  FAST  
      Fast interaction?    T
      COM-based cut-off?   F
      COM-COM smoothing?   F
      Atom-Atom PAIR PARAMETERS:
        Information taken from: atom_atom_file
      Overview by atomic pairs:
      (2,2)  Nitrogen, Nitrogen:      OFF
      (2,3)  Nitrogen, Oxygen:          LJ
          Nitrogen-Oxygen LJ parameters from SIGEPS
            Sigma: 3.0620 Ang   Epsilon/k_Boltz: 58.250 K
            A: 314511.5 kcal A^12/mol   B: 381.5974 kcal A^6/mol
            high cutoff: 12.00 Ang   low cutoff: 0.001 Ang
      (2,4)  Nitrogen, Silicon:         LJ
          Nitrogen-Silicon LJ parameters from SIGEPS
            Sigma: 1.0000 Ang   Epsilon/k_Boltz: 0.000 K
            A: 0.00000 kcal A^12/mol   B: 0.00000 kcal A^6/mol
            high cutoff: 12.00 Ang   low cutoff: 0.001 Ang
      (3,3)  Oxygen, Oxygen:          OFF
      (3,4)  Oxygen, Silicon:         OFF
      (4,4)  Silicon, Silicon:        OFF
    ------------------------------------------------------------
    (3,3)  sili, sili:                OFF
  ------------------------------------------------------------
  COULOMBIC SPECIES-SPECIES pair parameters:
  Information taken from: sorb_sorb_file
    ------------------------------------------------------------
    (1,1)  Methane, Methane:          OFF
    ------------------------------------------------------------
    (1,2)  Methane, N2:               OFF
    ------------------------------------------------------------
    (1,3)  Methane, sili:             OFF
    ------------------------------------------------------------
    (2,2)  N2, N2:                    OFF
    ------------------------------------------------------------
    (2,3)  N2, sili:                  OFF
    ------------------------------------------------------------
    (3,3)  sili, sili:                OFF
  ------------------------------------------------------------
  INTRAMOLECULAR information for each species 
    ------------------------------------------------------------
    Intramolecular information for Methane:
      Bond Stretching   :  OFF
      Bond Bending      :  OFF
      Torsion Angles    :  OFF
      Intra Pairwise Pot:  OFF
      Intra Coulombic Pot:  OFF
      Constraints       :  OFF
    ------------------------------------------------------------
    Intramolecular information for N2:
      Bond Stretching   :  OFF
      Bond Bending      :  OFF
      Torsion Angles    :  OFF
      Intra Pairwise Pot:  OFF
      Intra Coulombic Pot:  OFF
      Constraints       :  OFF
    ------------------------------------------------------------
    Intramolecular information for sili:
      Bond Stretching   :  OFF
      Bond Bending      :  OFF
      Torsion Angles    :  OFF
      Intra Pairwise Pot:  OFF
      Intra Coulombic Pot:  OFF
      Constraints       :  OFF
------------------------------------------------------------
Initializing GCMC moves for: Methane                                         
 Initializing biasing details : cavity, bmap etc 
 --------------- WARNING during bmap_cubeinit ---------------
 bmap.F90 :  322
 Automatically adjusting bmap energies here
 maxnrgval :  -2.04557298343594     
 For biasing purposes all energies above this  will be converted to this value
 --------------- END WARNING --------------------------------
Initializing GCMC moves for: N2                                              
 Initializing biasing details : cavity, bmap etc 
 --------------- WARNING during bmap_cubeinit ---------------
 bmap.F90 :  322
 Automatically adjusting bmap energies here
 maxnrgval :  0.396724495155476     
 For biasing purposes all energies above this  will be converted to this value
 --------------- END WARNING --------------------------------
 Energies at the beginning of GCMC simulation: 
   Species Name : Methane                                         
   Species Type : 1
   Pairwise Energies(noncoul, coul) in kJ/mol
              Methane   :   0.00000  0.00000
                   N2   :   0.00000  0.00000
                 sili   :   0.00000  0.00000
   Intramolecular Energies (bs,bb,tor,ip,con,total) in kJ/mol
      0.00000  0.00000  0.00000  0.00000  0.00000  0.00000  0.00000
 
   Species Name : N2                                              
   Species Type : 2
   Pairwise Energies(noncoul, coul) in kJ/mol
              Methane   :   0.00000  0.00000
                   N2   :   0.00000  0.00000
                 sili   :   0.00000  0.00000
   Intramolecular Energies (bs,bb,tor,ip,con,total) in kJ/mol
      0.00000  0.00000  0.00000  0.00000  0.00000  0.00000  0.00000
 
   Species Name : sili                                            
   Species Type : 3
   Pairwise Energies(noncoul, coul) in kJ/mol
              Methane   :   0.00000  0.00000
                   N2   :   0.00000  0.00000
                 sili   :   0.00000  0.00000
   Intramolecular Energies (bs,bb,tor,ip,con,total) in kJ/mol
      0.00000  0.00000  0.00000  0.00000  0.00000  0.00000  0.00000
 
------------------------------------------------------------
The GCMC Parameters Section:
  No. of iterations  :      1
  No. of simulations :      1
  Temperature(K)     :  308.000
  No. of species     :      2
  ------------------------------------------------------------
  GCMC Moves Parameters:
  ------------------------------------------------------------
  Species Name: Methane
    Thermophysical simulation points:
    Pressure  Fugacity     murti  B(Adams)
   0.160E+03 0.160E+03   -14.363     0.884
    Allowed Move Types and Parameters:
      Basic Move type:    INSERT
      Specific Move type: BINSERT
        Rigid Molecule Biased-Insertion Parameters :
          Type of bias: MAP_BIAS
          Details of Bias for insertion: 
          Bias map file: sili.CH4.pmap
          Bias Temperature, K:  308.000
          Bias map details: 
              Bias map filename: sili.CH4.pmap
              Cumulative Wt:  29636078.    
              No. of tabulated cubelets:    90859
              Cutoff Potential(kcal):     30.00000
          Maximum allowed energy: 0.10E+11 kcal/mol
      ------------------------------------------------------------
      Basic Move type:    DELETE
      Specific Move type: BDELETE
        Rigid Molecule Deletion Parameters :
          Type of bias: MAP_BIAS
          Details of Bias for insertion: 
          Bias map file: sili.CH4.pmap
          Bias Temperature, K:  308.000
          Bias map details: 
              Bias map filename: sili.CH4.pmap
              Cumulative Wt:  29636078.    
              No. of tabulated cubelets:    90859
              Cutoff Potential(kcal):     30.00000
          Maximum allowed energy: 0.10E+11 kcal/mol
      ------------------------------------------------------------
      Basic Move type:    TRANSLATE
      Specific Move type: RTRANSLATE
        Rigid Molecule Random-Translation Parameters :
        Scaling of Translation length allowed.
        Initial translation length:      0.20000
        Maximum allowed energy: 0.10E+11 kcal/mol
      ------------------------------------------------------------
  ------------------------------------------------------------
  ------------------------------------------------------------
  Species Name: N2
    Thermophysical simulation points:
    Pressure  Fugacity     murti  B(Adams)
   0.646E+03 0.646E+03   -13.806     2.281
    Allowed Move Types and Parameters:
      Basic Move type:    INSERT
      Specific Move type: BINSERT
        Rigid Molecule Biased-Insertion Parameters :
          Type of bias: MAP_BIAS
          Details of Bias for insertion: 
          Bias map file: sili.N2.pmap
          Bias Temperature, K:  308.000
          Bias map details: 
              Bias map filename: sili.N2.pmap
              Cumulative Wt:  555291.88    
              No. of tabulated cubelets:   149590
              Cutoff Potential(kcal):     30.00000
          Maximum allowed energy: 0.10E+11 kcal/mol
      ------------------------------------------------------------
      Basic Move type:    DELETE
      Specific Move type: BDELETE
        Rigid Molecule Deletion Parameters :
          Type of bias: MAP_BIAS
          Details of Bias for insertion: 
          Bias map file: sili.N2.pmap
          Bias Temperature, K:  308.000
          Bias map details: 
              Bias map filename: sili.N2.pmap
              Cumulative Wt:  555291.88    
              No. of tabulated cubelets:   149590
              Cutoff Potential(kcal):     30.00000
          Maximum allowed energy: 0.10E+11 kcal/mol
      ------------------------------------------------------------
      Basic Move type:    ROTATE
      Specific Move type: RROTATE
        Rigid Molecule Random-Rotation Parameters :
        Scaling of Rotation increment not allowed.
        Initial rotation-delta:      0.20000
        Maximum allowed energy: 0.10E+11 kcal/mol
      ------------------------------------------------------------
      Basic Move type:    TRANSLATE
      Specific Move type: RTRANSLATE
        Rigid Molecule Random-Translation Parameters :
        Scaling of Translation length allowed.
        Initial translation length:      0.20000
        Maximum allowed energy: 0.10E+11 kcal/mol
      ------------------------------------------------------------
 
 
------------------------------------------------------------
Beginning GCMC simulation number 1 of 1   (1000000 steps)
------------------------------------------------------------
The GCMC Simulation Parameters:
  Simulation Number :    1
  Configuration file: sili.MIX.con.5
  Restart file      : sili.MIX.res.5
  ------------------------------------------------------------
  GCMC Species Parameters:
    ----------------------------------------------------------
    Species Name: Methane
      Press.(kPa)   Fugacity      murti   B(Adams)
          159.900    159.900    -14.363      0.884
    ----------------------------------------------------------
    Species Name: N2
      Press.(kPa)   Fugacity      murti   B(Adams)
          646.300    646.300    -13.806      2.281
    ----------------------------------------------------------


  Macro-iteration number 100000 (100000 micro) of simulation 1
  ------------------------------------------------------------
  The GCMC Stats:
    Species Name: Methane    Pressure: 159.90 kPa
      INSERT (BINSERT)          Acc. Ratio: 0.462   (7751 of 16761)  
      DELETE (BDELETE)          Acc. Ratio: 0.472   (7710 of 16341)  
      TRANSLATE (RTRANSLATE)    Acc. Ratio: 0.490   (8216 of 16766)  Max disp:  0.429
      Number of Molecules (ins, blk, cum, stdd)  41.00  41.67  39.43   5.39
    Species Name: N2    Pressure: 646.30 kPa
      INSERT (BINSERT)          Acc. Ratio: 0.358   (4466 of 12484)  
      DELETE (BDELETE)          Acc. Ratio: 0.353   (4439 of 12576)  
      ROTATE (RROTATE)          Acc. Ratio: 0.926   (11626 of 12551)  Max disp:  0.200
      TRANSLATE (RTRANSLATE)    Acc. Ratio: 0.501   (6264 of 12515)  Max disp:  0.988
      Number of Molecules (ins, blk, cum, stdd)  27.00  24.77  24.62   4.65
 
  Macro-iteration number 200000 (200000 micro) of simulation 1
  ------------------------------------------------------------
  The GCMC Stats:
    Species Name: Methane    Pressure: 159.90 kPa
      INSERT (BINSERT)          Acc. Ratio: 0.462   (15478 of 33479)  
      DELETE (BDELETE)          Acc. Ratio: 0.470   (15449 of 32902)  
      TRANSLATE (RTRANSLATE)    Acc. Ratio: 0.495   (16547 of 33418)  Max disp:  0.388
      Number of Molecules (ins, blk, cum, stdd)  29.00  34.96  39.46   5.52
    Species Name: N2    Pressure: 646.30 kPa
      INSERT (BINSERT)          Acc. Ratio: 0.354   (8852 of 24996)  
      DELETE (BDELETE)          Acc. Ratio: 0.352   (8831 of 25101)  
      ROTATE (RROTATE)          Acc. Ratio: 0.926   (23331 of 25204)  Max disp:  0.200
      TRANSLATE (RTRANSLATE)    Acc. Ratio: 0.497   (12372 of 24894)  Max disp:  0.988
      Number of Molecules (ins, blk, cum, stdd)  21.00  31.31  25.27   4.86
 
  Macro-iteration number 300000 (300000 micro) of simulation 1
  ------------------------------------------------------------
  The GCMC Stats:
    Species Name: Methane    Pressure: 159.90 kPa
      INSERT (BINSERT)          Acc. Ratio: 0.461   (23056 of 50048)  
      DELETE (BDELETE)          Acc. Ratio: 0.465   (23010 of 49448)  
      TRANSLATE (RTRANSLATE)    Acc. Ratio: 0.504   (25343 of 50281)  Max disp:  2.000
      Number of Molecules (ins, blk, cum, stdd)  46.00  43.70  39.40   5.45
    Species Name: N2    Pressure: 646.30 kPa
      INSERT (BINSERT)          Acc. Ratio: 0.356   (13341 of 37466)  
      DELETE (BDELETE)          Acc. Ratio: 0.354   (13314 of 37661)  
      ROTATE (RROTATE)          Acc. Ratio: 0.925   (34842 of 37656)  Max disp:  0.200
      TRANSLATE (RTRANSLATE)    Acc. Ratio: 0.495   (18528 of 37434)  Max disp:  0.988
      Number of Molecules (ins, blk, cum, stdd)  27.00  25.43  25.48   4.71
 
  Macro-iteration number 400000 (400000 micro) of simulation 1
  ------------------------------------------------------------
  The GCMC Stats:
    Species Name: Methane    Pressure: 159.90 kPa
      INSERT (BINSERT)          Acc. Ratio: 0.457   (30526 of 66741)  
      DELETE (BDELETE)          Acc. Ratio: 0.462   (30483 of 66037)  
      TRANSLATE (RTRANSLATE)    Acc. Ratio: 0.502   (33662 of 67102)  Max disp:  0.510
      Number of Molecules (ins, blk, cum, stdd)  43.00  38.28  39.26   5.51
    Species Name: N2    Pressure: 646.30 kPa
      INSERT (BINSERT)          Acc. Ratio: 0.357   (17869 of 50036)  
      DELETE (BDELETE)          Acc. Ratio: 0.355   (17840 of 50184)  
      ROTATE (RROTATE)          Acc. Ratio: 0.927   (46382 of 50061)  Max disp:  0.200
      TRANSLATE (RTRANSLATE)    Acc. Ratio: 0.493   (24551 of 49833)  Max disp:  0.988
      Number of Molecules (ins, blk, cum, stdd)  29.00  26.58  25.81   4.68
 
  Macro-iteration number 500000 (500000 micro) of simulation 1
  ------------------------------------------------------------
  The GCMC Stats:
    Species Name: Methane    Pressure: 159.90 kPa
      INSERT (BINSERT)          Acc. Ratio: 0.457   (38105 of 83444)  
      DELETE (BDELETE)          Acc. Ratio: 0.460   (38059 of 82651)  
      TRANSLATE (RTRANSLATE)    Acc. Ratio: 0.493   (41394 of 83926)  Max disp:  0.599
      Number of Molecules (ins, blk, cum, stdd)  46.00  38.59  39.30   5.56
    Species Name: N2    Pressure: 646.30 kPa
      INSERT (BINSERT)          Acc. Ratio: 0.357   (22301 of 62496)  
      DELETE (BDELETE)          Acc. Ratio: 0.356   (22280 of 62606)  
      ROTATE (RROTATE)          Acc. Ratio: 0.925   (57857 of 62524)  Max disp:  0.200
      TRANSLATE (RTRANSLATE)    Acc. Ratio: 0.492   (30654 of 62347)  Max disp:  0.988
      Number of Molecules (ins, blk, cum, stdd)  21.00  26.53  25.89   4.69
 
  Macro-iteration number 600000 (600000 micro) of simulation 1
  ------------------------------------------------------------
  The GCMC Stats:
    Species Name: Methane    Pressure: 159.90 kPa
      INSERT (BINSERT)          Acc. Ratio: 0.457   (45712 of 100052)  
      DELETE (BDELETE)          Acc. Ratio: 0.460   (45665 of 99341)  
      TRANSLATE (RTRANSLATE)    Acc. Ratio: 0.502   (50674 of 100858)  Max disp:  0.599
      Number of Molecules (ins, blk, cum, stdd)  47.00  43.39  39.45   5.57
    Species Name: N2    Pressure: 646.30 kPa
      INSERT (BINSERT)          Acc. Ratio: 0.356   (26664 of 74899)  
      DELETE (BDELETE)          Acc. Ratio: 0.354   (26629 of 75190)  
      ROTATE (RROTATE)          Acc. Ratio: 0.925   (69428 of 75050)  Max disp:  0.200
      TRANSLATE (RTRANSLATE)    Acc. Ratio: 0.491   (36634 of 74604)  Max disp:  0.988
      Number of Molecules (ins, blk, cum, stdd)  35.00  25.71  25.75   4.67
 
  Macro-iteration number 700000 (700000 micro) of simulation 1
  ------------------------------------------------------------
  The GCMC Stats:
    Species Name: Methane    Pressure: 159.90 kPa
      INSERT (BINSERT)          Acc. Ratio: 0.457   (53258 of 116554)  
      DELETE (BDELETE)          Acc. Ratio: 0.458   (53225 of 116132)  
      TRANSLATE (RTRANSLATE)    Acc. Ratio: 0.507   (59521 of 117369)  Max disp:  1.309
      Number of Molecules (ins, blk, cum, stdd)  33.00  39.49  39.31   5.57
    Species Name: N2    Pressure: 646.30 kPa
      INSERT (BINSERT)          Acc. Ratio: 0.356   (31125 of 87543)  
      DELETE (BDELETE)          Acc. Ratio: 0.355   (31097 of 87658)  
      ROTATE (RROTATE)          Acc. Ratio: 0.924   (80939 of 87579)  Max disp:  0.200
      TRANSLATE (RTRANSLATE)    Acc. Ratio: 0.491   (42822 of 87159)  Max disp:  0.988
      Number of Molecules (ins, blk, cum, stdd)  28.00  24.41  25.85   4.71
 
  Macro-iteration number 800000 (800000 micro) of simulation 1
  ------------------------------------------------------------
  The GCMC Stats:
    Species Name: Methane    Pressure: 159.90 kPa
      INSERT (BINSERT)          Acc. Ratio: 0.457   (60867 of 133175)  
      DELETE (BDELETE)          Acc. Ratio: 0.458   (60824 of 132740)  
      TRANSLATE (RTRANSLATE)    Acc. Ratio: 0.499   (66926 of 134041)  Max disp:  0.494
      Number of Molecules (ins, blk, cum, stdd)  43.00  35.83  39.13   5.64
    Species Name: N2    Pressure: 646.30 kPa
      INSERT (BINSERT)          Acc. Ratio: 0.357   (35678 of 99949)  
      DELETE (BDELETE)          Acc. Ratio: 0.355   (35651 of 100294)  
      ROTATE (RROTATE)          Acc. Ratio: 0.924   (92231 of 99850)  Max disp:  0.200
      TRANSLATE (RTRANSLATE)    Acc. Ratio: 0.492   (49151 of 99945)  Max disp:  0.988
      Number of Molecules (ins, blk, cum, stdd)  27.00  23.81  25.88   4.72
 
  Macro-iteration number 900000 (900000 micro) of simulation 1
  ------------------------------------------------------------
  The GCMC Stats:
    Species Name: Methane    Pressure: 159.90 kPa
      INSERT (BINSERT)          Acc. Ratio: 0.457   (68468 of 149870)  
      DELETE (BDELETE)          Acc. Ratio: 0.458   (68426 of 149283)  
      TRANSLATE (RTRANSLATE)    Acc. Ratio: 0.500   (75375 of 150613)  Max disp:  2.000
      Number of Molecules (ins, blk, cum, stdd)  42.00  42.67  39.09   5.68
    Species Name: N2    Pressure: 646.30 kPa
      INSERT (BINSERT)          Acc. Ratio: 0.358   (40277 of 112591)  
      DELETE (BDELETE)          Acc. Ratio: 0.356   (40252 of 112946)  
      ROTATE (RROTATE)          Acc. Ratio: 0.924   (103813 of 112392)  Max disp:  0.200
      TRANSLATE (RTRANSLATE)    Acc. Ratio: 0.491   (55128 of 112299)  Max disp:  0.988
      Number of Molecules (ins, blk, cum, stdd)  25.00  20.65  25.85   4.72
 
  Macro-iteration number 1000000 (1000000 micro) of simulation 1
  ------------------------------------------------------------
  The GCMC Stats:
    Species Name: Methane    Pressure: 159.90 kPa
      INSERT (BINSERT)          Acc. Ratio: 0.457   (76084 of 166546)  
      DELETE (BDELETE)          Acc. Ratio: 0.458   (76044 of 165970)  
      TRANSLATE (RTRANSLATE)    Acc. Ratio: 0.498   (83285 of 167313)  Max disp:  2.000
      Number of Molecules (ins, blk, cum, stdd)  40.00  39.18  39.19   5.67
    Species Name: N2    Pressure: 646.30 kPa
      INSERT (BINSERT)          Acc. Ratio: 0.358   (44711 of 125058)  
      DELETE (BDELETE)          Acc. Ratio: 0.356   (44691 of 125579)  
      ROTATE (RROTATE)          Acc. Ratio: 0.923   (115281 of 124900)  Max disp:  0.200
      TRANSLATE (RTRANSLATE)    Acc. Ratio: 0.491   (61167 of 124628)  Max disp:  0.988
      Number of Molecules (ins, blk, cum, stdd)  20.00  25.08  25.81   4.67
 
 ________ ACTUAL ENERGIES    _____________
    Energy:         -681.944
     Coul:  0.000E+00 0.000E+00 0.000E+00
    NCoul: -0.132E+02-0.518E+01-0.664E+03
    Intramolecular:    bs       bb      tor       ip      con    total
                      0.00000  0.00000  0.00000  0.00000  0.00000  0.00000  0.00000  0.00000
 
 ________ STORED ENERGIES    _____________
    Energy:         -681.944
     Coul:  0.000E+00 0.000E+00 0.000E+00
    NCoul: -0.132E+02-0.518E+01-0.664E+03
    Intramolecular:    bs       bb      tor       ip      con    total
                      0.00000  0.00000  0.00000  0.00000  0.00000  0.00000  0.00000  0.00000
 ________ ACTUAL ENERGIES    _____________
    Energy:         -215.700
     Coul:  0.000E+00 0.000E+00 0.000E+00
    NCoul: -0.518E+01-0.246E+01-0.208E+03
    Intramolecular:    bs       bb      tor       ip      con    total
                      0.00000  0.00000  0.00000  0.00000  0.00000  0.00000  0.00000  0.00000
 
 ________ STORED ENERGIES    _____________
    Energy:         -215.700
     Coul:  0.000E+00 0.000E+00 0.000E+00
    NCoul: -0.518E+01-0.246E+01-0.208E+03
    Intramolecular:    bs       bb      tor       ip      con    total
                      0.00000  0.00000  0.00000  0.00000  0.00000  0.00000  0.00000  0.00000
 ________ ACTUAL ENERGIES    _____________
    Energy:         -871.613
     Coul:  0.000E+00 0.000E+00 0.000E+00
    NCoul: -0.664E+03-0.208E+03 0.000E+00
    Intramolecular:    bs       bb      tor       ip      con    total
                      0.00000  0.00000  0.00000  0.00000  0.00000  0.00000  0.00000  0.00000
 
 ________ STORED ENERGIES    _____________
    Energy:         -871.613
     Coul:  0.000E+00 0.000E+00 0.000E+00
    NCoul: -0.664E+03-0.208E+03 0.000E+00
    Intramolecular:    bs       bb      tor       ip      con    total
                      0.00000  0.00000  0.00000  0.00000  0.00000  0.00000  0.00000  0.00000
------------------------------------------------------------
Ending GCMC simulation number 1    Nrg dev check: 0.425E-11
  Methane:  P (kPa): 159.9    loading (molec/uc): 3.266
  N2:  P (kPa): 646.3    loading (molec/uc): 2.151
------------------------------------------------------------
 music.F90 :  297
Main Program   Time: 1.4260 hrs   Number of calls: 1   Time per call: 1.4260 hrs
