 Looking for Control file : ctr4.gcmc
Welcome to MuSiC (GCMC implementation)
Reading from control file ctr4.gcmc
 Initializing General Parameters
------------------------------------------------------------
The ATOMS structure:
  No. of atom types:     3
    Atom Name           : Nitrogen
    Atom Symbol         : N2
    Atom File           : Nitrogen.atm
    Atom Mass           :    14.00
    sscharge, szcharge  :   0.0000  0.0000
    Required # of bonds :   0
    Ion Type            : NONE 
 
    Atom Name           : Oxygen
    Atom Symbol         : O
    Atom File           : Oxygen.atm
    Atom Mass           :    16.00
    sscharge, szcharge  :  -1.0000 -1.0000
    Required # of bonds :   2
    Ion Type            : NONE 
 
    Atom Name           : Silicon
    Atom Symbol         : S
    Atom File           : Silicon.atm
    Atom Mass           :    28.09
    sscharge, szcharge  :   0.0000  0.0000
    Required # of bonds :   0
    Ion Type            : NONE 
------------------------------------------------------------
    Reading molecule information for N2 from: /home/hermes/music4/sim5/molecules/N2.mol
 molecule.F90 : 1097
  Molecule will be rotated so that the principle axes 
   will coincide with coordinate system axes
 Generating Connections for N2                                              
    Reading molecule information for sili from: /home/hermes/music4/sim5/molecules/sili.mol
 molecule.F90 : 1097
  Molecule will be rotated so that the principle axes 
   will coincide with coordinate system axes
------------------------------------------------------------
The MOLECULES structure:
  No. of molecule types:     2
------------------------------------------------------------
  Molecule Name       : N2
  Molecule Mass       : 28.00
  Molecule File       : N2.mol
  Degrees of freedom  : 5
  DOF origin          : Molecule_File
  body axes atom nos  :    0   0   0
  Number of atoms     : 2
  Net Charge          : 0.0
  Dipole Moment(debye): 0.000000000
  Translation xform   : 0.00000   0.00000   0.00000
  Rotational xform    : 
    1.00000   0.00000   0.00000
    0.00000   1.00000   0.00000
    0.00000   0.00000   1.00000
      Atom Name           : Nitrogen
      Atom Type           :    1
      Atom Position       :   0.0000  0.0000  0.0000
      Equilibrium charge  :   0.0000
      MD Set, type        :    0   0
      Atom Name           : Nitrogen
      Atom Type           :    1
      Atom Position       :   1.0980  0.0000  0.0000
      Equilibrium charge  :   0.0000
      MD Set, type        :    0   0
  Connection Information : 
    Connection Information for N2                                              
    Atom     1: No connections
    Atom     2: No connections
------------------------------------------------------------
  Molecule Name       : sili
  Molecule Mass       : 5768.2
  Molecule File       : sili.mol
  Degrees of freedom  : 864
  DOF origin          : 3N_Calculation
  Number of atoms     : 288
  Net Charge          : 0.0
  Dipole Moment(debye): 0.9E-11
  Translation xform   : 0.00000   0.00000   0.00000
  Rotational xform    : 
    1.00000   0.00000   0.00000
    0.00000   1.00000   0.00000
    0.00000   0.00000   1.00000
  Atom list omitted (natoms > 10)
  Connection Information : 
    No connectivity information for sili
------------------------------------------------------------
      The SIMCELL structure:
      nx, ny, nz            :    2   2   3
      ncells                :   12
      ORTHORHOMBIC
      edge lengths (Ang)    :    40.1400   39.8400   40.2600
      cell angles (degrees) :    90.0000   90.0000   90.0000
      origin shift (Ang)    : 0.0000   0.0000   0.0000
      cell vector a         : 40.1400   0.0000   0.0000
      cell vector b         : -0.0000  39.8400   0.0000
      cell vector c         : -0.0000  -0.0000  40.2600
      box width in (a,b,c)  :    40.1400   39.8400   40.2600
      minimum width (Ang)   :    39.8400
      volume (Angstroms^3)  : 64382.89
------------------------------------------------------------
Configuration Section 
No. of species :      2
  ----------------------------------------------------------
  Species name : N2                                              
    No. of molecules :      0
    No. of atoms     :    2
    Initial Config. Source : GCMC
    Source Filename: NULL
    ----------------------------------------------------------
  Species name : sili                                            
    No. of molecules :      1
    No. of atoms     : 3456
    Initial Config. Source : FIXED
    Source Filename: NULL
    ----------------------------------------------------------
Initializing intra molecular info from molecule file: /home/hermes/music4/sim5/molecules/N2.mol
 intramolecular.F90 :  197
 intra filename passed isintramolecular_file                             xx
 intramolecular.F90 :  203
Initialized all intramolecular stuff for N2
Initializing intra molecular info from molecule file: /home/hermes/music4/sim5/molecules/sili.mol
 intramolecular.F90 :  197
 intra filename passed isintramolecular_file                             xx
 intramolecular.F90 :  203
Initialized all intramolecular stuff for sili
 Finished Initializing Intramolecular interactions
 Initializing Species-Species interactions....
 Finished Initializing Species-Species interactions.
 Finished Initializing Ff interactions.
 Calling ff_initCal
 Call to ff_initCalc successful 
  ------------------------------------------------------------
  The "BASIC" FF information:
  ------------------------------------------------------------
  NON-COULOMBIC SPECIES-SPECIES pair parameters:
  Information taken from: sorb_sorb_file
    ------------------------------------------------------------
    (1,1)  N2, N2:                    BASIC
      Input Line: NCOUL  BASIC  LJ  FAST  
      Fast interaction?    T
      COM-based cut-off?   F
      COM-COM smoothing?   F
      Atom-Atom PAIR PARAMETERS:
        Information taken from: atom_atom_file
      Overview by atomic pairs:
      (1,1)  Nitrogen, Nitrogen:        LJ
          Nitrogen-Nitrogen LJ parameters from SIGEPS
            Sigma: 3.3200 Ang   Epsilon/k_Boltz: 36.400 K
            A: 518843.9 kcal A^12/mol   B: 387.4434 kcal A^6/mol
            high cutoff: 12.00 Ang   low cutoff: 0.001 Ang
    ------------------------------------------------------------
    (1,2)  N2, sili:                  BASIC
      Input Line: NCOUL  BASIC  LJ  FAST  
      Fast interaction?    T
      COM-based cut-off?   F
      COM-COM smoothing?   F
      Atom-Atom PAIR PARAMETERS:
        Information taken from: atom_atom_file
      Overview by atomic pairs:
      (1,1)  Nitrogen, Nitrogen:      OFF
      (1,2)  Nitrogen, Oxygen:          LJ
          Nitrogen-Oxygen LJ parameters from SIGEPS
            Sigma: 3.0620 Ang   Epsilon/k_Boltz: 58.250 K
            A: 314511.5 kcal A^12/mol   B: 381.5974 kcal A^6/mol
            high cutoff: 12.00 Ang   low cutoff: 0.001 Ang
      (1,3)  Nitrogen, Silicon:         LJ
          Nitrogen-Silicon LJ parameters from SIGEPS
            Sigma: 1.0000 Ang   Epsilon/k_Boltz: 0.000 K
            A: 0.00000 kcal A^12/mol   B: 0.00000 kcal A^6/mol
            high cutoff: 12.00 Ang   low cutoff: 0.001 Ang
      (2,2)  Oxygen, Oxygen:          OFF
      (2,3)  Oxygen, Silicon:         OFF
      (3,3)  Silicon, Silicon:        OFF
    ------------------------------------------------------------
    (2,2)  sili, sili:                OFF
  ------------------------------------------------------------
  COULOMBIC SPECIES-SPECIES pair parameters:
  Information taken from: sorb_sorb_file
    ------------------------------------------------------------
    (1,1)  N2, N2:                    OFF
    ------------------------------------------------------------
    (1,2)  N2, sili:                  OFF
    ------------------------------------------------------------
    (2,2)  sili, sili:                OFF
  ------------------------------------------------------------
  INTRAMOLECULAR information for each species 
    ------------------------------------------------------------
    Intramolecular information for N2:
      Bond Stretching   :  OFF
      Bond Bending      :  OFF
      Torsion Angles    :  OFF
      Intra Pairwise Pot:  OFF
      Intra Coulombic Pot:  OFF
      Constraints       :  OFF
    ------------------------------------------------------------
    Intramolecular information for sili:
      Bond Stretching   :  OFF
      Bond Bending      :  OFF
      Torsion Angles    :  OFF
      Intra Pairwise Pot:  OFF
      Intra Coulombic Pot:  OFF
      Constraints       :  OFF
------------------------------------------------------------
Initializing GCMC moves for: N2                                              
 Initializing biasing details : cavity, bmap etc 
 --------------- WARNING during bmap_cubeinit ---------------
 bmap.F90 :  322
 Automatically adjusting bmap energies here
 maxnrgval :  0.344677446586906     
 For biasing purposes all energies above this  will be converted to this value
 --------------- END WARNING --------------------------------
 Energies at the beginning of GCMC simulation: 
   Species Name : N2                                              
   Species Type : 1
   Pairwise Energies(noncoul, coul) in kJ/mol
                   N2   :   0.00000  0.00000
                 sili   :   0.00000  0.00000
   Intramolecular Energies (bs,bb,tor,ip,con,total) in kJ/mol
      0.00000  0.00000  0.00000  0.00000  0.00000  0.00000  0.00000
 
   Species Name : sili                                            
   Species Type : 2
   Pairwise Energies(noncoul, coul) in kJ/mol
                   N2   :   0.00000  0.00000
                 sili   :   0.00000  0.00000
   Intramolecular Energies (bs,bb,tor,ip,con,total) in kJ/mol
      0.00000  0.00000  0.00000  0.00000  0.00000  0.00000  0.00000
 
------------------------------------------------------------
The GCMC Parameters Section:
  No. of iterations  :      1
  No. of simulations :      1
  Temperature(K)     :  298.000
  No. of species     :      1
  ------------------------------------------------------------
  GCMC Moves Parameters:
  ------------------------------------------------------------
  Species Name: N2
    Thermophysical simulation points:
    Pressure  Fugacity     murti  B(Adams)
   0.149E+04 0.149E+04   -12.887     3.150
    Allowed Move Types and Parameters:
      Basic Move type:    INSERT
      Specific Move type: BINSERT
        Rigid Molecule Biased-Insertion Parameters :
          Type of bias: MAP_BIAS
          Details of Bias for insertion: 
          Bias map file: sili.N2.pmap
          Bias Temperature, K:  298.000
          Bias map details: 
              Bias map filename: sili.N2.pmap
              Cumulative Wt:  593585.90    
              No. of tabulated cubelets:   149590
              Cutoff Potential(kcal):     30.00000
          Maximum allowed energy: 0.10E+11 kcal/mol
      ------------------------------------------------------------
      Basic Move type:    DELETE
      Specific Move type: BDELETE
        Rigid Molecule Deletion Parameters :
          Type of bias: MAP_BIAS
          Details of Bias for insertion: 
          Bias map file: sili.N2.pmap
          Bias Temperature, K:  298.000
          Bias map details: 
              Bias map filename: sili.N2.pmap
              Cumulative Wt:  593585.90    
              No. of tabulated cubelets:   149590
              Cutoff Potential(kcal):     30.00000
          Maximum allowed energy: 0.10E+11 kcal/mol
      ------------------------------------------------------------
      Basic Move type:    ROTATE
      Specific Move type: RROTATE
        Rigid Molecule Random-Rotation Parameters :
        Scaling of Rotation increment not allowed.
        Initial rotation-delta:      0.20000
        Maximum allowed energy: 0.10E+11 kcal/mol
      ------------------------------------------------------------
      Basic Move type:    TRANSLATE
      Specific Move type: RTRANSLATE
        Rigid Molecule Random-Translation Parameters :
        Scaling of Translation length allowed.
        Initial translation length:      0.20000
        Maximum allowed energy: 0.10E+11 kcal/mol
      ------------------------------------------------------------
 
 
------------------------------------------------------------
Beginning GCMC simulation number 1 of 1   (1000000 steps)
------------------------------------------------------------
The GCMC Simulation Parameters:
  Simulation Number :    1
  Configuration file: sili.N2.con.4
  Restart file      : sili.N2.res.4
  ------------------------------------------------------------
  GCMC Species Parameters:
    ----------------------------------------------------------
    Species Name: N2
      Press.(kPa)   Fugacity      murti   B(Adams)
         1491.000   1491.000    -12.887      3.150
    ----------------------------------------------------------


  Macro-iteration number 100000 (100000 micro) of simulation 1
  ------------------------------------------------------------
  The GCMC Stats:
    Species Name: N2    Pressure: 1491.0 kPa
      INSERT (BINSERT)          Acc. Ratio: 0.357   (5097 of 14270)  
      DELETE (BDELETE)          Acc. Ratio: 0.350   (5036 of 14371)  
      ROTATE (RROTATE)          Acc. Ratio: 0.918   (52558 of 57232)  Max disp:  0.200
      TRANSLATE (RTRANSLATE)    Acc. Ratio: 0.507   (7159 of 14119)  Max disp:  1.082
      Number of Molecules (ins, blk, cum, stdd)  61.00  65.67  69.69   7.83
 
  Macro-iteration number 200000 (200000 micro) of simulation 1
  ------------------------------------------------------------
  The GCMC Stats:
    Species Name: N2    Pressure: 1491.0 kPa
      INSERT (BINSERT)          Acc. Ratio: 0.359   (10249 of 28520)  
      DELETE (BDELETE)          Acc. Ratio: 0.354   (10176 of 28757)  
      ROTATE (RROTATE)          Acc. Ratio: 0.919   (104888 of 114138)  Max disp:  0.200
      TRANSLATE (RTRANSLATE)    Acc. Ratio: 0.509   (14558 of 28577)  Max disp:  0.795
      Number of Molecules (ins, blk, cum, stdd)  73.00  74.71  69.05   7.29
 
  Macro-iteration number 300000 (300000 micro) of simulation 1
  ------------------------------------------------------------
  The GCMC Stats:
    Species Name: N2    Pressure: 1491.0 kPa
      INSERT (BINSERT)          Acc. Ratio: 0.360   (15378 of 42741)  
      DELETE (BDELETE)          Acc. Ratio: 0.356   (15313 of 43035)  
      ROTATE (RROTATE)          Acc. Ratio: 0.919   (157605 of 171436)  Max disp:  0.200
      TRANSLATE (RTRANSLATE)    Acc. Ratio: 0.503   (21511 of 42780)  Max disp:  0.967
      Number of Molecules (ins, blk, cum, stdd)  65.00  65.05  68.33   6.89
 
  Macro-iteration number 400000 (400000 micro) of simulation 1
  ------------------------------------------------------------
  The GCMC Stats:
    Species Name: N2    Pressure: 1491.0 kPa
      INSERT (BINSERT)          Acc. Ratio: 0.358   (20365 of 56891)  
      DELETE (BDELETE)          Acc. Ratio: 0.354   (20291 of 57377)  
      ROTATE (RROTATE)          Acc. Ratio: 0.919   (210208 of 228616)  Max disp:  0.200
      TRANSLATE (RTRANSLATE)    Acc. Ratio: 0.502   (28679 of 57108)  Max disp:  0.967
      Number of Molecules (ins, blk, cum, stdd)  74.00  70.00  68.31   6.60
 
  Macro-iteration number 500000 (500000 micro) of simulation 1
  ------------------------------------------------------------
  The GCMC Stats:
    Species Name: N2    Pressure: 1491.0 kPa
      INSERT (BINSERT)          Acc. Ratio: 0.356   (25314 of 71012)  
      DELETE (BDELETE)          Acc. Ratio: 0.353   (25255 of 71581)  
      ROTATE (RROTATE)          Acc. Ratio: 0.920   (262899 of 285863)  Max disp:  0.200
      TRANSLATE (RTRANSLATE)    Acc. Ratio: 0.499   (35694 of 71536)  Max disp:  0.967
      Number of Molecules (ins, blk, cum, stdd)  59.00  71.75  68.40   6.56
 
  Macro-iteration number 600000 (600000 micro) of simulation 1
  ------------------------------------------------------------
  The GCMC Stats:
    Species Name: N2    Pressure: 1491.0 kPa
      INSERT (BINSERT)          Acc. Ratio: 0.356   (30433 of 85408)  
      DELETE (BDELETE)          Acc. Ratio: 0.353   (30368 of 86069)  
      ROTATE (RROTATE)          Acc. Ratio: 0.920   (315105 of 342616)  Max disp:  0.200
      TRANSLATE (RTRANSLATE)    Acc. Ratio: 0.498   (42818 of 85899)  Max disp:  0.967
      Number of Molecules (ins, blk, cum, stdd)  65.00  66.75  68.38   6.58
 
  Macro-iteration number 700000 (700000 micro) of simulation 1
  ------------------------------------------------------------
  The GCMC Stats:
    Species Name: N2    Pressure: 1491.0 kPa
      INSERT (BINSERT)          Acc. Ratio: 0.355   (35384 of 99690)  
      DELETE (BDELETE)          Acc. Ratio: 0.352   (35320 of 100283)  
      ROTATE (RROTATE)          Acc. Ratio: 0.920   (367859 of 399860)  Max disp:  0.200
      TRANSLATE (RTRANSLATE)    Acc. Ratio: 0.498   (49842 of 100159)  Max disp:  0.967
      Number of Molecules (ins, blk, cum, stdd)  64.00  60.95  68.38   6.58
 
  Macro-iteration number 800000 (800000 micro) of simulation 1
  ------------------------------------------------------------
  The GCMC Stats:
    Species Name: N2    Pressure: 1491.0 kPa
      INSERT (BINSERT)          Acc. Ratio: 0.355   (40433 of 113995)  
      DELETE (BDELETE)          Acc. Ratio: 0.352   (40370 of 114597)  
      ROTATE (RROTATE)          Acc. Ratio: 0.920   (420174 of 456763)  Max disp:  0.200
      TRANSLATE (RTRANSLATE)    Acc. Ratio: 0.497   (57027 of 114637)  Max disp:  0.967
      Number of Molecules (ins, blk, cum, stdd)  63.00  63.04  68.39   6.64
 
  Macro-iteration number 900000 (900000 micro) of simulation 1
  ------------------------------------------------------------
  The GCMC Stats:
    Species Name: N2    Pressure: 1491.0 kPa
      INSERT (BINSERT)          Acc. Ratio: 0.355   (45425 of 128090)  
      DELETE (BDELETE)          Acc. Ratio: 0.352   (45355 of 128823)  
      ROTATE (RROTATE)          Acc. Ratio: 0.920   (473114 of 514242)  Max disp:  0.200
      TRANSLATE (RTRANSLATE)    Acc. Ratio: 0.496   (63953 of 128837)  Max disp:  0.967
      Number of Molecules (ins, blk, cum, stdd)  70.00  65.45  68.60   6.59
 
  Macro-iteration number 1000000 (1000000 micro) of simulation 1
  ------------------------------------------------------------
  The GCMC Stats:
    Species Name: N2    Pressure: 1491.0 kPa
      INSERT (BINSERT)          Acc. Ratio: 0.354   (50428 of 142420)  
      DELETE (BDELETE)          Acc. Ratio: 0.352   (50358 of 143161)  
      ROTATE (RROTATE)          Acc. Ratio: 0.920   (525689 of 571283)  Max disp:  0.200
      TRANSLATE (RTRANSLATE)    Acc. Ratio: 0.495   (70782 of 143128)  Max disp:  0.967
      Number of Molecules (ins, blk, cum, stdd)  70.00  67.92  68.79   6.54
 
 ________ ACTUAL ENERGIES    _____________
    Energy:         -767.828
     Coul:  0.000E+00 0.000E+00
    NCoul: -0.137E+02-0.754E+03
    Intramolecular:    bs       bb      tor       ip      con    total
                      0.00000  0.00000  0.00000  0.00000  0.00000  0.00000  0.00000  0.00000
 
 ________ STORED ENERGIES    _____________
    Energy:         -767.828
     Coul:  0.000E+00 0.000E+00
    NCoul: -0.137E+02-0.754E+03
    Intramolecular:    bs       bb      tor       ip      con    total
                      0.00000  0.00000  0.00000  0.00000  0.00000  0.00000  0.00000  0.00000
 ________ ACTUAL ENERGIES    _____________
    Energy:         -754.128
     Coul:  0.000E+00 0.000E+00
    NCoul: -0.754E+03 0.000E+00
    Intramolecular:    bs       bb      tor       ip      con    total
                      0.00000  0.00000  0.00000  0.00000  0.00000  0.00000  0.00000  0.00000
 
 ________ STORED ENERGIES    _____________
    Energy:         -754.128
     Coul:  0.000E+00 0.000E+00
    NCoul: -0.754E+03 0.000E+00
    Intramolecular:    bs       bb      tor       ip      con    total
                      0.00000  0.00000  0.00000  0.00000  0.00000  0.00000  0.00000  0.00000
------------------------------------------------------------
Ending GCMC simulation number 1    Nrg dev check: 0.283E-10
  N2:  P (kPa): 1491.0    loading (molec/uc): 5.733
------------------------------------------------------------
 music.F90 :  297
Main Program   Time: 2.1830 hrs   Number of calls: 1   Time per call: 2.1830 hrs
