 Looking for Control file : ctr3.gcmc
Welcome to MuSiC (GCMC implementation)
Reading from control file ctr3.gcmc
 Initializing General Parameters
------------------------------------------------------------
The ATOMS structure:
  No. of atom types:     3
    Atom Name           : Nitrogen
    Atom Symbol         : N2
    Atom File           : Nitrogen.atm
    Atom Mass           :    14.00
    sscharge, szcharge  :   0.0000  0.0000
    Required # of bonds :   0
    Ion Type            : NONE 
 
    Atom Name           : Oxygen
    Atom Symbol         : O
    Atom File           : Oxygen.atm
    Atom Mass           :    16.00
    sscharge, szcharge  :  -1.0000 -1.0000
    Required # of bonds :   2
    Ion Type            : NONE 
 
    Atom Name           : Silicon
    Atom Symbol         : S
    Atom File           : Silicon.atm
    Atom Mass           :    28.09
    sscharge, szcharge  :   0.0000  0.0000
    Required # of bonds :   0
    Ion Type            : NONE 
------------------------------------------------------------
    Reading molecule information for N2 from: /home/hermes/music4/sim5/molecules/N2.mol
 molecule.F90 : 1097
  Molecule will be rotated so that the principle axes 
   will coincide with coordinate system axes
 Generating Connections for N2                                              
    Reading molecule information for sili from: /home/hermes/music4/sim5/molecules/sili.mol
 molecule.F90 : 1097
  Molecule will be rotated so that the principle axes 
   will coincide with coordinate system axes
------------------------------------------------------------
The MOLECULES structure:
  No. of molecule types:     2
------------------------------------------------------------
  Molecule Name       : N2
  Molecule Mass       : 28.00
  Molecule File       : N2.mol
  Degrees of freedom  : 5
  DOF origin          : Molecule_File
  body axes atom nos  :    0   0   0
  Number of atoms     : 2
  Net Charge          : 0.0
  Dipole Moment(debye): 0.000000000
  Translation xform   : 0.00000   0.00000   0.00000
  Rotational xform    : 
    1.00000   0.00000   0.00000
    0.00000   1.00000   0.00000
    0.00000   0.00000   1.00000
      Atom Name           : Nitrogen
      Atom Type           :    1
      Atom Position       :   0.0000  0.0000  0.0000
      Equilibrium charge  :   0.0000
      MD Set, type        :    0   0
      Atom Name           : Nitrogen
      Atom Type           :    1
      Atom Position       :   1.0980  0.0000  0.0000
      Equilibrium charge  :   0.0000
      MD Set, type        :    0   0
  Connection Information : 
    Connection Information for N2                                              
    Atom     1: No connections
    Atom     2: No connections
------------------------------------------------------------
  Molecule Name       : sili
  Molecule Mass       : 5768.2
  Molecule File       : sili.mol
  Degrees of freedom  : 864
  DOF origin          : 3N_Calculation
  Number of atoms     : 288
  Net Charge          : 0.0
  Dipole Moment(debye): 0.9E-11
  Translation xform   : 0.00000   0.00000   0.00000
  Rotational xform    : 
    1.00000   0.00000   0.00000
    0.00000   1.00000   0.00000
    0.00000   0.00000   1.00000
  Atom list omitted (natoms > 10)
  Connection Information : 
    No connectivity information for sili
------------------------------------------------------------
      The SIMCELL structure:
      nx, ny, nz            :    2   2   3
      ncells                :   12
      ORTHORHOMBIC
      edge lengths (Ang)    :    40.1400   39.8400   40.2600
      cell angles (degrees) :    90.0000   90.0000   90.0000
      origin shift (Ang)    : 0.0000   0.0000   0.0000
      cell vector a         : 40.1400   0.0000   0.0000
      cell vector b         : -0.0000  39.8400   0.0000
      cell vector c         : -0.0000  -0.0000  40.2600
      box width in (a,b,c)  :    40.1400   39.8400   40.2600
      minimum width (Ang)   :    39.8400
      volume (Angstroms^3)  : 64382.89
------------------------------------------------------------
Configuration Section 
No. of species :      2
  ----------------------------------------------------------
  Species name : N2                                              
    No. of molecules :      0
    No. of atoms     :    2
    Initial Config. Source : GCMC
    Source Filename: NULL
    ----------------------------------------------------------
  Species name : sili                                            
    No. of molecules :      1
    No. of atoms     : 3456
    Initial Config. Source : FIXED
    Source Filename: NULL
    ----------------------------------------------------------
Initializing intra molecular info from molecule file: /home/hermes/music4/sim5/molecules/N2.mol
 intramolecular.F90 :  197
 intra filename passed isintramolecular_file                             xx
 intramolecular.F90 :  203
Initialized all intramolecular stuff for N2
Initializing intra molecular info from molecule file: /home/hermes/music4/sim5/molecules/sili.mol
 intramolecular.F90 :  197
 intra filename passed isintramolecular_file                             xx
 intramolecular.F90 :  203
Initialized all intramolecular stuff for sili
 Finished Initializing Intramolecular interactions
 Initializing Species-Species interactions....
 Finished Initializing Species-Species interactions.
 Finished Initializing Ff interactions.
 Calling ff_initCal
 Call to ff_initCalc successful 
  ------------------------------------------------------------
  The "BASIC" FF information:
  ------------------------------------------------------------
  NON-COULOMBIC SPECIES-SPECIES pair parameters:
  Information taken from: sorb_sorb_file
    ------------------------------------------------------------
    (1,1)  N2, N2:                    BASIC
      Input Line: NCOUL  BASIC  LJ  FAST  
      Fast interaction?    T
      COM-based cut-off?   F
      COM-COM smoothing?   F
      Atom-Atom PAIR PARAMETERS:
        Information taken from: atom_atom_file
      Overview by atomic pairs:
      (1,1)  Nitrogen, Nitrogen:        LJ
          Nitrogen-Nitrogen LJ parameters from SIGEPS
            Sigma: 3.3200 Ang   Epsilon/k_Boltz: 36.400 K
            A: 518843.9 kcal A^12/mol   B: 387.4434 kcal A^6/mol
            high cutoff: 12.00 Ang   low cutoff: 0.001 Ang
    ------------------------------------------------------------
    (1,2)  N2, sili:                  BASIC
      Input Line: NCOUL  BASIC  LJ  FAST  
      Fast interaction?    T
      COM-based cut-off?   F
      COM-COM smoothing?   F
      Atom-Atom PAIR PARAMETERS:
        Information taken from: atom_atom_file
      Overview by atomic pairs:
      (1,1)  Nitrogen, Nitrogen:      OFF
      (1,2)  Nitrogen, Oxygen:          LJ
          Nitrogen-Oxygen LJ parameters from SIGEPS
            Sigma: 3.0620 Ang   Epsilon/k_Boltz: 58.250 K
            A: 314511.5 kcal A^12/mol   B: 381.5974 kcal A^6/mol
            high cutoff: 12.00 Ang   low cutoff: 0.001 Ang
      (1,3)  Nitrogen, Silicon:         LJ
          Nitrogen-Silicon LJ parameters from SIGEPS
            Sigma: 1.0000 Ang   Epsilon/k_Boltz: 0.000 K
            A: 0.00000 kcal A^12/mol   B: 0.00000 kcal A^6/mol
            high cutoff: 12.00 Ang   low cutoff: 0.001 Ang
      (2,2)  Oxygen, Oxygen:          OFF
      (2,3)  Oxygen, Silicon:         OFF
      (3,3)  Silicon, Silicon:        OFF
    ------------------------------------------------------------
    (2,2)  sili, sili:                OFF
  ------------------------------------------------------------
  COULOMBIC SPECIES-SPECIES pair parameters:
  Information taken from: sorb_sorb_file
    ------------------------------------------------------------
    (1,1)  N2, N2:                    OFF
    ------------------------------------------------------------
    (1,2)  N2, sili:                  OFF
    ------------------------------------------------------------
    (2,2)  sili, sili:                OFF
  ------------------------------------------------------------
  INTRAMOLECULAR information for each species 
    ------------------------------------------------------------
    Intramolecular information for N2:
      Bond Stretching   :  OFF
      Bond Bending      :  OFF
      Torsion Angles    :  OFF
      Intra Pairwise Pot:  OFF
      Intra Coulombic Pot:  OFF
      Constraints       :  OFF
    ------------------------------------------------------------
    Intramolecular information for sili:
      Bond Stretching   :  OFF
      Bond Bending      :  OFF
      Torsion Angles    :  OFF
      Intra Pairwise Pot:  OFF
      Intra Coulombic Pot:  OFF
      Constraints       :  OFF
------------------------------------------------------------
Initializing GCMC moves for: N2                                              
 Initializing biasing details : cavity, bmap etc 
 --------------- WARNING during bmap_cubeinit ---------------
 bmap.F90 :  322
 Automatically adjusting bmap energies here
 maxnrgval :  0.344677446586906     
 For biasing purposes all energies above this  will be converted to this value
 --------------- END WARNING --------------------------------
 Energies at the beginning of GCMC simulation: 
   Species Name : N2                                              
   Species Type : 1
   Pairwise Energies(noncoul, coul) in kJ/mol
                   N2   :   0.00000  0.00000
                 sili   :   0.00000  0.00000
   Intramolecular Energies (bs,bb,tor,ip,con,total) in kJ/mol
      0.00000  0.00000  0.00000  0.00000  0.00000  0.00000  0.00000
 
   Species Name : sili                                            
   Species Type : 2
   Pairwise Energies(noncoul, coul) in kJ/mol
                   N2   :   0.00000  0.00000
                 sili   :   0.00000  0.00000
   Intramolecular Energies (bs,bb,tor,ip,con,total) in kJ/mol
      0.00000  0.00000  0.00000  0.00000  0.00000  0.00000  0.00000
 
------------------------------------------------------------
The GCMC Parameters Section:
  No. of iterations  :      1
  No. of simulations :      1
  Temperature(K)     :  298.000
  No. of species     :      1
  ------------------------------------------------------------
  GCMC Moves Parameters:
  ------------------------------------------------------------
  Species Name: N2
    Thermophysical simulation points:
    Pressure  Fugacity     murti  B(Adams)
   0.996E+03 0.996E+03   -13.291     2.746
    Allowed Move Types and Parameters:
      Basic Move type:    INSERT
      Specific Move type: BINSERT
        Rigid Molecule Biased-Insertion Parameters :
          Type of bias: MAP_BIAS
          Details of Bias for insertion: 
          Bias map file: sili.N2.pmap
          Bias Temperature, K:  298.000
          Bias map details: 
              Bias map filename: sili.N2.pmap
              Cumulative Wt:  593585.90    
              No. of tabulated cubelets:   149590
              Cutoff Potential(kcal):     30.00000
          Maximum allowed energy: 0.10E+11 kcal/mol
      ------------------------------------------------------------
      Basic Move type:    DELETE
      Specific Move type: BDELETE
        Rigid Molecule Deletion Parameters :
          Type of bias: MAP_BIAS
          Details of Bias for insertion: 
          Bias map file: sili.N2.pmap
          Bias Temperature, K:  298.000
          Bias map details: 
              Bias map filename: sili.N2.pmap
              Cumulative Wt:  593585.90    
              No. of tabulated cubelets:   149590
              Cutoff Potential(kcal):     30.00000
          Maximum allowed energy: 0.10E+11 kcal/mol
      ------------------------------------------------------------
      Basic Move type:    ROTATE
      Specific Move type: RROTATE
        Rigid Molecule Random-Rotation Parameters :
        Scaling of Rotation increment not allowed.
        Initial rotation-delta:      0.20000
        Maximum allowed energy: 0.10E+11 kcal/mol
      ------------------------------------------------------------
      Basic Move type:    TRANSLATE
      Specific Move type: RTRANSLATE
        Rigid Molecule Random-Translation Parameters :
        Scaling of Translation length allowed.
        Initial translation length:      0.20000
        Maximum allowed energy: 0.10E+11 kcal/mol
      ------------------------------------------------------------
 
 
------------------------------------------------------------
Beginning GCMC simulation number 1 of 1   (1000000 steps)
------------------------------------------------------------
The GCMC Simulation Parameters:
  Simulation Number :    1
  Configuration file: sili.N2.con.3
  Restart file      : sili.N2.res.3
  ------------------------------------------------------------
  GCMC Species Parameters:
    ----------------------------------------------------------
    Species Name: N2
      Press.(kPa)   Fugacity      murti   B(Adams)
          995.700    995.700    -13.291      2.746
    ----------------------------------------------------------


  Macro-iteration number 100000 (100000 micro) of simulation 1
  ------------------------------------------------------------
  The GCMC Stats:
    Species Name: N2    Pressure: 995.70 kPa
      INSERT (BINSERT)          Acc. Ratio: 0.415   (5926 of 14268)  
      DELETE (BDELETE)          Acc. Ratio: 0.410   (5877 of 14345)  
      ROTATE (RROTATE)          Acc. Ratio: 0.920   (52655 of 57232)  Max disp:  0.200
      TRANSLATE (RTRANSLATE)    Acc. Ratio: 0.497   (7025 of 14147)  Max disp:  1.421
      Number of Molecules (ins, blk, cum, stdd)  49.00  48.82  52.01   6.17
 
  Macro-iteration number 200000 (200000 micro) of simulation 1
  ------------------------------------------------------------
  The GCMC Stats:
    Species Name: N2    Pressure: 995.70 kPa
      INSERT (BINSERT)          Acc. Ratio: 0.414   (11811 of 28520)  
      DELETE (BDELETE)          Acc. Ratio: 0.410   (11763 of 28677)  
      ROTATE (RROTATE)          Acc. Ratio: 0.922   (105248 of 114169)  Max disp:  0.200
      TRANSLATE (RTRANSLATE)    Acc. Ratio: 0.497   (14222 of 28626)  Max disp:  0.643
      Number of Molecules (ins, blk, cum, stdd)  48.00  51.04  51.70   5.97
 
  Macro-iteration number 300000 (300000 micro) of simulation 1
  ------------------------------------------------------------
  The GCMC Stats:
    Species Name: N2    Pressure: 995.70 kPa
      INSERT (BINSERT)          Acc. Ratio: 0.414   (17710 of 42752)  
      DELETE (BDELETE)          Acc. Ratio: 0.411   (17660 of 42929)  
      ROTATE (RROTATE)          Acc. Ratio: 0.922   (158042 of 171447)  Max disp:  0.200
      TRANSLATE (RTRANSLATE)    Acc. Ratio: 0.490   (21021 of 42864)  Max disp:  0.845
      Number of Molecules (ins, blk, cum, stdd)  50.00  48.46  51.71   5.88
 
  Macro-iteration number 400000 (400000 micro) of simulation 1
  ------------------------------------------------------------
  The GCMC Stats:
    Species Name: N2    Pressure: 995.70 kPa
      INSERT (BINSERT)          Acc. Ratio: 0.413   (23537 of 56958)  
      DELETE (BDELETE)          Acc. Ratio: 0.410   (23485 of 57246)  
      ROTATE (RROTATE)          Acc. Ratio: 0.922   (210812 of 228590)  Max disp:  0.200
      TRANSLATE (RTRANSLATE)    Acc. Ratio: 0.508   (29045 of 57198)  Max disp:  0.845
      Number of Molecules (ins, blk, cum, stdd)  52.00  51.92  51.87   5.77
 
  Macro-iteration number 500000 (500000 micro) of simulation 1
  ------------------------------------------------------------
  The GCMC Stats:
    Species Name: N2    Pressure: 995.70 kPa
      INSERT (BINSERT)          Acc. Ratio: 0.412   (29271 of 71101)  
      DELETE (BDELETE)          Acc. Ratio: 0.409   (29229 of 71414)  
      ROTATE (RROTATE)          Acc. Ratio: 0.922   (263618 of 285845)  Max disp:  0.200
      TRANSLATE (RTRANSLATE)    Acc. Ratio: 0.490   (35126 of 71632)  Max disp:  0.826
      Number of Molecules (ins, blk, cum, stdd)  42.00  49.24  51.89   5.80
 
  Macro-iteration number 600000 (600000 micro) of simulation 1
  ------------------------------------------------------------
  The GCMC Stats:
    Species Name: N2    Pressure: 995.70 kPa
      INSERT (BINSERT)          Acc. Ratio: 0.411   (35131 of 85507)  
      DELETE (BDELETE)          Acc. Ratio: 0.409   (35081 of 85816)  
      ROTATE (RROTATE)          Acc. Ratio: 0.922   (316079 of 342645)  Max disp:  0.200
      TRANSLATE (RTRANSLATE)    Acc. Ratio: 0.502   (43195 of 86024)  Max disp:  0.826
      Number of Molecules (ins, blk, cum, stdd)  50.00  51.68  51.90   5.76
 
  Macro-iteration number 700000 (700000 micro) of simulation 1
  ------------------------------------------------------------
  The GCMC Stats:
    Species Name: N2    Pressure: 995.70 kPa
      INSERT (BINSERT)          Acc. Ratio: 0.410   (40952 of 99835)  
      DELETE (BDELETE)          Acc. Ratio: 0.409   (40897 of 100050)  
      ROTATE (RROTATE)          Acc. Ratio: 0.922   (368819 of 399824)  Max disp:  0.200
      TRANSLATE (RTRANSLATE)    Acc. Ratio: 0.510   (51124 of 100283)  Max disp:  0.826
      Number of Molecules (ins, blk, cum, stdd)  55.00  46.73  51.89   5.83
 
  Macro-iteration number 800000 (800000 micro) of simulation 1
  ------------------------------------------------------------
  The GCMC Stats:
    Species Name: N2    Pressure: 995.70 kPa
      INSERT (BINSERT)          Acc. Ratio: 0.410   (46800 of 114178)  
      DELETE (BDELETE)          Acc. Ratio: 0.409   (46757 of 114392)  
      ROTATE (RROTATE)          Acc. Ratio: 0.923   (421334 of 456725)  Max disp:  0.200
      TRANSLATE (RTRANSLATE)    Acc. Ratio: 0.498   (57062 of 114697)  Max disp:  1.220
      Number of Molecules (ins, blk, cum, stdd)  43.00  48.42  51.97   5.95
 
  Macro-iteration number 900000 (900000 micro) of simulation 1
  ------------------------------------------------------------
  The GCMC Stats:
    Species Name: N2    Pressure: 995.70 kPa
      INSERT (BINSERT)          Acc. Ratio: 0.410   (52620 of 128305)  
      DELETE (BDELETE)          Acc. Ratio: 0.409   (52565 of 128657)  
      ROTATE (RROTATE)          Acc. Ratio: 0.923   (474292 of 514133)  Max disp:  0.200
      TRANSLATE (RTRANSLATE)    Acc. Ratio: 0.497   (64056 of 128897)  Max disp:  0.510
      Number of Molecules (ins, blk, cum, stdd)  55.00  46.98  52.07   5.97
 
  Macro-iteration number 1000000 (1000000 micro) of simulation 1
  ------------------------------------------------------------
  The GCMC Stats:
    Species Name: N2    Pressure: 995.70 kPa
      INSERT (BINSERT)          Acc. Ratio: 0.410   (58508 of 142670)  
      DELETE (BDELETE)          Acc. Ratio: 0.409   (58454 of 143009)  
      ROTATE (RROTATE)          Acc. Ratio: 0.923   (527091 of 571127)  Max disp:  0.200
      TRANSLATE (RTRANSLATE)    Acc. Ratio: 0.498   (71351 of 143186)  Max disp:  2.000
      Number of Molecules (ins, blk, cum, stdd)  54.00  50.14  52.14   5.95
 
 ________ ACTUAL ENERGIES    _____________
    Energy:         -578.904
     Coul:  0.000E+00 0.000E+00
    NCoul: -0.101E+02-0.569E+03
    Intramolecular:    bs       bb      tor       ip      con    total
                      0.00000  0.00000  0.00000  0.00000  0.00000  0.00000  0.00000  0.00000
 
 ________ STORED ENERGIES    _____________
    Energy:         -578.904
     Coul:  0.000E+00 0.000E+00
    NCoul: -0.101E+02-0.569E+03
    Intramolecular:    bs       bb      tor       ip      con    total
                      0.00000  0.00000  0.00000  0.00000  0.00000  0.00000  0.00000  0.00000
 ________ ACTUAL ENERGIES    _____________
    Energy:         -568.835
     Coul:  0.000E+00 0.000E+00
    NCoul: -0.569E+03 0.000E+00
    Intramolecular:    bs       bb      tor       ip      con    total
                      0.00000  0.00000  0.00000  0.00000  0.00000  0.00000  0.00000  0.00000
 
 ________ STORED ENERGIES    _____________
    Energy:         -568.835
     Coul:  0.000E+00 0.000E+00
    NCoul: -0.569E+03 0.000E+00
    Intramolecular:    bs       bb      tor       ip      con    total
                      0.00000  0.00000  0.00000  0.00000  0.00000  0.00000  0.00000  0.00000
------------------------------------------------------------
Ending GCMC simulation number 1    Nrg dev check: 0.179E-10
  N2:  P (kPa): 995.7    loading (molec/uc): 4.345
------------------------------------------------------------
 music.F90 :  297
Main Program   Time: 2.2369 hrs   Number of calls: 1   Time per call: 2.2369 hrs
