 Looking for Control file : ctr6.gcmc
Welcome to MuSiC (GCMC implementation)
Reading from control file ctr6.gcmc
 Initializing General Parameters
------------------------------------------------------------
The ATOMS structure:
  No. of atom types:     3
    Atom Name           : Nitrogen
    Atom Symbol         : N2
    Atom File           : Nitrogen.atm
    Atom Mass           :    14.00
    sscharge, szcharge  :   0.0000  0.0000
    Required # of bonds :   0
    Ion Type            : NONE 
 
    Atom Name           : Oxygen
    Atom Symbol         : O
    Atom File           : Oxygen.atm
    Atom Mass           :    16.00
    sscharge, szcharge  :  -1.0000 -1.0000
    Required # of bonds :   2
    Ion Type            : NONE 
 
    Atom Name           : Silicon
    Atom Symbol         : S
    Atom File           : Silicon.atm
    Atom Mass           :    28.09
    sscharge, szcharge  :   0.0000  0.0000
    Required # of bonds :   0
    Ion Type            : NONE 
------------------------------------------------------------
    Reading molecule information for N2 from: /home/hermes/music4/sim5/molecules/N2.mol
 molecule.F90 : 1097
  Molecule will be rotated so that the principle axes 
   will coincide with coordinate system axes
 Generating Connections for N2                                              
    Reading molecule information for sili from: /home/hermes/music4/sim5/molecules/sili.mol
 molecule.F90 : 1097
  Molecule will be rotated so that the principle axes 
   will coincide with coordinate system axes
------------------------------------------------------------
The MOLECULES structure:
  No. of molecule types:     2
------------------------------------------------------------
  Molecule Name       : N2
  Molecule Mass       : 28.00
  Molecule File       : N2.mol
  Degrees of freedom  : 5
  DOF origin          : Molecule_File
  body axes atom nos  :    0   0   0
  Number of atoms     : 2
  Net Charge          : 0.0
  Dipole Moment(debye): 0.000000000
  Translation xform   : 0.00000   0.00000   0.00000
  Rotational xform    : 
    1.00000   0.00000   0.00000
    0.00000   1.00000   0.00000
    0.00000   0.00000   1.00000
      Atom Name           : Nitrogen
      Atom Type           :    1
      Atom Position       :   0.0000  0.0000  0.0000
      Equilibrium charge  :   0.0000
      MD Set, type        :    0   0
      Atom Name           : Nitrogen
      Atom Type           :    1
      Atom Position       :   1.0980  0.0000  0.0000
      Equilibrium charge  :   0.0000
      MD Set, type        :    0   0
  Connection Information : 
    Connection Information for N2                                              
    Atom     1: No connections
    Atom     2: No connections
------------------------------------------------------------
  Molecule Name       : sili
  Molecule Mass       : 5768.2
  Molecule File       : sili.mol
  Degrees of freedom  : 864
  DOF origin          : 3N_Calculation
  Number of atoms     : 288
  Net Charge          : 0.0
  Dipole Moment(debye): 0.9E-11
  Translation xform   : 0.00000   0.00000   0.00000
  Rotational xform    : 
    1.00000   0.00000   0.00000
    0.00000   1.00000   0.00000
    0.00000   0.00000   1.00000
  Atom list omitted (natoms > 10)
  Connection Information : 
    No connectivity information for sili
------------------------------------------------------------
      The SIMCELL structure:
      nx, ny, nz            :    2   2   3
      ncells                :   12
      ORTHORHOMBIC
      edge lengths (Ang)    :    40.1400   39.8400   40.2600
      cell angles (degrees) :    90.0000   90.0000   90.0000
      origin shift (Ang)    : 0.0000   0.0000   0.0000
      cell vector a         : 40.1400   0.0000   0.0000
      cell vector b         : -0.0000  39.8400   0.0000
      cell vector c         : -0.0000  -0.0000  40.2600
      box width in (a,b,c)  :    40.1400   39.8400   40.2600
      minimum width (Ang)   :    39.8400
      volume (Angstroms^3)  : 64382.89
------------------------------------------------------------
Configuration Section 
No. of species :      2
  ----------------------------------------------------------
  Species name : N2                                              
    No. of molecules :      0
    No. of atoms     :    2
    Initial Config. Source : GCMC
    Source Filename: NULL
    ----------------------------------------------------------
  Species name : sili                                            
    No. of molecules :      1
    No. of atoms     : 3456
    Initial Config. Source : FIXED
    Source Filename: NULL
    ----------------------------------------------------------
Initializing intra molecular info from molecule file: /home/hermes/music4/sim5/molecules/N2.mol
 intramolecular.F90 :  197
 intra filename passed isintramolecular_file                             xx
 intramolecular.F90 :  203
Initialized all intramolecular stuff for N2
Initializing intra molecular info from molecule file: /home/hermes/music4/sim5/molecules/sili.mol
 intramolecular.F90 :  197
 intra filename passed isintramolecular_file                             xx
 intramolecular.F90 :  203
Initialized all intramolecular stuff for sili
 Finished Initializing Intramolecular interactions
 Initializing Species-Species interactions....
 Finished Initializing Species-Species interactions.
 Finished Initializing Ff interactions.
 Calling ff_initCal
 Call to ff_initCalc successful 
  ------------------------------------------------------------
  The "BASIC" FF information:
  ------------------------------------------------------------
  NON-COULOMBIC SPECIES-SPECIES pair parameters:
  Information taken from: sorb_sorb_file
    ------------------------------------------------------------
    (1,1)  N2, N2:                    BASIC
      Input Line: NCOUL  BASIC  LJ  FAST  
      Fast interaction?    T
      COM-based cut-off?   F
      COM-COM smoothing?   F
      Atom-Atom PAIR PARAMETERS:
        Information taken from: atom_atom_file
      Overview by atomic pairs:
      (1,1)  Nitrogen, Nitrogen:        LJ
          Nitrogen-Nitrogen LJ parameters from SIGEPS
            Sigma: 3.3200 Ang   Epsilon/k_Boltz: 36.400 K
            A: 518843.9 kcal A^12/mol   B: 387.4434 kcal A^6/mol
            high cutoff: 12.00 Ang   low cutoff: 0.001 Ang
    ------------------------------------------------------------
    (1,2)  N2, sili:                  BASIC
      Input Line: NCOUL  BASIC  LJ  FAST  
      Fast interaction?    T
      COM-based cut-off?   F
      COM-COM smoothing?   F
      Atom-Atom PAIR PARAMETERS:
        Information taken from: atom_atom_file
      Overview by atomic pairs:
      (1,1)  Nitrogen, Nitrogen:      OFF
      (1,2)  Nitrogen, Oxygen:          LJ
          Nitrogen-Oxygen LJ parameters from SIGEPS
            Sigma: 3.0620 Ang   Epsilon/k_Boltz: 58.250 K
            A: 314511.5 kcal A^12/mol   B: 381.5974 kcal A^6/mol
            high cutoff: 12.00 Ang   low cutoff: 0.001 Ang
      (1,3)  Nitrogen, Silicon:         LJ
          Nitrogen-Silicon LJ parameters from SIGEPS
            Sigma: 1.0000 Ang   Epsilon/k_Boltz: 0.000 K
            A: 0.00000 kcal A^12/mol   B: 0.00000 kcal A^6/mol
            high cutoff: 12.00 Ang   low cutoff: 0.001 Ang
      (2,2)  Oxygen, Oxygen:          OFF
      (2,3)  Oxygen, Silicon:         OFF
      (3,3)  Silicon, Silicon:        OFF
    ------------------------------------------------------------
    (2,2)  sili, sili:                OFF
  ------------------------------------------------------------
  COULOMBIC SPECIES-SPECIES pair parameters:
  Information taken from: sorb_sorb_file
    ------------------------------------------------------------
    (1,1)  N2, N2:                    OFF
    ------------------------------------------------------------
    (1,2)  N2, sili:                  OFF
    ------------------------------------------------------------
    (2,2)  sili, sili:                OFF
  ------------------------------------------------------------
  INTRAMOLECULAR information for each species 
    ------------------------------------------------------------
    Intramolecular information for N2:
      Bond Stretching   :  OFF
      Bond Bending      :  OFF
      Torsion Angles    :  OFF
      Intra Pairwise Pot:  OFF
      Intra Coulombic Pot:  OFF
      Constraints       :  OFF
    ------------------------------------------------------------
    Intramolecular information for sili:
      Bond Stretching   :  OFF
      Bond Bending      :  OFF
      Torsion Angles    :  OFF
      Intra Pairwise Pot:  OFF
      Intra Coulombic Pot:  OFF
      Constraints       :  OFF
------------------------------------------------------------
Initializing GCMC moves for: N2                                              
 Initializing biasing details : cavity, bmap etc 
 --------------- WARNING during bmap_cubeinit ---------------
 bmap.F90 :  322
 Automatically adjusting bmap energies here
 maxnrgval :  0.344677446586906     
 For biasing purposes all energies above this  will be converted to this value
 --------------- END WARNING --------------------------------
 Energies at the beginning of GCMC simulation: 
   Species Name : N2                                              
   Species Type : 1
   Pairwise Energies(noncoul, coul) in kJ/mol
                   N2   :   0.00000  0.00000
                 sili   :   0.00000  0.00000
   Intramolecular Energies (bs,bb,tor,ip,con,total) in kJ/mol
      0.00000  0.00000  0.00000  0.00000  0.00000  0.00000  0.00000
 
   Species Name : sili                                            
   Species Type : 2
   Pairwise Energies(noncoul, coul) in kJ/mol
                   N2   :   0.00000  0.00000
                 sili   :   0.00000  0.00000
   Intramolecular Energies (bs,bb,tor,ip,con,total) in kJ/mol
      0.00000  0.00000  0.00000  0.00000  0.00000  0.00000  0.00000
 
------------------------------------------------------------
The GCMC Parameters Section:
  No. of iterations  :      1
  No. of simulations :      1
  Temperature(K)     :  298.000
  No. of species     :      1
  ------------------------------------------------------------
  GCMC Moves Parameters:
  ------------------------------------------------------------
  Species Name: N2
    Thermophysical simulation points:
    Pressure  Fugacity     murti  B(Adams)
   0.248E+04 0.248E+04   -12.380     3.657
    Allowed Move Types and Parameters:
      Basic Move type:    INSERT
      Specific Move type: BINSERT
        Rigid Molecule Biased-Insertion Parameters :
          Type of bias: MAP_BIAS
          Details of Bias for insertion: 
          Bias map file: sili.N2.pmap
          Bias Temperature, K:  298.000
          Bias map details: 
              Bias map filename: sili.N2.pmap
              Cumulative Wt:  593585.90    
              No. of tabulated cubelets:   149590
              Cutoff Potential(kcal):     30.00000
          Maximum allowed energy: 0.10E+11 kcal/mol
      ------------------------------------------------------------
      Basic Move type:    DELETE
      Specific Move type: BDELETE
        Rigid Molecule Deletion Parameters :
          Type of bias: MAP_BIAS
          Details of Bias for insertion: 
          Bias map file: sili.N2.pmap
          Bias Temperature, K:  298.000
          Bias map details: 
              Bias map filename: sili.N2.pmap
              Cumulative Wt:  593585.90    
              No. of tabulated cubelets:   149590
              Cutoff Potential(kcal):     30.00000
          Maximum allowed energy: 0.10E+11 kcal/mol
      ------------------------------------------------------------
      Basic Move type:    ROTATE
      Specific Move type: RROTATE
        Rigid Molecule Random-Rotation Parameters :
        Scaling of Rotation increment not allowed.
        Initial rotation-delta:      0.20000
        Maximum allowed energy: 0.10E+11 kcal/mol
      ------------------------------------------------------------
      Basic Move type:    TRANSLATE
      Specific Move type: RTRANSLATE
        Rigid Molecule Random-Translation Parameters :
        Scaling of Translation length allowed.
        Initial translation length:      0.20000
        Maximum allowed energy: 0.10E+11 kcal/mol
      ------------------------------------------------------------
 
 
------------------------------------------------------------
Beginning GCMC simulation number 1 of 1   (1000000 steps)
------------------------------------------------------------
The GCMC Simulation Parameters:
  Simulation Number :    1
  Configuration file: sili.N2.con.6
  Restart file      : sili.N2.res.6
  ------------------------------------------------------------
  GCMC Species Parameters:
    ----------------------------------------------------------
    Species Name: N2
      Press.(kPa)   Fugacity      murti   B(Adams)
         2475.000   2475.000    -12.380      3.657
    ----------------------------------------------------------


  Macro-iteration number 100000 (100000 micro) of simulation 1
  ------------------------------------------------------------
  The GCMC Stats:
    Species Name: N2    Pressure: 2475.0 kPa
      INSERT (BINSERT)          Acc. Ratio: 0.284   (4059 of 14284)  
      DELETE (BDELETE)          Acc. Ratio: 0.277   (3975 of 14325)  
      ROTATE (RROTATE)          Acc. Ratio: 0.918   (52499 of 57210)  Max disp:  0.200
      TRANSLATE (RTRANSLATE)    Acc. Ratio: 0.494   (7001 of 14173)  Max disp:  0.408
      Number of Molecules (ins, blk, cum, stdd)  84.00  86.87  91.97   9.46
 
  Macro-iteration number 200000 (200000 micro) of simulation 1
  ------------------------------------------------------------
  The GCMC Stats:
    Species Name: N2    Pressure: 2475.0 kPa
      INSERT (BINSERT)          Acc. Ratio: 0.280   (7987 of 28512)  
      DELETE (BDELETE)          Acc. Ratio: 0.275   (7900 of 28686)  
      ROTATE (RROTATE)          Acc. Ratio: 0.917   (104704 of 114175)  Max disp:  0.200
      TRANSLATE (RTRANSLATE)    Acc. Ratio: 0.494   (14139 of 28619)  Max disp:  2.000
      Number of Molecules (ins, blk, cum, stdd)  87.00  89.19  91.89   8.50
 
  Macro-iteration number 300000 (300000 micro) of simulation 1
  ------------------------------------------------------------
  The GCMC Stats:
    Species Name: N2    Pressure: 2475.0 kPa
      INSERT (BINSERT)          Acc. Ratio: 0.281   (11999 of 42710)  
      DELETE (BDELETE)          Acc. Ratio: 0.277   (11917 of 42949)  
      ROTATE (RROTATE)          Acc. Ratio: 0.916   (157181 of 171513)  Max disp:  0.200
      TRANSLATE (RTRANSLATE)    Acc. Ratio: 0.501   (21448 of 42820)  Max disp:  1.767
      Number of Molecules (ins, blk, cum, stdd)  82.00  85.57  91.18   8.11
 
  Macro-iteration number 400000 (400000 micro) of simulation 1
  ------------------------------------------------------------
  The GCMC Stats:
    Species Name: N2    Pressure: 2475.0 kPa
      INSERT (BINSERT)          Acc. Ratio: 0.281   (15968 of 56883)  
      DELETE (BDELETE)          Acc. Ratio: 0.277   (15876 of 57266)  
      ROTATE (RROTATE)          Acc. Ratio: 0.916   (209475 of 228687)  Max disp:  0.200
      TRANSLATE (RTRANSLATE)    Acc. Ratio: 0.496   (28323 of 57156)  Max disp:  0.595
      Number of Molecules (ins, blk, cum, stdd)  92.00  90.51  91.35   7.70
 
  Macro-iteration number 500000 (500000 micro) of simulation 1
  ------------------------------------------------------------
  The GCMC Stats:
    Species Name: N2    Pressure: 2475.0 kPa
      INSERT (BINSERT)          Acc. Ratio: 0.280   (19897 of 71015)  
      DELETE (BDELETE)          Acc. Ratio: 0.277   (19816 of 71472)  
      ROTATE (RROTATE)          Acc. Ratio: 0.916   (261978 of 285930)  Max disp:  0.200
      TRANSLATE (RTRANSLATE)    Acc. Ratio: 0.499   (35694 of 71575)  Max disp:  0.615
      Number of Molecules (ins, blk, cum, stdd)  81.00  89.57  91.35   7.46
 
  Macro-iteration number 600000 (600000 micro) of simulation 1
  ------------------------------------------------------------
  The GCMC Stats:
    Species Name: N2    Pressure: 2475.0 kPa
      INSERT (BINSERT)          Acc. Ratio: 0.280   (23870 of 85379)  
      DELETE (BDELETE)          Acc. Ratio: 0.277   (23778 of 85877)  
      ROTATE (RROTATE)          Acc. Ratio: 0.916   (313980 of 342766)  Max disp:  0.200
      TRANSLATE (RTRANSLATE)    Acc. Ratio: 0.498   (42829 of 85970)  Max disp:  0.300
      Number of Molecules (ins, blk, cum, stdd)  92.00  93.14  91.33   7.38
 
  Macro-iteration number 700000 (700000 micro) of simulation 1
  ------------------------------------------------------------
  The GCMC Stats:
    Species Name: N2    Pressure: 2475.0 kPa
      INSERT (BINSERT)          Acc. Ratio: 0.279   (27810 of 99677)  
      DELETE (BDELETE)          Acc. Ratio: 0.277   (27721 of 100107)  
      ROTATE (RROTATE)          Acc. Ratio: 0.916   (366520 of 399949)  Max disp:  0.200
      TRANSLATE (RTRANSLATE)    Acc. Ratio: 0.507   (50870 of 100259)  Max disp:  0.232
      Number of Molecules (ins, blk, cum, stdd)  89.00  88.04  91.33   7.41
 
  Macro-iteration number 800000 (800000 micro) of simulation 1
  ------------------------------------------------------------
  The GCMC Stats:
    Species Name: N2    Pressure: 2475.0 kPa
      INSERT (BINSERT)          Acc. Ratio: 0.278   (31768 of 114077)  
      DELETE (BDELETE)          Acc. Ratio: 0.277   (31675 of 114436)  
      ROTATE (RROTATE)          Acc. Ratio: 0.916   (418558 of 456799)  Max disp:  0.200
      TRANSLATE (RTRANSLATE)    Acc. Ratio: 0.502   (57517 of 114680)  Max disp:  0.501
      Number of Molecules (ins, blk, cum, stdd)  93.00  87.77  91.52   7.40
 
  Macro-iteration number 900000 (900000 micro) of simulation 1
  ------------------------------------------------------------
  The GCMC Stats:
    Species Name: N2    Pressure: 2475.0 kPa
      INSERT (BINSERT)          Acc. Ratio: 0.278   (35690 of 128158)  
      DELETE (BDELETE)          Acc. Ratio: 0.277   (35594 of 128664)  
      ROTATE (RROTATE)          Acc. Ratio: 0.916   (471157 of 514281)  Max disp:  0.200
      TRANSLATE (RTRANSLATE)    Acc. Ratio: 0.492   (63425 of 128889)  Max disp:  0.408
      Number of Molecules (ins, blk, cum, stdd)  96.00  90.52  91.58   7.22
 
  Macro-iteration number 1000000 (1000000 micro) of simulation 1
  ------------------------------------------------------------
  The GCMC Stats:
    Species Name: N2    Pressure: 2475.0 kPa
      INSERT (BINSERT)          Acc. Ratio: 0.278   (39648 of 142493)  
      DELETE (BDELETE)          Acc. Ratio: 0.277   (39551 of 142994)  
      ROTATE (RROTATE)          Acc. Ratio: 0.916   (523357 of 571308)  Max disp:  0.200
      TRANSLATE (RTRANSLATE)    Acc. Ratio: 0.502   (71859 of 143197)  Max disp:  1.679
      Number of Molecules (ins, blk, cum, stdd)  97.00  93.19  91.63   7.24
 
 ________ ACTUAL ENERGIES    _____________
    Energy:        -1063.747
     Coul:  0.000E+00 0.000E+00
    NCoul: -0.329E+02-0.103E+04
    Intramolecular:    bs       bb      tor       ip      con    total
                      0.00000  0.00000  0.00000  0.00000  0.00000  0.00000  0.00000  0.00000
 
 ________ STORED ENERGIES    _____________
    Energy:        -1063.747
     Coul:  0.000E+00 0.000E+00
    NCoul: -0.329E+02-0.103E+04
    Intramolecular:    bs       bb      tor       ip      con    total
                      0.00000  0.00000  0.00000  0.00000  0.00000  0.00000  0.00000  0.00000
 ________ ACTUAL ENERGIES    _____________
    Energy:        -1030.824
     Coul:  0.000E+00 0.000E+00
    NCoul: -0.103E+04 0.000E+00
    Intramolecular:    bs       bb      tor       ip      con    total
                      0.00000  0.00000  0.00000  0.00000  0.00000  0.00000  0.00000  0.00000
 
 ________ STORED ENERGIES    _____________
    Energy:        -1030.824
     Coul:  0.000E+00 0.000E+00
    NCoul: -0.103E+04 0.000E+00
    Intramolecular:    bs       bb      tor       ip      con    total
                      0.00000  0.00000  0.00000  0.00000  0.00000  0.00000  0.00000  0.00000
------------------------------------------------------------
Ending GCMC simulation number 1    Nrg dev check: 0.453E-10
  N2:  P (kPa): 2475.0    loading (molec/uc): 7.636
------------------------------------------------------------
 music.F90 :  297
Main Program   Time: 2.2309 hrs   Number of calls: 1   Time per call: 2.2309 hrs
