 Looking for Control file : ctr3.gcmc
Welcome to MuSiC (GCMC implementation)
Reading from control file ctr3.gcmc
 Initializing General Parameters
------------------------------------------------------------
The ATOMS structure:
  No. of atom types:     3
    Atom Name           : Methane
    Atom Symbol         : CH
    Atom File           : Methane.atm
    Atom Mass           :    16.00
    sscharge, szcharge  :   0.0000  0.0000
    Required # of bonds :   0
    Ion Type            : NONE 
 
    Atom Name           : Oxygen
    Atom Symbol         : O
    Atom File           : Oxygen.atm
    Atom Mass           :    16.00
    sscharge, szcharge  :  -1.0000 -1.0000
    Required # of bonds :   2
    Ion Type            : NONE 
 
    Atom Name           : Silicon
    Atom Symbol         : S
    Atom File           : Silicon.atm
    Atom Mass           :    28.09
    sscharge, szcharge  :   0.0000  0.0000
    Required # of bonds :   0
    Ion Type            : NONE 
------------------------------------------------------------
    Reading molecule information for Methane from: /home/hermes/music4/sim5/molecules/Methane.mol
 molecule.F90 : 1097
  Molecule will be rotated so that the principle axes 
   will coincide with coordinate system axes
    Reading molecule information for sili from: /home/hermes/music4/sim5/molecules/sili.mol
 molecule.F90 : 1097
  Molecule will be rotated so that the principle axes 
   will coincide with coordinate system axes
------------------------------------------------------------
The MOLECULES structure:
  No. of molecule types:     2
------------------------------------------------------------
  Molecule Name       : Methane
  Molecule Mass       : 16.00
  Molecule File       : Methane.mol
  Degrees of freedom  : 3
  DOF origin          : 3N_Calculation
  body axes atom nos  :    0   0   0
  Number of atoms     : 1
  Net Charge          : 0.0
  Dipole Moment(debye): 0.000000000
  Translation xform   : 0.00000   0.00000   0.00000
  Rotational xform    : 
    1.00000   0.00000   0.00000
    0.00000   1.00000   0.00000
    0.00000   0.00000   1.00000
      Atom Name           : Methane
      Atom Type           :    1
      Atom Position       :   0.0000  0.0000  0.0000
      Equilibrium charge  :   0.0000
      MD Set, type        :    0   0
  Connection Information : 
    No connectivity information for Methane
------------------------------------------------------------
  Molecule Name       : sili
  Molecule Mass       : 5768.2
  Molecule File       : sili.mol
  Degrees of freedom  : 864
  DOF origin          : 3N_Calculation
  Number of atoms     : 288
  Net Charge          : 0.0
  Dipole Moment(debye): 0.9E-11
  Translation xform   : 0.00000   0.00000   0.00000
  Rotational xform    : 
    1.00000   0.00000   0.00000
    0.00000   1.00000   0.00000
    0.00000   0.00000   1.00000
  Atom list omitted (natoms > 10)
  Connection Information : 
    No connectivity information for sili
------------------------------------------------------------
      The SIMCELL structure:
      nx, ny, nz            :    2   2   3
      ncells                :   12
      ORTHORHOMBIC
      edge lengths (Ang)    :    40.1400   39.8400   40.2600
      cell angles (degrees) :    90.0000   90.0000   90.0000
      origin shift (Ang)    : 0.0000   0.0000   0.0000
      cell vector a         : 40.1400   0.0000   0.0000
      cell vector b         : -0.0000  39.8400   0.0000
      cell vector c         : -0.0000  -0.0000  40.2600
      box width in (a,b,c)  :    40.1400   39.8400   40.2600
      minimum width (Ang)   :    39.8400
      volume (Angstroms^3)  : 64382.89
------------------------------------------------------------
Configuration Section 
No. of species :      2
  ----------------------------------------------------------
  Species name : Methane                                         
    No. of molecules :      0
    No. of atoms     :    1
    Initial Config. Source : GCMC
    Source Filename: NULL
    ----------------------------------------------------------
  Species name : sili                                            
    No. of molecules :      1
    No. of atoms     : 3456
    Initial Config. Source : FIXED
    Source Filename: NULL
    ----------------------------------------------------------
Initializing intra molecular info from molecule file: /home/hermes/music4/sim5/molecules/Methane.mol
 intramolecular.F90 :  197
 intra filename passed isintramolecular_file                             xx
 intramolecular.F90 :  203
Initialized all intramolecular stuff for Methane
Initializing intra molecular info from molecule file: /home/hermes/music4/sim5/molecules/sili.mol
 intramolecular.F90 :  197
 intra filename passed isintramolecular_file                             xx
 intramolecular.F90 :  203
Initialized all intramolecular stuff for sili
 Finished Initializing Intramolecular interactions
 Initializing Species-Species interactions....
 Finished Initializing Species-Species interactions.
 Finished Initializing Ff interactions.
 Calling ff_initCal
 Call to ff_initCalc successful 
  ------------------------------------------------------------
  The "BASIC" FF information:
  ------------------------------------------------------------
  NON-COULOMBIC SPECIES-SPECIES pair parameters:
  Information taken from: sorb_sorb_file
    ------------------------------------------------------------
    (1,1)  Methane, Methane:          BASIC
      Input Line: NCOUL  BASIC  LJ  FAST  
      Fast interaction?    T
      COM-based cut-off?   F
      COM-COM smoothing?   F
      Atom-Atom PAIR PARAMETERS:
        Information taken from: atom_atom_file
      Overview by atomic pairs:
      (1,1)  Methane, Methane:          LJ
          Methane-Methane LJ parameters from SIGEPS
            Sigma: 3.7300 Ang   Epsilon/k_Boltz: 148.00 K
            A: 0.85E+07 kcal A^12/mol   B: 3168.057 kcal A^6/mol
            high cutoff: 12.00 Ang   low cutoff: 0.001 Ang
    ------------------------------------------------------------
    (1,2)  Methane, sili:             BASIC
      Input Line: NCOUL  BASIC  LJ  FAST  
      Fast interaction?    T
      COM-based cut-off?   F
      COM-COM smoothing?   F
      Atom-Atom PAIR PARAMETERS:
        Information taken from: atom_atom_file
      Overview by atomic pairs:
      (1,1)  Methane, Methane:        OFF
      (1,2)  Methane, Oxygen:           LJ
          Methane-Oxygen LJ parameters from SIGEPS
            Sigma: 3.6000 Ang   Epsilon/k_Boltz: 96.500 K
            A: 0.36E+07 kcal A^12/mol   B: 1669.632 kcal A^6/mol
            high cutoff: 12.00 Ang   low cutoff: 0.001 Ang
      (1,3)  Methane, Silicon:          LJ
          Methane-Silicon LJ parameters from SIGEPS
            Sigma: 1.0000 Ang   Epsilon/k_Boltz: 0.000 K
            A: 0.00000 kcal A^12/mol   B: 0.00000 kcal A^6/mol
            high cutoff: 12.00 Ang   low cutoff: 0.001 Ang
      (2,2)  Oxygen, Oxygen:          OFF
      (2,3)  Oxygen, Silicon:         OFF
      (3,3)  Silicon, Silicon:        OFF
    ------------------------------------------------------------
    (2,2)  sili, sili:                OFF
  ------------------------------------------------------------
  COULOMBIC SPECIES-SPECIES pair parameters:
  Information taken from: sorb_sorb_file
    ------------------------------------------------------------
    (1,1)  Methane, Methane:          OFF
    ------------------------------------------------------------
    (1,2)  Methane, sili:             OFF
    ------------------------------------------------------------
    (2,2)  sili, sili:                OFF
  ------------------------------------------------------------
  INTRAMOLECULAR information for each species 
    ------------------------------------------------------------
    Intramolecular information for Methane:
      Bond Stretching   :  OFF
      Bond Bending      :  OFF
      Torsion Angles    :  OFF
      Intra Pairwise Pot:  OFF
      Intra Coulombic Pot:  OFF
      Constraints       :  OFF
    ------------------------------------------------------------
    Intramolecular information for sili:
      Bond Stretching   :  OFF
      Bond Bending      :  OFF
      Torsion Angles    :  OFF
      Intra Pairwise Pot:  OFF
      Intra Coulombic Pot:  OFF
      Constraints       :  OFF
------------------------------------------------------------
Initializing GCMC moves for: Methane                                         
 Initializing biasing details : cavity, bmap etc 
 --------------- WARNING during bmap_cubeinit ---------------
 bmap.F90 :  322
 Automatically adjusting bmap energies here
 maxnrgval :  -2.04557298343594     
 For biasing purposes all energies above this  will be converted to this value
 --------------- END WARNING --------------------------------
 Energies at the beginning of GCMC simulation: 
   Species Name : Methane                                         
   Species Type : 1
   Pairwise Energies(noncoul, coul) in kJ/mol
              Methane   :   0.00000  0.00000
                 sili   :   0.00000  0.00000
   Intramolecular Energies (bs,bb,tor,ip,con,total) in kJ/mol
      0.00000  0.00000  0.00000  0.00000  0.00000  0.00000  0.00000
 
   Species Name : sili                                            
   Species Type : 2
   Pairwise Energies(noncoul, coul) in kJ/mol
              Methane   :   0.00000  0.00000
                 sili   :   0.00000  0.00000
   Intramolecular Energies (bs,bb,tor,ip,con,total) in kJ/mol
      0.00000  0.00000  0.00000  0.00000  0.00000  0.00000  0.00000
 
------------------------------------------------------------
The GCMC Parameters Section:
  No. of iterations  :      1
  No. of simulations :      1
  Temperature(K)     :  308.000
  No. of species     :      1
  ------------------------------------------------------------
  GCMC Moves Parameters:
  ------------------------------------------------------------
  Species Name: Methane
    Thermophysical simulation points:
    Pressure  Fugacity     murti  B(Adams)
   0.426E+03 0.426E+03   -13.382     1.865
    Allowed Move Types and Parameters:
      Basic Move type:    INSERT
      Specific Move type: BINSERT
        Rigid Molecule Biased-Insertion Parameters :
          Type of bias: MAP_BIAS
          Details of Bias for insertion: 
          Bias map file: sili.CH4.pmap
          Bias Temperature, K:  308.000
          Bias map details: 
              Bias map filename: sili.CH4.pmap
              Cumulative Wt:  29636078.    
              No. of tabulated cubelets:    90859
              Cutoff Potential(kcal):     30.00000
          Maximum allowed energy: 0.10E+11 kcal/mol
      ------------------------------------------------------------
      Basic Move type:    DELETE
      Specific Move type: BDELETE
        Rigid Molecule Deletion Parameters :
          Type of bias: MAP_BIAS
          Details of Bias for insertion: 
          Bias map file: sili.CH4.pmap
          Bias Temperature, K:  308.000
          Bias map details: 
              Bias map filename: sili.CH4.pmap
              Cumulative Wt:  29636078.    
              No. of tabulated cubelets:    90859
              Cutoff Potential(kcal):     30.00000
          Maximum allowed energy: 0.10E+11 kcal/mol
      ------------------------------------------------------------
      Basic Move type:    TRANSLATE
      Specific Move type: RTRANSLATE
        Rigid Molecule Random-Translation Parameters :
        Scaling of Translation length allowed.
        Initial translation length:      0.20000
        Maximum allowed energy: 0.10E+11 kcal/mol
      ------------------------------------------------------------
 
 
------------------------------------------------------------
Beginning GCMC simulation number 1 of 1   (1000000 steps)
------------------------------------------------------------
The GCMC Simulation Parameters:
  Simulation Number :    1
  Configuration file: sili.CH4.con.3
  Restart file      : sili.CH4.res.3
  ------------------------------------------------------------
  GCMC Species Parameters:
    ----------------------------------------------------------
    Species Name: Methane
      Press.(kPa)   Fugacity      murti   B(Adams)
          426.400    426.400    -13.382      1.865
    ----------------------------------------------------------


  Macro-iteration number 100000 (100000 micro) of simulation 1
  ------------------------------------------------------------
  The GCMC Stats:
    Species Name: Methane    Pressure: 426.40 kPa
      INSERT (BINSERT)          Acc. Ratio: 0.355   (11850 of 33406)  
      DELETE (BDELETE)          Acc. Ratio: 0.354   (11773 of 33235)  
      TRANSLATE (RTRANSLATE)    Acc. Ratio: 0.502   (16747 of 33359)  Max disp:  0.969
      Number of Molecules (ins, blk, cum, stdd)  77.00  81.67  84.62   7.74
 
  Macro-iteration number 200000 (200000 micro) of simulation 1
  ------------------------------------------------------------
  The GCMC Stats:
    Species Name: Methane    Pressure: 426.40 kPa
      INSERT (BINSERT)          Acc. Ratio: 0.354   (23667 of 66942)  
      DELETE (BDELETE)          Acc. Ratio: 0.356   (23588 of 66327)  
      TRANSLATE (RTRANSLATE)    Acc. Ratio: 0.500   (33384 of 66731)  Max disp:  2.000
      Number of Molecules (ins, blk, cum, stdd)  79.00  82.72  85.18   7.02
 
  Macro-iteration number 300000 (300000 micro) of simulation 1
  ------------------------------------------------------------
  The GCMC Stats:
    Species Name: Methane    Pressure: 426.40 kPa
      INSERT (BINSERT)          Acc. Ratio: 0.355   (35556 of 100153)  
      DELETE (BDELETE)          Acc. Ratio: 0.356   (35467 of 99625)  
      TRANSLATE (RTRANSLATE)    Acc. Ratio: 0.494   (49498 of 100222)  Max disp:  0.436
      Number of Molecules (ins, blk, cum, stdd)  89.00  84.46  85.47   6.89
 
  Macro-iteration number 400000 (400000 micro) of simulation 1
  ------------------------------------------------------------
  The GCMC Stats:
    Species Name: Methane    Pressure: 426.40 kPa
      INSERT (BINSERT)          Acc. Ratio: 0.354   (47279 of 133630)  
      DELETE (BDELETE)          Acc. Ratio: 0.355   (47202 of 132844)  
      TRANSLATE (RTRANSLATE)    Acc. Ratio: 0.510   (68065 of 133526)  Max disp:  1.445
      Number of Molecules (ins, blk, cum, stdd)  77.00  82.15  85.70   6.91
 
  Macro-iteration number 500000 (500000 micro) of simulation 1
  ------------------------------------------------------------
  The GCMC Stats:
    Species Name: Methane    Pressure: 426.40 kPa
      INSERT (BINSERT)          Acc. Ratio: 0.354   (59005 of 166873)  
      DELETE (BDELETE)          Acc. Ratio: 0.355   (58917 of 166194)  
      TRANSLATE (RTRANSLATE)    Acc. Ratio: 0.509   (85051 of 166933)  Max disp:  0.723
      Number of Molecules (ins, blk, cum, stdd)  88.00  82.02  85.58   6.82
 
  Macro-iteration number 600000 (600000 micro) of simulation 1
  ------------------------------------------------------------
  The GCMC Stats:
    Species Name: Methane    Pressure: 426.40 kPa
      INSERT (BINSERT)          Acc. Ratio: 0.353   (70686 of 200061)  
      DELETE (BDELETE)          Acc. Ratio: 0.354   (70595 of 199412)  
      TRANSLATE (RTRANSLATE)    Acc. Ratio: 0.503   (100863 of 200527)  Max disp:  0.723
      Number of Molecules (ins, blk, cum, stdd)  91.00  92.27  85.67   6.84
 
  Macro-iteration number 700000 (700000 micro) of simulation 1
  ------------------------------------------------------------
  The GCMC Stats:
    Species Name: Methane    Pressure: 426.40 kPa
      INSERT (BINSERT)          Acc. Ratio: 0.354   (82495 of 233270)  
      DELETE (BDELETE)          Acc. Ratio: 0.354   (82393 of 232913)  
      TRANSLATE (RTRANSLATE)    Acc. Ratio: 0.499   (116569 of 233817)  Max disp:  0.723
      Number of Molecules (ins, blk, cum, stdd) 102.00  83.39  85.58   6.79
 
  Macro-iteration number 800000 (800000 micro) of simulation 1
  ------------------------------------------------------------
  The GCMC Stats:
    Species Name: Methane    Pressure: 426.40 kPa
      INSERT (BINSERT)          Acc. Ratio: 0.353   (94180 of 266511)  
      DELETE (BDELETE)          Acc. Ratio: 0.353   (94092 of 266195)  
      TRANSLATE (RTRANSLATE)    Acc. Ratio: 0.495   (132202 of 267294)  Max disp:  0.723
      Number of Molecules (ins, blk, cum, stdd)  88.00  88.28  85.62   6.80
 
  Macro-iteration number 900000 (900000 micro) of simulation 1
  ------------------------------------------------------------
  The GCMC Stats:
    Species Name: Methane    Pressure: 426.40 kPa
      INSERT (BINSERT)          Acc. Ratio: 0.353   (105774 of 300050)  
      DELETE (BDELETE)          Acc. Ratio: 0.353   (105689 of 299266)  
      TRANSLATE (RTRANSLATE)    Acc. Ratio: 0.492   (148047 of 300684)  Max disp:  0.723
      Number of Molecules (ins, blk, cum, stdd)  85.00  88.38  85.66   6.81
 
  Macro-iteration number 1000000 (1000000 micro) of simulation 1
  ------------------------------------------------------------
  The GCMC Stats:
    Species Name: Methane    Pressure: 426.40 kPa
      INSERT (BINSERT)          Acc. Ratio: 0.353   (117591 of 333263)  
      DELETE (BDELETE)          Acc. Ratio: 0.353   (117512 of 332850)  
      TRANSLATE (RTRANSLATE)    Acc. Ratio: 0.491   (163827 of 333887)  Max disp:  0.433
      Number of Molecules (ins, blk, cum, stdd)  79.00  86.06  85.61   6.76
 
 ________ ACTUAL ENERGIES    _____________
    Energy:        -1374.588
     Coul:  0.000E+00 0.000E+00
    NCoul: -0.254E+02-0.135E+04
    Intramolecular:    bs       bb      tor       ip      con    total
                      0.00000  0.00000  0.00000  0.00000  0.00000  0.00000  0.00000  0.00000
 
 ________ STORED ENERGIES    _____________
    Energy:        -1374.588
     Coul:  0.000E+00 0.000E+00
    NCoul: -0.254E+02-0.135E+04
    Intramolecular:    bs       bb      tor       ip      con    total
                      0.00000  0.00000  0.00000  0.00000  0.00000  0.00000  0.00000  0.00000
 ________ ACTUAL ENERGIES    _____________
    Energy:        -1349.234
     Coul:  0.000E+00 0.000E+00
    NCoul: -0.135E+04 0.000E+00
    Intramolecular:    bs       bb      tor       ip      con    total
                      0.00000  0.00000  0.00000  0.00000  0.00000  0.00000  0.00000  0.00000
 
 ________ STORED ENERGIES    _____________
    Energy:        -1349.234
     Coul:  0.000E+00 0.000E+00
    NCoul: -0.135E+04 0.000E+00
    Intramolecular:    bs       bb      tor       ip      con    total
                      0.00000  0.00000  0.00000  0.00000  0.00000  0.00000  0.00000  0.00000
------------------------------------------------------------
Ending GCMC simulation number 1    Nrg dev check: 0.966E-11
  Methane:  P (kPa): 426.4    loading (molec/uc): 7.134
------------------------------------------------------------
 music.F90 :  297
Main Program   Time: 52.850 min   Number of calls: 1   Time per call: 52.850 min
