 Looking for Control file : ctr1.gcmc
Welcome to MuSiC (GCMC implementation)
Reading from control file ctr1.gcmc
 Initializing General Parameters
------------------------------------------------------------
The ATOMS structure:
  No. of atom types:     3
    Atom Name           : Nitrogen
    Atom Symbol         : N2
    Atom File           : Nitrogen.atm
    Atom Mass           :    14.00
    sscharge, szcharge  :   0.0000  0.0000
    Required # of bonds :   0
    Ion Type            : NONE 
 
    Atom Name           : Oxygen
    Atom Symbol         : O
    Atom File           : Oxygen.atm
    Atom Mass           :    16.00
    sscharge, szcharge  :  -1.0000 -1.0000
    Required # of bonds :   2
    Ion Type            : NONE 
 
    Atom Name           : Silicon
    Atom Symbol         : S
    Atom File           : Silicon.atm
    Atom Mass           :    28.09
    sscharge, szcharge  :   0.0000  0.0000
    Required # of bonds :   0
    Ion Type            : NONE 
------------------------------------------------------------
    Reading molecule information for N2 from: /home/hermes/music4/sim5/molecules/N2.mol
 molecule.F90 : 1097
  Molecule will be rotated so that the principle axes 
   will coincide with coordinate system axes
 Generating Connections for N2                                              
    Reading molecule information for sili from: /home/hermes/music4/sim5/molecules/sili.mol
 molecule.F90 : 1097
  Molecule will be rotated so that the principle axes 
   will coincide with coordinate system axes
------------------------------------------------------------
The MOLECULES structure:
  No. of molecule types:     2
------------------------------------------------------------
  Molecule Name       : N2
  Molecule Mass       : 28.00
  Molecule File       : N2.mol
  Degrees of freedom  : 5
  DOF origin          : Molecule_File
  body axes atom nos  :    0   0   0
  Number of atoms     : 2
  Net Charge          : 0.0
  Dipole Moment(debye): 0.000000000
  Translation xform   : 0.00000   0.00000   0.00000
  Rotational xform    : 
    1.00000   0.00000   0.00000
    0.00000   1.00000   0.00000
    0.00000   0.00000   1.00000
      Atom Name           : Nitrogen
      Atom Type           :    1
      Atom Position       :   0.0000  0.0000  0.0000
      Equilibrium charge  :   0.0000
      MD Set, type        :    0   0
      Atom Name           : Nitrogen
      Atom Type           :    1
      Atom Position       :   1.0980  0.0000  0.0000
      Equilibrium charge  :   0.0000
      MD Set, type        :    0   0
  Connection Information : 
    Connection Information for N2                                              
    Atom     1: No connections
    Atom     2: No connections
------------------------------------------------------------
  Molecule Name       : sili
  Molecule Mass       : 5768.2
  Molecule File       : sili.mol
  Degrees of freedom  : 864
  DOF origin          : 3N_Calculation
  Number of atoms     : 288
  Net Charge          : 0.0
  Dipole Moment(debye): 0.9E-11
  Translation xform   : 0.00000   0.00000   0.00000
  Rotational xform    : 
    1.00000   0.00000   0.00000
    0.00000   1.00000   0.00000
    0.00000   0.00000   1.00000
  Atom list omitted (natoms > 10)
  Connection Information : 
    No connectivity information for sili
------------------------------------------------------------
      The SIMCELL structure:
      nx, ny, nz            :    2   2   3
      ncells                :   12
      ORTHORHOMBIC
      edge lengths (Ang)    :    40.1400   39.8400   40.2600
      cell angles (degrees) :    90.0000   90.0000   90.0000
      origin shift (Ang)    : 0.0000   0.0000   0.0000
      cell vector a         : 40.1400   0.0000   0.0000
      cell vector b         : -0.0000  39.8400   0.0000
      cell vector c         : -0.0000  -0.0000  40.2600
      box width in (a,b,c)  :    40.1400   39.8400   40.2600
      minimum width (Ang)   :    39.8400
      volume (Angstroms^3)  : 64382.89
------------------------------------------------------------
Configuration Section 
No. of species :      2
  ----------------------------------------------------------
  Species name : N2                                              
    No. of molecules :      0
    No. of atoms     :    2
    Initial Config. Source : GCMC
    Source Filename: NULL
    ----------------------------------------------------------
  Species name : sili                                            
    No. of molecules :      1
    No. of atoms     : 3456
    Initial Config. Source : FIXED
    Source Filename: NULL
    ----------------------------------------------------------
Initializing intra molecular info from molecule file: /home/hermes/music4/sim5/molecules/N2.mol
 intramolecular.F90 :  197
 intra filename passed isintramolecular_file                             xx
 intramolecular.F90 :  203
Initialized all intramolecular stuff for N2
Initializing intra molecular info from molecule file: /home/hermes/music4/sim5/molecules/sili.mol
 intramolecular.F90 :  197
 intra filename passed isintramolecular_file                             xx
 intramolecular.F90 :  203
Initialized all intramolecular stuff for sili
 Finished Initializing Intramolecular interactions
 Initializing Species-Species interactions....
 Finished Initializing Species-Species interactions.
 Finished Initializing Ff interactions.
 Calling ff_initCal
 Call to ff_initCalc successful 
  ------------------------------------------------------------
  The "BASIC" FF information:
  ------------------------------------------------------------
  NON-COULOMBIC SPECIES-SPECIES pair parameters:
  Information taken from: sorb_sorb_file
    ------------------------------------------------------------
    (1,1)  N2, N2:                    BASIC
      Input Line: NCOUL  BASIC  LJ  FAST  
      Fast interaction?    T
      COM-based cut-off?   F
      COM-COM smoothing?   F
      Atom-Atom PAIR PARAMETERS:
        Information taken from: atom_atom_file
      Overview by atomic pairs:
      (1,1)  Nitrogen, Nitrogen:        LJ
          Nitrogen-Nitrogen LJ parameters from SIGEPS
            Sigma: 3.3200 Ang   Epsilon/k_Boltz: 36.400 K
            A: 518843.9 kcal A^12/mol   B: 387.4434 kcal A^6/mol
            high cutoff: 12.00 Ang   low cutoff: 0.001 Ang
    ------------------------------------------------------------
    (1,2)  N2, sili:                  BASIC
      Input Line: NCOUL  BASIC  LJ  FAST  
      Fast interaction?    T
      COM-based cut-off?   F
      COM-COM smoothing?   F
      Atom-Atom PAIR PARAMETERS:
        Information taken from: atom_atom_file
      Overview by atomic pairs:
      (1,1)  Nitrogen, Nitrogen:      OFF
      (1,2)  Nitrogen, Oxygen:          LJ
          Nitrogen-Oxygen LJ parameters from SIGEPS
            Sigma: 3.0620 Ang   Epsilon/k_Boltz: 58.250 K
            A: 314511.5 kcal A^12/mol   B: 381.5974 kcal A^6/mol
            high cutoff: 12.00 Ang   low cutoff: 0.001 Ang
      (1,3)  Nitrogen, Silicon:         LJ
          Nitrogen-Silicon LJ parameters from SIGEPS
            Sigma: 1.0000 Ang   Epsilon/k_Boltz: 0.000 K
            A: 0.00000 kcal A^12/mol   B: 0.00000 kcal A^6/mol
            high cutoff: 12.00 Ang   low cutoff: 0.001 Ang
      (2,2)  Oxygen, Oxygen:          OFF
      (2,3)  Oxygen, Silicon:         OFF
      (3,3)  Silicon, Silicon:        OFF
    ------------------------------------------------------------
    (2,2)  sili, sili:                OFF
  ------------------------------------------------------------
  COULOMBIC SPECIES-SPECIES pair parameters:
  Information taken from: sorb_sorb_file
    ------------------------------------------------------------
    (1,1)  N2, N2:                    OFF
    ------------------------------------------------------------
    (1,2)  N2, sili:                  OFF
    ------------------------------------------------------------
    (2,2)  sili, sili:                OFF
  ------------------------------------------------------------
  INTRAMOLECULAR information for each species 
    ------------------------------------------------------------
    Intramolecular information for N2:
      Bond Stretching   :  OFF
      Bond Bending      :  OFF
      Torsion Angles    :  OFF
      Intra Pairwise Pot:  OFF
      Intra Coulombic Pot:  OFF
      Constraints       :  OFF
    ------------------------------------------------------------
    Intramolecular information for sili:
      Bond Stretching   :  OFF
      Bond Bending      :  OFF
      Torsion Angles    :  OFF
      Intra Pairwise Pot:  OFF
      Intra Coulombic Pot:  OFF
      Constraints       :  OFF
------------------------------------------------------------
Initializing GCMC moves for: N2                                              
 Initializing biasing details : cavity, bmap etc 
 --------------- WARNING during bmap_cubeinit ---------------
 bmap.F90 :  322
 Automatically adjusting bmap energies here
 maxnrgval :  0.396724495155476     
 For biasing purposes all energies above this  will be converted to this value
 --------------- END WARNING --------------------------------
 Energies at the beginning of GCMC simulation: 
   Species Name : N2                                              
   Species Type : 1
   Pairwise Energies(noncoul, coul) in kJ/mol
                   N2   :   0.00000  0.00000
                 sili   :   0.00000  0.00000
   Intramolecular Energies (bs,bb,tor,ip,con,total) in kJ/mol
      0.00000  0.00000  0.00000  0.00000  0.00000  0.00000  0.00000
 
   Species Name : sili                                            
   Species Type : 2
   Pairwise Energies(noncoul, coul) in kJ/mol
                   N2   :   0.00000  0.00000
                 sili   :   0.00000  0.00000
   Intramolecular Energies (bs,bb,tor,ip,con,total) in kJ/mol
      0.00000  0.00000  0.00000  0.00000  0.00000  0.00000  0.00000
 
------------------------------------------------------------
The GCMC Parameters Section:
  No. of iterations  :      1
  No. of simulations :      1
  Temperature(K)     :  308.000
  No. of species     :      1
  ------------------------------------------------------------
  GCMC Moves Parameters:
  ------------------------------------------------------------
  Species Name: N2
    Thermophysical simulation points:
    Pressure  Fugacity     murti  B(Adams)
   0.500E+02 0.500E+02   -16.365    -0.279
    Allowed Move Types and Parameters:
      Basic Move type:    INSERT
      Specific Move type: BINSERT
        Rigid Molecule Biased-Insertion Parameters :
          Type of bias: MAP_BIAS
          Details of Bias for insertion: 
          Bias map file: sili.N2.pmap
          Bias Temperature, K:  308.000
          Bias map details: 
              Bias map filename: sili.N2.pmap
              Cumulative Wt:  555291.88    
              No. of tabulated cubelets:   149590
              Cutoff Potential(kcal):     30.00000
          Maximum allowed energy: 0.10E+11 kcal/mol
      ------------------------------------------------------------
      Basic Move type:    DELETE
      Specific Move type: BDELETE
        Rigid Molecule Deletion Parameters :
          Type of bias: MAP_BIAS
          Details of Bias for insertion: 
          Bias map file: sili.N2.pmap
          Bias Temperature, K:  308.000
          Bias map details: 
              Bias map filename: sili.N2.pmap
              Cumulative Wt:  555291.88    
              No. of tabulated cubelets:   149590
              Cutoff Potential(kcal):     30.00000
          Maximum allowed energy: 0.10E+11 kcal/mol
      ------------------------------------------------------------
      Basic Move type:    ROTATE
      Specific Move type: RROTATE
        Rigid Molecule Random-Rotation Parameters :
        Scaling of Rotation increment not allowed.
        Initial rotation-delta:      0.20000
        Maximum allowed energy: 0.10E+11 kcal/mol
      ------------------------------------------------------------
      Basic Move type:    TRANSLATE
      Specific Move type: RTRANSLATE
        Rigid Molecule Random-Translation Parameters :
        Scaling of Translation length allowed.
        Initial translation length:      0.20000
        Maximum allowed energy: 0.10E+11 kcal/mol
      ------------------------------------------------------------
 
 
------------------------------------------------------------
Beginning GCMC simulation number 1 of 1   (1000000 steps)
------------------------------------------------------------
The GCMC Simulation Parameters:
  Simulation Number :    1
  Configuration file: sili.N2.con.1
  Restart file      : sili.N2.res.1
  ------------------------------------------------------------
  GCMC Species Parameters:
    ----------------------------------------------------------
    Species Name: N2
      Press.(kPa)   Fugacity      murti   B(Adams)
           49.990     49.990    -16.365     -0.279
    ----------------------------------------------------------


  Macro-iteration number 100000 (100000 micro) of simulation 1
  ------------------------------------------------------------
  The GCMC Stats:
    Species Name: N2    Pressure: 49.990 kPa
      INSERT (BINSERT)          Acc. Ratio: 0.551   (13793 of 25054)  
      DELETE (BDELETE)          Acc. Ratio: 0.578   (13790 of 23877)  
      ROTATE (RROTATE)          Acc. Ratio: 0.930   (22049 of 23715)  Max disp:  0.200
      TRANSLATE (RTRANSLATE)    Acc. Ratio: 0.498   (11688 of 23482)  Max disp:  0.380
      Number of Molecules (ins, blk, cum, stdd)   3.00   3.10   2.95   1.71
 
  Macro-iteration number 200000 (200000 micro) of simulation 1
  ------------------------------------------------------------
  The GCMC Stats:
    Species Name: N2    Pressure: 49.990 kPa
      INSERT (BINSERT)          Acc. Ratio: 0.549   (27499 of 50053)  
      DELETE (BDELETE)          Acc. Ratio: 0.578   (27498 of 47569)  
      ROTATE (RROTATE)          Acc. Ratio: 0.930   (44089 of 47413)  Max disp:  0.200
      TRANSLATE (RTRANSLATE)    Acc. Ratio: 0.504   (23736 of 47078)  Max disp:  0.880
      Number of Molecules (ins, blk, cum, stdd)   1.00   3.42   2.97   1.72
 
  Macro-iteration number 300000 (300000 micro) of simulation 1
  ------------------------------------------------------------
  The GCMC Stats:
    Species Name: N2    Pressure: 49.990 kPa
      INSERT (BINSERT)          Acc. Ratio: 0.549   (41325 of 75233)  
      DELETE (BDELETE)          Acc. Ratio: 0.577   (41318 of 71604)  
      ROTATE (RROTATE)          Acc. Ratio: 0.931   (65980 of 70907)  Max disp:  0.200
      TRANSLATE (RTRANSLATE)    Acc. Ratio: 0.505   (35654 of 70610)  Max disp:  1.283
      Number of Molecules (ins, blk, cum, stdd)   7.00   2.94   2.96   1.71
 
  Macro-iteration number 400000 (400000 micro) of simulation 1
  ------------------------------------------------------------
  The GCMC Stats:
    Species Name: N2    Pressure: 49.990 kPa
      INSERT (BINSERT)          Acc. Ratio: 0.550   (55050 of 100158)  
      DELETE (BDELETE)          Acc. Ratio: 0.575   (55049 of 95655)  
      ROTATE (RROTATE)          Acc. Ratio: 0.930   (88006 of 94616)  Max disp:  0.200
      TRANSLATE (RTRANSLATE)    Acc. Ratio: 0.508   (47842 of 94254)  Max disp:  1.412
      Number of Molecules (ins, blk, cum, stdd)   1.00   2.99   2.96   1.70
 
  Macro-iteration number 500000 (500000 micro) of simulation 1
  ------------------------------------------------------------
  The GCMC Stats:
    Species Name: N2    Pressure: 49.990 kPa
      INSERT (BINSERT)          Acc. Ratio: 0.550   (68759 of 125112)  
      DELETE (BDELETE)          Acc. Ratio: 0.575   (68757 of 119484)  
      ROTATE (RROTATE)          Acc. Ratio: 0.930   (110296 of 118554)  Max disp:  0.200
      TRANSLATE (RTRANSLATE)    Acc. Ratio: 0.500   (59047 of 118049)  Max disp:  0.689
      Number of Molecules (ins, blk, cum, stdd)   2.00   3.03   2.97   1.70
 
  Macro-iteration number 600000 (600000 micro) of simulation 1
  ------------------------------------------------------------
  The GCMC Stats:
    Species Name: N2    Pressure: 49.990 kPa
      INSERT (BINSERT)          Acc. Ratio: 0.550   (82643 of 150190)  
      DELETE (BDELETE)          Acc. Ratio: 0.578   (82641 of 143069)  
      ROTATE (RROTATE)          Acc. Ratio: 0.930   (132256 of 142234)  Max disp:  0.200
      TRANSLATE (RTRANSLATE)    Acc. Ratio: 0.490   (69413 of 141661)  Max disp:  1.350
      Number of Molecules (ins, blk, cum, stdd)   2.00   2.54   2.98   1.71
 
  Macro-iteration number 700000 (700000 micro) of simulation 1
  ------------------------------------------------------------
  The GCMC Stats:
    Species Name: N2    Pressure: 49.990 kPa
      INSERT (BINSERT)          Acc. Ratio: 0.550   (96393 of 175235)  
      DELETE (BDELETE)          Acc. Ratio: 0.578   (96392 of 166883)  
      ROTATE (RROTATE)          Acc. Ratio: 0.930   (154318 of 165984)  Max disp:  0.200
      TRANSLATE (RTRANSLATE)    Acc. Ratio: 0.493   (81683 of 165562)  Max disp:  0.755
      Number of Molecules (ins, blk, cum, stdd)   1.00   3.01   2.98   1.71
 
  Macro-iteration number 800000 (800000 micro) of simulation 1
  ------------------------------------------------------------
  The GCMC Stats:
    Species Name: N2    Pressure: 49.990 kPa
      INSERT (BINSERT)          Acc. Ratio: 0.550   (110206 of 200442)  
      DELETE (BDELETE)          Acc. Ratio: 0.579   (110202 of 190481)  
      ROTATE (RROTATE)          Acc. Ratio: 0.930   (176418 of 189745)  Max disp:  0.200
      TRANSLATE (RTRANSLATE)    Acc. Ratio: 0.509   (96348 of 189382)  Max disp:  0.755
      Number of Molecules (ins, blk, cum, stdd)   4.00   2.90   2.98   1.71
 
  Macro-iteration number 900000 (900000 micro) of simulation 1
  ------------------------------------------------------------
  The GCMC Stats:
    Species Name: N2    Pressure: 49.990 kPa
      INSERT (BINSERT)          Acc. Ratio: 0.550   (124000 of 225345)  
      DELETE (BDELETE)          Acc. Ratio: 0.579   (123999 of 214194)  
      ROTATE (RROTATE)          Acc. Ratio: 0.930   (198564 of 213509)  Max disp:  0.200
      TRANSLATE (RTRANSLATE)    Acc. Ratio: 0.498   (106075 of 212939)  Max disp:  0.350
      Number of Molecules (ins, blk, cum, stdd)   1.00   3.06   2.98   1.71
 
  Macro-iteration number 1000000 (1000000 micro) of simulation 1
  ------------------------------------------------------------
  The GCMC Stats:
    Species Name: N2    Pressure: 49.990 kPa
      INSERT (BINSERT)          Acc. Ratio: 0.550   (137750 of 250342)  
      DELETE (BDELETE)          Acc. Ratio: 0.579   (137749 of 237884)  
      ROTATE (RROTATE)          Acc. Ratio: 0.930   (220614 of 237235)  Max disp:  0.200
      TRANSLATE (RTRANSLATE)    Acc. Ratio: 0.493   (116673 of 236537)  Max disp:  2.000
      Number of Molecules (ins, blk, cum, stdd)   1.00   3.13   2.98   1.71
 
 ________ ACTUAL ENERGIES    _____________
    Energy:          -10.023
     Coul:  0.000E+00 0.000E+00
    NCoul:  0.000E+00-0.100E+02
    Intramolecular:    bs       bb      tor       ip      con    total
                      0.00000  0.00000  0.00000  0.00000  0.00000  0.00000  0.00000  0.00000
 
 ________ STORED ENERGIES    _____________
    Energy:          -10.023
     Coul:  0.000E+00 0.000E+00
    NCoul: -0.112E-14-0.100E+02
    Intramolecular:    bs       bb      tor       ip      con    total
                      0.00000  0.00000  0.00000  0.00000  0.00000  0.00000  0.00000  0.00000
 ________ ACTUAL ENERGIES    _____________
    Energy:          -10.023
     Coul:  0.000E+00 0.000E+00
    NCoul: -0.100E+02 0.000E+00
    Intramolecular:    bs       bb      tor       ip      con    total
                      0.00000  0.00000  0.00000  0.00000  0.00000  0.00000  0.00000  0.00000
 
 ________ STORED ENERGIES    _____________
    Energy:          -10.023
     Coul:  0.000E+00 0.000E+00
    NCoul: -0.100E+02 0.000E+00
    Intramolecular:    bs       bb      tor       ip      con    total
                      0.00000  0.00000  0.00000  0.00000  0.00000  0.00000  0.00000  0.00000
------------------------------------------------------------
Ending GCMC simulation number 1    Nrg dev check: 0.365E-11
  N2:  P (kPa): 49.99    loading (molec/uc): 0.248
------------------------------------------------------------
 music.F90 :  297
Main Program   Time: 1.9427 hrs   Number of calls: 1   Time per call: 1.9427 hrs
