 Looking for Control file : ctr3.gcmc
Welcome to MuSiC (GCMC implementation)
Reading from control file ctr3.gcmc
 Initializing General Parameters
------------------------------------------------------------
The ATOMS structure:
  No. of atom types:     3
    Atom Name           : Nitrogen
    Atom Symbol         : N2
    Atom File           : Nitrogen.atm
    Atom Mass           :    14.00
    sscharge, szcharge  :   0.0000  0.0000
    Required # of bonds :   0
    Ion Type            : NONE 
 
    Atom Name           : Oxygen
    Atom Symbol         : O
    Atom File           : Oxygen.atm
    Atom Mass           :    16.00
    sscharge, szcharge  :  -1.0000 -1.0000
    Required # of bonds :   2
    Ion Type            : NONE 
 
    Atom Name           : Silicon
    Atom Symbol         : S
    Atom File           : Silicon.atm
    Atom Mass           :    28.09
    sscharge, szcharge  :   0.0000  0.0000
    Required # of bonds :   0
    Ion Type            : NONE 
------------------------------------------------------------
    Reading molecule information for N2 from: /home/hermes/music4/sim5/molecules/N2.mol
 molecule.F90 : 1097
  Molecule will be rotated so that the principle axes 
   will coincide with coordinate system axes
 Generating Connections for N2                                              
    Reading molecule information for sili from: /home/hermes/music4/sim5/molecules/sili.mol
 molecule.F90 : 1097
  Molecule will be rotated so that the principle axes 
   will coincide with coordinate system axes
------------------------------------------------------------
The MOLECULES structure:
  No. of molecule types:     2
------------------------------------------------------------
  Molecule Name       : N2
  Molecule Mass       : 28.00
  Molecule File       : N2.mol
  Degrees of freedom  : 5
  DOF origin          : Molecule_File
  body axes atom nos  :    0   0   0
  Number of atoms     : 2
  Net Charge          : 0.0
  Dipole Moment(debye): 0.000000000
  Translation xform   : 0.00000   0.00000   0.00000
  Rotational xform    : 
    1.00000   0.00000   0.00000
    0.00000   1.00000   0.00000
    0.00000   0.00000   1.00000
      Atom Name           : Nitrogen
      Atom Type           :    1
      Atom Position       :   0.0000  0.0000  0.0000
      Equilibrium charge  :   0.0000
      MD Set, type        :    0   0
      Atom Name           : Nitrogen
      Atom Type           :    1
      Atom Position       :   1.0980  0.0000  0.0000
      Equilibrium charge  :   0.0000
      MD Set, type        :    0   0
  Connection Information : 
    Connection Information for N2                                              
    Atom     1: No connections
    Atom     2: No connections
------------------------------------------------------------
  Molecule Name       : sili
  Molecule Mass       : 5768.2
  Molecule File       : sili.mol
  Degrees of freedom  : 864
  DOF origin          : 3N_Calculation
  Number of atoms     : 288
  Net Charge          : 0.0
  Dipole Moment(debye): 0.9E-11
  Translation xform   : 0.00000   0.00000   0.00000
  Rotational xform    : 
    1.00000   0.00000   0.00000
    0.00000   1.00000   0.00000
    0.00000   0.00000   1.00000
  Atom list omitted (natoms > 10)
  Connection Information : 
    No connectivity information for sili
------------------------------------------------------------
      The SIMCELL structure:
      nx, ny, nz            :    2   2   3
      ncells                :   12
      ORTHORHOMBIC
      edge lengths (Ang)    :    40.1400   39.8400   40.2600
      cell angles (degrees) :    90.0000   90.0000   90.0000
      origin shift (Ang)    : 0.0000   0.0000   0.0000
      cell vector a         : 40.1400   0.0000   0.0000
      cell vector b         : -0.0000  39.8400   0.0000
      cell vector c         : -0.0000  -0.0000  40.2600
      box width in (a,b,c)  :    40.1400   39.8400   40.2600
      minimum width (Ang)   :    39.8400
      volume (Angstroms^3)  : 64382.89
------------------------------------------------------------
Configuration Section 
No. of species :      2
  ----------------------------------------------------------
  Species name : N2                                              
    No. of molecules :      0
    No. of atoms     :    2
    Initial Config. Source : GCMC
    Source Filename: NULL
    ----------------------------------------------------------
  Species name : sili                                            
    No. of molecules :      1
    No. of atoms     : 3456
    Initial Config. Source : FIXED
    Source Filename: NULL
    ----------------------------------------------------------
Initializing intra molecular info from molecule file: /home/hermes/music4/sim5/molecules/N2.mol
 intramolecular.F90 :  197
 intra filename passed isintramolecular_file                             xx
 intramolecular.F90 :  203
Initialized all intramolecular stuff for N2
Initializing intra molecular info from molecule file: /home/hermes/music4/sim5/molecules/sili.mol
 intramolecular.F90 :  197
 intra filename passed isintramolecular_file                             xx
 intramolecular.F90 :  203
Initialized all intramolecular stuff for sili
 Finished Initializing Intramolecular interactions
 Initializing Species-Species interactions....
 Finished Initializing Species-Species interactions.
 Finished Initializing Ff interactions.
 Calling ff_initCal
 Call to ff_initCalc successful 
  ------------------------------------------------------------
  The "BASIC" FF information:
  ------------------------------------------------------------
  NON-COULOMBIC SPECIES-SPECIES pair parameters:
  Information taken from: sorb_sorb_file
    ------------------------------------------------------------
    (1,1)  N2, N2:                    BASIC
      Input Line: NCOUL  BASIC  LJ  FAST  
      Fast interaction?    T
      COM-based cut-off?   F
      COM-COM smoothing?   F
      Atom-Atom PAIR PARAMETERS:
        Information taken from: atom_atom_file
      Overview by atomic pairs:
      (1,1)  Nitrogen, Nitrogen:        LJ
          Nitrogen-Nitrogen LJ parameters from SIGEPS
            Sigma: 3.3200 Ang   Epsilon/k_Boltz: 36.400 K
            A: 518843.9 kcal A^12/mol   B: 387.4434 kcal A^6/mol
            high cutoff: 12.00 Ang   low cutoff: 0.001 Ang
    ------------------------------------------------------------
    (1,2)  N2, sili:                  BASIC
      Input Line: NCOUL  BASIC  LJ  FAST  
      Fast interaction?    T
      COM-based cut-off?   F
      COM-COM smoothing?   F
      Atom-Atom PAIR PARAMETERS:
        Information taken from: atom_atom_file
      Overview by atomic pairs:
      (1,1)  Nitrogen, Nitrogen:      OFF
      (1,2)  Nitrogen, Oxygen:          LJ
          Nitrogen-Oxygen LJ parameters from SIGEPS
            Sigma: 3.0620 Ang   Epsilon/k_Boltz: 58.250 K
            A: 314511.5 kcal A^12/mol   B: 381.5974 kcal A^6/mol
            high cutoff: 12.00 Ang   low cutoff: 0.001 Ang
      (1,3)  Nitrogen, Silicon:         LJ
          Nitrogen-Silicon LJ parameters from SIGEPS
            Sigma: 1.0000 Ang   Epsilon/k_Boltz: 0.000 K
            A: 0.00000 kcal A^12/mol   B: 0.00000 kcal A^6/mol
            high cutoff: 12.00 Ang   low cutoff: 0.001 Ang
      (2,2)  Oxygen, Oxygen:          OFF
      (2,3)  Oxygen, Silicon:         OFF
      (3,3)  Silicon, Silicon:        OFF
    ------------------------------------------------------------
    (2,2)  sili, sili:                OFF
  ------------------------------------------------------------
  COULOMBIC SPECIES-SPECIES pair parameters:
  Information taken from: sorb_sorb_file
    ------------------------------------------------------------
    (1,1)  N2, N2:                    OFF
    ------------------------------------------------------------
    (1,2)  N2, sili:                  OFF
    ------------------------------------------------------------
    (2,2)  sili, sili:                OFF
  ------------------------------------------------------------
  INTRAMOLECULAR information for each species 
    ------------------------------------------------------------
    Intramolecular information for N2:
      Bond Stretching   :  OFF
      Bond Bending      :  OFF
      Torsion Angles    :  OFF
      Intra Pairwise Pot:  OFF
      Intra Coulombic Pot:  OFF
      Constraints       :  OFF
    ------------------------------------------------------------
    Intramolecular information for sili:
      Bond Stretching   :  OFF
      Bond Bending      :  OFF
      Torsion Angles    :  OFF
      Intra Pairwise Pot:  OFF
      Intra Coulombic Pot:  OFF
      Constraints       :  OFF
------------------------------------------------------------
Initializing GCMC moves for: N2                                              
 Initializing biasing details : cavity, bmap etc 
 --------------- WARNING during bmap_cubeinit ---------------
 bmap.F90 :  322
 Automatically adjusting bmap energies here
 maxnrgval :  0.396724495155476     
 For biasing purposes all energies above this  will be converted to this value
 --------------- END WARNING --------------------------------
 Energies at the beginning of GCMC simulation: 
   Species Name : N2                                              
   Species Type : 1
   Pairwise Energies(noncoul, coul) in kJ/mol
                   N2   :   0.00000  0.00000
                 sili   :   0.00000  0.00000
   Intramolecular Energies (bs,bb,tor,ip,con,total) in kJ/mol
      0.00000  0.00000  0.00000  0.00000  0.00000  0.00000  0.00000
 
   Species Name : sili                                            
   Species Type : 2
   Pairwise Energies(noncoul, coul) in kJ/mol
                   N2   :   0.00000  0.00000
                 sili   :   0.00000  0.00000
   Intramolecular Energies (bs,bb,tor,ip,con,total) in kJ/mol
      0.00000  0.00000  0.00000  0.00000  0.00000  0.00000  0.00000
 
------------------------------------------------------------
The GCMC Parameters Section:
  No. of iterations  :      1
  No. of simulations :      1
  Temperature(K)     :  308.000
  No. of species     :      1
  ------------------------------------------------------------
  GCMC Moves Parameters:
  ------------------------------------------------------------
  Species Name: N2
    Thermophysical simulation points:
    Pressure  Fugacity     murti  B(Adams)
   0.429E+03 0.429E+03   -14.215     1.872
    Allowed Move Types and Parameters:
      Basic Move type:    INSERT
      Specific Move type: BINSERT
        Rigid Molecule Biased-Insertion Parameters :
          Type of bias: MAP_BIAS
          Details of Bias for insertion: 
          Bias map file: sili.N2.pmap
          Bias Temperature, K:  308.000
          Bias map details: 
              Bias map filename: sili.N2.pmap
              Cumulative Wt:  555291.88    
              No. of tabulated cubelets:   149590
              Cutoff Potential(kcal):     30.00000
          Maximum allowed energy: 0.10E+11 kcal/mol
      ------------------------------------------------------------
      Basic Move type:    DELETE
      Specific Move type: BDELETE
        Rigid Molecule Deletion Parameters :
          Type of bias: MAP_BIAS
          Details of Bias for insertion: 
          Bias map file: sili.N2.pmap
          Bias Temperature, K:  308.000
          Bias map details: 
              Bias map filename: sili.N2.pmap
              Cumulative Wt:  555291.88    
              No. of tabulated cubelets:   149590
              Cutoff Potential(kcal):     30.00000
          Maximum allowed energy: 0.10E+11 kcal/mol
      ------------------------------------------------------------
      Basic Move type:    ROTATE
      Specific Move type: RROTATE
        Rigid Molecule Random-Rotation Parameters :
        Scaling of Rotation increment not allowed.
        Initial rotation-delta:      0.20000
        Maximum allowed energy: 0.10E+11 kcal/mol
      ------------------------------------------------------------
      Basic Move type:    TRANSLATE
      Specific Move type: RTRANSLATE
        Rigid Molecule Random-Translation Parameters :
        Scaling of Translation length allowed.
        Initial translation length:      0.20000
        Maximum allowed energy: 0.10E+11 kcal/mol
      ------------------------------------------------------------
 
 
------------------------------------------------------------
Beginning GCMC simulation number 1 of 1   (1000000 steps)
------------------------------------------------------------
The GCMC Simulation Parameters:
  Simulation Number :    1
  Configuration file: sili.N2.con.3
  Restart file      : sili.N2.res.3
  ------------------------------------------------------------
  GCMC Species Parameters:
    ----------------------------------------------------------
    Species Name: N2
      Press.(kPa)   Fugacity      murti   B(Adams)
          429.400    429.400    -14.215      1.872
    ----------------------------------------------------------


  Macro-iteration number 100000 (100000 micro) of simulation 1
  ------------------------------------------------------------
  The GCMC Stats:
    Species Name: N2    Pressure: 429.40 kPa
      INSERT (BINSERT)          Acc. Ratio: 0.517   (12969 of 25090)  
      DELETE (BDELETE)          Acc. Ratio: 0.515   (12951 of 25136)  
      ROTATE (RROTATE)          Acc. Ratio: 0.928   (23199 of 24987)  Max disp:  0.200
      TRANSLATE (RTRANSLATE)    Acc. Ratio: 0.509   (12604 of 24786)  Max disp:  0.350
      Number of Molecules (ins, blk, cum, stdd)  18.00  22.64  22.75   4.38
 
  Macro-iteration number 200000 (200000 micro) of simulation 1
  ------------------------------------------------------------
  The GCMC Stats:
    Species Name: N2    Pressure: 429.40 kPa
      INSERT (BINSERT)          Acc. Ratio: 0.518   (25968 of 50126)  
      DELETE (BDELETE)          Acc. Ratio: 0.517   (25937 of 50188)  
      ROTATE (RROTATE)          Acc. Ratio: 0.927   (46317 of 49960)  Max disp:  0.200
      TRANSLATE (RTRANSLATE)    Acc. Ratio: 0.510   (25342 of 49725)  Max disp:  0.863
      Number of Molecules (ins, blk, cum, stdd)  31.00  23.66  22.81   4.56
 
  Macro-iteration number 300000 (300000 micro) of simulation 1
  ------------------------------------------------------------
  The GCMC Stats:
    Species Name: N2    Pressure: 429.40 kPa
      INSERT (BINSERT)          Acc. Ratio: 0.518   (38970 of 75222)  
      DELETE (BDELETE)          Acc. Ratio: 0.516   (38944 of 75462)  
      ROTATE (RROTATE)          Acc. Ratio: 0.927   (69224 of 74683)  Max disp:  0.200
      TRANSLATE (RTRANSLATE)    Acc. Ratio: 0.508   (37948 of 74632)  Max disp:  1.565
      Number of Molecules (ins, blk, cum, stdd)  26.00  20.13  22.81   4.54
 
  Macro-iteration number 400000 (400000 micro) of simulation 1
  ------------------------------------------------------------
  The GCMC Stats:
    Species Name: N2    Pressure: 429.40 kPa
      INSERT (BINSERT)          Acc. Ratio: 0.518   (51910 of 100196)  
      DELETE (BDELETE)          Acc. Ratio: 0.515   (51883 of 100743)  
      ROTATE (RROTATE)          Acc. Ratio: 0.927   (92356 of 99653)  Max disp:  0.200
      TRANSLATE (RTRANSLATE)    Acc. Ratio: 0.507   (50417 of 99407)  Max disp:  2.000
      Number of Molecules (ins, blk, cum, stdd)  27.00  22.29  22.84   4.47
 
  Macro-iteration number 500000 (500000 micro) of simulation 1
  ------------------------------------------------------------
  The GCMC Stats:
    Species Name: N2    Pressure: 429.40 kPa
      INSERT (BINSERT)          Acc. Ratio: 0.518   (64923 of 125248)  
      DELETE (BDELETE)          Acc. Ratio: 0.516   (64900 of 125829)  
      ROTATE (RROTATE)          Acc. Ratio: 0.927   (115521 of 124652)  Max disp:  0.200
      TRANSLATE (RTRANSLATE)    Acc. Ratio: 0.490   (60892 of 124270)  Max disp:  1.754
      Number of Molecules (ins, blk, cum, stdd)  23.00  24.37  22.91   4.46
 
  Macro-iteration number 600000 (600000 micro) of simulation 1
  ------------------------------------------------------------
  The GCMC Stats:
    Species Name: N2    Pressure: 429.40 kPa
      INSERT (BINSERT)          Acc. Ratio: 0.519   (78055 of 150346)  
      DELETE (BDELETE)          Acc. Ratio: 0.518   (78038 of 150790)  
      ROTATE (RROTATE)          Acc. Ratio: 0.927   (138580 of 149522)  Max disp:  0.200
      TRANSLATE (RTRANSLATE)    Acc. Ratio: 0.496   (74105 of 149341)  Max disp:  1.936
      Number of Molecules (ins, blk, cum, stdd)  17.00  22.50  22.94   4.49
 
  Macro-iteration number 700000 (700000 micro) of simulation 1
  ------------------------------------------------------------
  The GCMC Stats:
    Species Name: N2    Pressure: 429.40 kPa
      INSERT (BINSERT)          Acc. Ratio: 0.519   (90972 of 175346)  
      DELETE (BDELETE)          Acc. Ratio: 0.518   (90957 of 175745)  
      ROTATE (RROTATE)          Acc. Ratio: 0.927   (161689 of 174422)  Max disp:  0.200
      TRANSLATE (RTRANSLATE)    Acc. Ratio: 0.495   (86427 of 174486)  Max disp:  0.944
      Number of Molecules (ins, blk, cum, stdd)  15.00  23.33  22.96   4.52
 
  Macro-iteration number 800000 (800000 micro) of simulation 1
  ------------------------------------------------------------
  The GCMC Stats:
    Species Name: N2    Pressure: 429.40 kPa
      INSERT (BINSERT)          Acc. Ratio: 0.519   (104065 of 200569)  
      DELETE (BDELETE)          Acc. Ratio: 0.519   (104037 of 200507)  
      ROTATE (RROTATE)          Acc. Ratio: 0.927   (184888 of 199434)  Max disp:  0.200
      TRANSLATE (RTRANSLATE)    Acc. Ratio: 0.499   (99625 of 199489)  Max disp:  0.944
      Number of Molecules (ins, blk, cum, stdd)  28.00  25.07  22.97   4.50
 
  Macro-iteration number 900000 (900000 micro) of simulation 1
  ------------------------------------------------------------
  The GCMC Stats:
    Species Name: N2    Pressure: 429.40 kPa
      INSERT (BINSERT)          Acc. Ratio: 0.519   (116978 of 225468)  
      DELETE (BDELETE)          Acc. Ratio: 0.518   (116954 of 225575)  
      ROTATE (RROTATE)          Acc. Ratio: 0.927   (208129 of 224576)  Max disp:  0.200
      TRANSLATE (RTRANSLATE)    Acc. Ratio: 0.503   (112757 of 224380)  Max disp:  0.944
      Number of Molecules (ins, blk, cum, stdd)  24.00  23.31  22.95   4.51
 
  Macro-iteration number 1000000 (1000000 micro) of simulation 1
  ------------------------------------------------------------
  The GCMC Stats:
    Species Name: N2    Pressure: 429.40 kPa
      INSERT (BINSERT)          Acc. Ratio: 0.519   (129985 of 250493)  
      DELETE (BDELETE)          Acc. Ratio: 0.518   (129964 of 250678)  
      ROTATE (RROTATE)          Acc. Ratio: 0.927   (231226 of 249459)  Max disp:  0.200
      TRANSLATE (RTRANSLATE)    Acc. Ratio: 0.506   (126121 of 249369)  Max disp:  0.944
      Number of Molecules (ins, blk, cum, stdd)  21.00  23.60  22.95   4.48
 
 ________ ACTUAL ENERGIES    _____________
    Energy:         -220.771
     Coul:  0.000E+00 0.000E+00
    NCoul: -0.197E+01-0.219E+03
    Intramolecular:    bs       bb      tor       ip      con    total
                      0.00000  0.00000  0.00000  0.00000  0.00000  0.00000  0.00000  0.00000
 
 ________ STORED ENERGIES    _____________
    Energy:         -220.771
     Coul:  0.000E+00 0.000E+00
    NCoul: -0.197E+01-0.219E+03
    Intramolecular:    bs       bb      tor       ip      con    total
                      0.00000  0.00000  0.00000  0.00000  0.00000  0.00000  0.00000  0.00000
 ________ ACTUAL ENERGIES    _____________
    Energy:         -218.802
     Coul:  0.000E+00 0.000E+00
    NCoul: -0.219E+03 0.000E+00
    Intramolecular:    bs       bb      tor       ip      con    total
                      0.00000  0.00000  0.00000  0.00000  0.00000  0.00000  0.00000  0.00000
 
 ________ STORED ENERGIES    _____________
    Energy:         -218.802
     Coul:  0.000E+00 0.000E+00
    NCoul: -0.219E+03 0.000E+00
    Intramolecular:    bs       bb      tor       ip      con    total
                      0.00000  0.00000  0.00000  0.00000  0.00000  0.00000  0.00000  0.00000
------------------------------------------------------------
Ending GCMC simulation number 1    Nrg dev check: 0.426E-11
  N2:  P (kPa): 429.4    loading (molec/uc): 1.913
------------------------------------------------------------
 music.F90 :  297
Main Program   Time: 1.9675 hrs   Number of calls: 1   Time per call: 1.9675 hrs
